Using pre-set license
Built from '2021.3/staging' branch; Version is '2021.3.15f1 (e8e88683f834) revision 15263878'; Using compiler version '192829333'; Build Type 'Release'
OS: 'Windows 10  (10.0.18363) 64bit Professional' Language: 'en' Physical Memory: 32699 MB
BatchMode: 1, IsHumanControllingUs: 0, StartBugReporterOnCrash: 0, Is64bit: 1, IsPro: 1

COMMAND LINE ARGUMENTS:
K:\Unity\Unity Hub\2021.3.15f1\Editor\Unity.exe
-adb2
-batchMode
-noUpm
-name
AssetImportWorker4
-projectPath
K:/GitHub Repositories/uow-ar-vr-class/ARVR_Assignment3
-logFile
Logs/AssetImportWorker4.log
-srvPort
52887
Successfully changed project path to: K:/GitHub Repositories/uow-ar-vr-class/ARVR_Assignment3
K:/GitHub Repositories/uow-ar-vr-class/ARVR_Assignment3
[UnityMemory] Configuration Parameters - Can be set up in boot.config
    "memorysetup-bucket-allocator-granularity=16"
    "memorysetup-bucket-allocator-bucket-count=8"
    "memorysetup-bucket-allocator-block-size=33554432"
    "memorysetup-bucket-allocator-block-count=8"
    "memorysetup-main-allocator-block-size=16777216"
    "memorysetup-thread-allocator-block-size=16777216"
    "memorysetup-gfx-main-allocator-block-size=16777216"
    "memorysetup-gfx-thread-allocator-block-size=16777216"
    "memorysetup-cache-allocator-block-size=4194304"
    "memorysetup-typetree-allocator-block-size=2097152"
    "memorysetup-profiler-bucket-allocator-granularity=16"
    "memorysetup-profiler-bucket-allocator-bucket-count=8"
    "memorysetup-profiler-bucket-allocator-block-size=33554432"
    "memorysetup-profiler-bucket-allocator-block-count=8"
    "memorysetup-profiler-allocator-block-size=16777216"
    "memorysetup-profiler-editor-allocator-block-size=1048576"
    "memorysetup-temp-allocator-size-main=16777216"
    "memorysetup-job-temp-allocator-block-size=2097152"
    "memorysetup-job-temp-allocator-block-size-background=1048576"
    "memorysetup-job-temp-allocator-reduction-small-platforms=262144"
    "memorysetup-temp-allocator-size-background-worker=32768"
    "memorysetup-temp-allocator-size-job-worker=262144"
    "memorysetup-temp-allocator-size-preload-manager=33554432"
    "memorysetup-temp-allocator-size-nav-mesh-worker=65536"
    "memorysetup-temp-allocator-size-audio-worker=65536"
    "memorysetup-temp-allocator-size-cloud-worker=32768"
    "memorysetup-temp-allocator-size-gi-baking-worker=262144"
    "memorysetup-temp-allocator-size-gfx=262144"
Player connection [32104] Host "[IP] 192.168.56.1 [Port] 0 [Flags] 2 [Guid] 2973157311 [EditorId] 2973157311 [Version] 1048832 [Id] WindowsEditor(7,DESKTOP-6QALVEK) [Debug] 1 [PackageName] WindowsEditor [ProjectName] Editor" joined multi-casting on [225.0.0.222:54997]...

Player connection [32104] Host "[IP] 192.168.56.1 [Port] 0 [Flags] 2 [Guid] 2973157311 [EditorId] 2973157311 [Version] 1048832 [Id] WindowsEditor(7,DESKTOP-6QALVEK) [Debug] 1 [PackageName] WindowsEditor [ProjectName] Editor" joined alternative multi-casting on [225.0.0.222:34997]...

Refreshing native plugins compatible for Editor in 121.00 ms, found 9 plugins.
Preloading 0 native plugins for Editor in 0.00 ms.
Initialize engine version: 2021.3.15f1 (e8e88683f834)
[Subsystems] Discovering subsystems at path K:/Unity/Unity Hub/2021.3.15f1/Editor/Data/Resources/UnitySubsystems
[Subsystems] Discovering subsystems at path K:/GitHub Repositories/uow-ar-vr-class/ARVR_Assignment3/Assets
GfxDevice: creating device client; threaded=0; jobified=0
Direct3D:
    Version:  Direct3D 11.0 [level 11.1]
    Renderer: NVIDIA GeForce RTX 2070 (ID=0x1f02)
    Vendor:   NVIDIA
    VRAM:     8019 MB
    Driver:   31.0.15.3141
Initialize mono
Mono path[0] = 'K:/Unity/Unity Hub/2021.3.15f1/Editor/Data/Managed'
Mono path[1] = 'K:/Unity/Unity Hub/2021.3.15f1/Editor/Data/MonoBleedingEdge/lib/mono/unityjit-win32'
Mono config path = 'K:/Unity/Unity Hub/2021.3.15f1/Editor/Data/MonoBleedingEdge/etc'
Using monoOptions --debugger-agent=transport=dt_socket,embedding=1,server=y,suspend=n,address=127.0.0.1:56020
Begin MonoManager ReloadAssembly
Registering precompiled unity dll's ...
Register platform support module: K:/Unity/Unity Hub/2021.3.15f1/Editor/Data/PlaybackEngines/WindowsStandaloneSupport/UnityEditor.WindowsStandalone.Extensions.dll
Register platform support module: K:/Unity/Unity Hub/2021.3.15f1/Editor/Data/PlaybackEngines/MetroSupport/UnityEditor.UWP.Extensions.dll
Registered in 0.002402 seconds.
Native extension for UWP target not found
Native extension for WindowsStandalone target not found
Refreshing native plugins compatible for Editor in 116.28 ms, found 9 plugins.
Preloading 0 native plugins for Editor in 0.00 ms.
Mono: successfully reloaded assembly
- Completed reload, in  0.708 seconds
Domain Reload Profiling:
	ReloadAssembly (708ms)
		BeginReloadAssembly (77ms)
			ExecutionOrderSort (0ms)
			DisableScriptedObjects (0ms)
			BackupInstance (0ms)
			ReleaseScriptingObjects (0ms)
			CreateAndSetChildDomain (1ms)
		EndReloadAssembly (527ms)
			LoadAssemblies (76ms)
			RebuildTransferFunctionScriptingTraits (0ms)
			SetupTypeCache (126ms)
			ReleaseScriptCaches (0ms)
			RebuildScriptCaches (31ms)
			SetupLoadedEditorAssemblies (305ms)
				LogAssemblyErrors (0ms)
				InitializePlatformSupportModulesInManaged (7ms)
				SetLoadedEditorAssemblies (0ms)
				RefreshPlugins (116ms)
				BeforeProcessingInitializeOnLoad (1ms)
				ProcessInitializeOnLoadAttributes (134ms)
				ProcessInitializeOnLoadMethodAttributes (46ms)
				AfterProcessingInitializeOnLoad (0ms)
				EditorAssembliesLoaded (0ms)
			ExecutionOrderSort2 (0ms)
			AwakeInstancesAfterBackupRestoration (0ms)
Platform modules already initialized, skipping
Registering precompiled user dll's ...
Registered in 0.006326 seconds.
Begin MonoManager ReloadAssembly
Symbol file LoadedFromMemory doesn't match image K:\GitHub Repositories\uow-ar-vr-class\ARVR_Assignment3\Library\PackageCache\com.unity.visualscripting@1.7.8\Editor\VisualScripting.Core\Dependencies\DotNetZip\Unity.VisualScripting.IonicZip.dll
Symbol file LoadedFromMemory doesn't match image K:\GitHub Repositories\uow-ar-vr-class\ARVR_Assignment3\Library\PackageCache\com.unity.visualscripting@1.7.8\Editor\VisualScripting.Core\Dependencies\YamlDotNet\Unity.VisualScripting.YamlDotNet.dll
Native extension for UWP target not found
Native extension for WindowsStandalone target not found
Refreshing native plugins compatible for Editor in 123.38 ms, found 9 plugins.
Preloading 0 native plugins for Editor in 0.00 ms.
Package Manager log level set to [2]
Mono: successfully reloaded assembly
- Completed reload, in  1.498 seconds
Domain Reload Profiling:
	ReloadAssembly (1499ms)
		BeginReloadAssembly (99ms)
			ExecutionOrderSort (0ms)
			DisableScriptedObjects (6ms)
			BackupInstance (0ms)
			ReleaseScriptingObjects (0ms)
			CreateAndSetChildDomain (18ms)
		EndReloadAssembly (1285ms)
			LoadAssemblies (82ms)
			RebuildTransferFunctionScriptingTraits (0ms)
			SetupTypeCache (328ms)
			ReleaseScriptCaches (2ms)
			RebuildScriptCaches (84ms)
			SetupLoadedEditorAssemblies (722ms)
				LogAssemblyErrors (0ms)
				InitializePlatformSupportModulesInManaged (4ms)
				SetLoadedEditorAssemblies (0ms)
				RefreshPlugins (123ms)
				BeforeProcessingInitializeOnLoad (116ms)
				ProcessInitializeOnLoadAttributes (346ms)
				ProcessInitializeOnLoadMethodAttributes (129ms)
				AfterProcessingInitializeOnLoad (3ms)
				EditorAssembliesLoaded (0ms)
			ExecutionOrderSort2 (0ms)
			AwakeInstancesAfterBackupRestoration (10ms)
Platform modules already initialized, skipping
========================================================================
Worker process is ready to serve import requests
Launched and connected shader compiler UnityShaderCompiler.exe after 0.05 seconds
Refreshing native plugins compatible for Editor in 1.05 ms, found 9 plugins.
Preloading 0 native plugins for Editor in 0.00 ms.
Unloading 5906 Unused Serialized files (Serialized files now loaded: 0)
Unloading 60 unused Assets / (0.7 MB). Loaded Objects now: 6340.
Memory consumption went from 229.9 MB to 229.2 MB.
Total: 4.659400 ms (FindLiveObjects: 0.481400 ms CreateObjectMapping: 0.520300 ms MarkObjects: 3.354200 ms  DeleteObjects: 0.302400 ms)

AssetImportParameters requested are different than current active one (requested -> active):
  custom:video-decoder-ogg-theora: a1e56fd34408186e4bbccfd4996cb3dc -> 
  custom:container-muxer-webm: aa71ff27fc2769a1b78a27578f13a17b -> 
  custom:container-demuxer-webm: 4f35f7cbe854078d1ac9338744f61a02 -> 
  custom:video-encoder-webm-vp8: eb34c28f22e8b96e1ab97ce403110664 -> 
  custom:audio-encoder-webm-vorbis: bf7c407c2cedff20999df2af8eb42d56 -> 
  custom:framework-win-MediaFoundation: 216162199b28c13a410421893ffa2e32 -> 
  custom:container-demuxer-ogg: 62fdf1f143b41e24485cea50d1cbac27 -> 
  custom:video-decoder-webm-vp8: 9c59270c3fd7afecdb556c50c9e8de78 -> 
  custom:audio-decoder-ogg-vorbis: bf7c407c2cedff20999df2af8eb42d56 -> 
========================================================================
Received Import Request.
  Time since last request: 4207.526040 seconds.
  path: Assets/_Course Library/_Prefabs/Hooks/Hook_Modern.prefab
  artifactKey: Guid(9c50d789c0c63e14f8e1f1447e1132bc) Importer(815301076,1909f56bfc062723c751e8b465ee728b)
Start importing Assets/_Course Library/_Prefabs/Hooks/Hook_Modern.prefab using Guid(9c50d789c0c63e14f8e1f1447e1132bc) Importer(815301076,1909f56bfc062723c751e8b465ee728b)  -> (artifact id: 'b8ecd843c8c99396d7718280fc733029') in 0.281870 seconds 
========================================================================
Received Import Request.
  Time since last request: 0.334805 seconds.
  path: Assets/_Course Library/_Prefabs/Environments/Background_Buildings.prefab
  artifactKey: Guid(4e12f80178b8d6e47a7b602b9e2f58fb) Importer(815301076,1909f56bfc062723c751e8b465ee728b)
Start importing Assets/_Course Library/_Prefabs/Environments/Background_Buildings.prefab using Guid(4e12f80178b8d6e47a7b602b9e2f58fb) Importer(815301076,1909f56bfc062723c751e8b465ee728b)  -> (artifact id: '3b10925ad46ed30adfb5df7f27060b4c') in 0.009601 seconds 
========================================================================
Received Import Request.
  Time since last request: 0.000028 seconds.
  path: Assets/_Course Library/_Prefabs/Environments/Foreground_Hills.prefab
  artifactKey: Guid(445506bfe97f74618aa3dac2a010ced3) Importer(815301076,1909f56bfc062723c751e8b465ee728b)
Start importing Assets/_Course Library/_Prefabs/Environments/Foreground_Hills.prefab using Guid(445506bfe97f74618aa3dac2a010ced3) Importer(815301076,1909f56bfc062723c751e8b465ee728b)  -> (artifact id: '76d46fbabd99463f492107c74c185133') in 0.054334 seconds 
========================================================================
Received Import Request.
  Time since last request: 5.553368 seconds.
  path: Assets/_Course Library/_Prefabs/Objects/Sports/Baseball_Ball.prefab
  artifactKey: Guid(093d994e44bd73043850362e6d954a7e) Importer(815301076,1909f56bfc062723c751e8b465ee728b)
Start importing Assets/_Course Library/_Prefabs/Objects/Sports/Baseball_Ball.prefab using Guid(093d994e44bd73043850362e6d954a7e) Importer(815301076,1909f56bfc062723c751e8b465ee728b)  -> (artifact id: '63f5f48e7290472f3d3230601fb95ad2') in 0.036978 seconds 
========================================================================
Received Import Request.
  Time since last request: 0.000026 seconds.
  path: Assets/_Course Library/_Prefabs/Objects/Sports/Cricket_Bat_Green.prefab
  artifactKey: Guid(bf9d8472e621dc14cbc8dd8dfea844f7) Importer(815301076,1909f56bfc062723c751e8b465ee728b)
Start importing Assets/_Course Library/_Prefabs/Objects/Sports/Cricket_Bat_Green.prefab using Guid(bf9d8472e621dc14cbc8dd8dfea844f7) Importer(815301076,1909f56bfc062723c751e8b465ee728b)  -> (artifact id: '2041b71314ebeffcd96b70b9fd272c0b') in 0.019378 seconds 
========================================================================
Received Import Request.
  Time since last request: 0.003126 seconds.
  path: Assets/_Course Library/_Prefabs/Objects/Sports/PingPong_Paddle_Red.prefab
  artifactKey: Guid(c8f3c4914ed09be4999d3eb1e3a7b5f5) Importer(815301076,1909f56bfc062723c751e8b465ee728b)
Start importing Assets/_Course Library/_Prefabs/Objects/Sports/PingPong_Paddle_Red.prefab using Guid(c8f3c4914ed09be4999d3eb1e3a7b5f5) Importer(815301076,1909f56bfc062723c751e8b465ee728b)  -> (artifact id: '108371819e50ad9bc74fbfa6a5e3a8b9') in 0.019540 seconds 
========================================================================
Received Import Request.
  Time since last request: 0.000020 seconds.
  path: Assets/_Course Library/_Prefabs/Objects/Sports/Tennis_Ball_BlueRed.prefab
  artifactKey: Guid(fa28b352862d5cd4bb3513f56942579a) Importer(815301076,1909f56bfc062723c751e8b465ee728b)
Start importing Assets/_Course Library/_Prefabs/Objects/Sports/Tennis_Ball_BlueRed.prefab using Guid(fa28b352862d5cd4bb3513f56942579a) Importer(815301076,1909f56bfc062723c751e8b465ee728b)  -> (artifact id: 'fa64b2d615cb6e20efbf5a3663e5216b') in 0.020874 seconds 
========================================================================
Received Import Request.
  Time since last request: 1.487310 seconds.
  path: Assets/_Course Library/_Prefabs/Objects/Miscellaneous/Lighter_Candle_Blue.prefab
  artifactKey: Guid(b260445a5b0da4bbba6645bba66a124f) Importer(815301076,1909f56bfc062723c751e8b465ee728b)
Start importing Assets/_Course Library/_Prefabs/Objects/Miscellaneous/Lighter_Candle_Blue.prefab using Guid(b260445a5b0da4bbba6645bba66a124f) Importer(815301076,1909f56bfc062723c751e8b465ee728b)  -> (artifact id: '4c25ebfc37446e89cb2eeceb78690d02') in 0.034175 seconds 
========================================================================
Received Import Request.
  Time since last request: 9.631284 seconds.
  path: Assets/_Course Library/_Prefabs/Objects/Light Sources/Lightsource_Flashlight_Blue.prefab
  artifactKey: Guid(502b096f021ed2b4ab6f727dbd9378b3) Importer(815301076,1909f56bfc062723c751e8b465ee728b)
Start importing Assets/_Course Library/_Prefabs/Objects/Light Sources/Lightsource_Flashlight_Blue.prefab using Guid(502b096f021ed2b4ab6f727dbd9378b3) Importer(815301076,1909f56bfc062723c751e8b465ee728b)  -> (artifact id: 'd3b856984f0f66885c1329166e70923e') in 0.027870 seconds 
========================================================================
Received Import Request.
  Time since last request: 3.460202 seconds.
  path: Assets/_Course Library/_Prefabs/Objects/Launchers/Launcher_DartGun.prefab
  artifactKey: Guid(c7826a319a7803941adc8f0a090f1f38) Importer(815301076,1909f56bfc062723c751e8b465ee728b)
Start importing Assets/_Course Library/_Prefabs/Objects/Launchers/Launcher_DartGun.prefab using Guid(c7826a319a7803941adc8f0a090f1f38) Importer(815301076,1909f56bfc062723c751e8b465ee728b)  -> (artifact id: '5c0a8db82d973f3d7c5bfa1bcfd60345') in 0.046697 seconds 
========================================================================
Received Import Request.
  Time since last request: 0.001146 seconds.
  path: Assets/_Course Library/_Prefabs/Objects/Launchers/Projectile_Staple.prefab
  artifactKey: Guid(0d0c8b3ffc832f7458ea9323120c2032) Importer(815301076,1909f56bfc062723c751e8b465ee728b)
Start importing Assets/_Course Library/_Prefabs/Objects/Launchers/Projectile_Staple.prefab using Guid(0d0c8b3ffc832f7458ea9323120c2032) Importer(815301076,1909f56bfc062723c751e8b465ee728b)  -> (artifact id: '68110ebac4d36c0d55d6a20cc8ded545') in 0.029227 seconds 
========================================================================
Received Import Request.
  Time since last request: 4.739348 seconds.
  path: Assets/_Course Library/_Prefabs/Objects/Hats/Hat_Cap.prefab
  artifactKey: Guid(ada41267943a79c4286b35bd7172eff3) Importer(815301076,1909f56bfc062723c751e8b465ee728b)
Start importing Assets/_Course Library/_Prefabs/Objects/Hats/Hat_Cap.prefab using Guid(ada41267943a79c4286b35bd7172eff3) Importer(815301076,1909f56bfc062723c751e8b465ee728b)  -> (artifact id: 'c7c4fdc50b39c4e80efbe200b32547d9') in 0.028026 seconds 
========================================================================
Received Import Request.
  Time since last request: 0.000027 seconds.
  path: Assets/_Course Library/_Prefabs/Objects/Hats/Hat_Straw.prefab
  artifactKey: Guid(e47d1d603e6f7de498727aba1230cd7d) Importer(815301076,1909f56bfc062723c751e8b465ee728b)
Start importing Assets/_Course Library/_Prefabs/Objects/Hats/Hat_Straw.prefab using Guid(e47d1d603e6f7de498727aba1230cd7d) Importer(815301076,1909f56bfc062723c751e8b465ee728b)  -> (artifact id: '010168fd999a993a123c0385e4b8a013') in 0.012079 seconds 
========================================================================
Received Import Request.
  Time since last request: 0.000022 seconds.
  path: Assets/_Course Library/_Prefabs/Objects/Hats/Hat_Top.prefab
  artifactKey: Guid(e636f9595e23302488ae2257b902e05e) Importer(815301076,1909f56bfc062723c751e8b465ee728b)
Start importing Assets/_Course Library/_Prefabs/Objects/Hats/Hat_Top.prefab using Guid(e636f9595e23302488ae2257b902e05e) Importer(815301076,1909f56bfc062723c751e8b465ee728b)  -> (artifact id: '14a02e8c89b2bac5fa2052c06b85d7d0') in 0.012116 seconds 
========================================================================
Received Import Request.
  Time since last request: 42.158306 seconds.
  path: Assets/_Course Library/_Prefabs/Objects/Notebooks/Notebook_Brown.prefab
  artifactKey: Guid(0598faac6c7f62f4f92b2f771f20ca2d) Importer(815301076,1909f56bfc062723c751e8b465ee728b)
Start importing Assets/_Course Library/_Prefabs/Objects/Notebooks/Notebook_Brown.prefab using Guid(0598faac6c7f62f4f92b2f771f20ca2d) Importer(815301076,1909f56bfc062723c751e8b465ee728b)  -> (artifact id: '549daa168b71a55a387b55b5052cf22b') in 0.041241 seconds 
========================================================================
Received Import Request.
  Time since last request: 4.805528 seconds.
  path: Assets/_Course Library/_Prefabs/Art/Art_Painting_Birds.prefab
  artifactKey: Guid(2cdc705002a6a784580137dd120e64e7) Importer(815301076,1909f56bfc062723c751e8b465ee728b)
Start importing Assets/_Course Library/_Prefabs/Art/Art_Painting_Birds.prefab using Guid(2cdc705002a6a784580137dd120e64e7) Importer(815301076,1909f56bfc062723c751e8b465ee728b)  -> (artifact id: 'f3b6cbaea7d67cb845174a67e16f97a4') in 0.045254 seconds 
========================================================================
Received Import Request.
  Time since last request: 0.000031 seconds.
  path: Assets/_Course Library/_Prefabs/Art/Art_Painting_Swan.prefab
  artifactKey: Guid(a3e93e0121486e340ac0796260e744ab) Importer(815301076,1909f56bfc062723c751e8b465ee728b)
Start importing Assets/_Course Library/_Prefabs/Art/Art_Painting_Swan.prefab using Guid(a3e93e0121486e340ac0796260e744ab) Importer(815301076,1909f56bfc062723c751e8b465ee728b)  -> (artifact id: 'fe7e64b108e0bec4de141064b81202f6') in 0.024224 seconds 
========================================================================
Received Import Request.
  Time since last request: 381.515975 seconds.
  path: Assets/_Course Library/Source Files/Models/Speaker_RecordPlayer.fbx
  artifactKey: Guid(f421bf55cae3aa8488d771ccf269bca2) Importer(815301076,1909f56bfc062723c751e8b465ee728b)
Start importing Assets/_Course Library/Source Files/Models/Speaker_RecordPlayer.fbx using Guid(f421bf55cae3aa8488d771ccf269bca2) Importer(815301076,1909f56bfc062723c751e8b465ee728b)  -> (artifact id: 'ccf473d482dcfeefcda6a572c1e93ae4') in 0.365675 seconds 
========================================================================
Received Import Request.
  Time since last request: 0.000038 seconds.
  path: Assets/_Course Library/_Prefabs/Objects/Speakers/Speaker_RecordPlayer_Record_Red.prefab
  artifactKey: Guid(1af25b8b5da9b46a08e6afc037ce95de) Importer(815301076,1909f56bfc062723c751e8b465ee728b)
Start importing Assets/_Course Library/_Prefabs/Objects/Speakers/Speaker_RecordPlayer_Record_Red.prefab using Guid(1af25b8b5da9b46a08e6afc037ce95de) Importer(815301076,1909f56bfc062723c751e8b465ee728b)  -> (artifact id: 'a88775338f5eaa3b105a2caf4cc53f7d') in 0.013652 seconds 
========================================================================
Received Import Request.
  Time since last request: 0.000037 seconds.
  path: Assets/_Course Library/_Prefabs/Objects/Speakers/Speaker_RecordPlayer_Record_Blue.prefab
  artifactKey: Guid(ffd6621e3d79f406c811fc4d62cbd2e4) Importer(815301076,1909f56bfc062723c751e8b465ee728b)
Start importing Assets/_Course Library/_Prefabs/Objects/Speakers/Speaker_RecordPlayer_Record_Blue.prefab using Guid(ffd6621e3d79f406c811fc4d62cbd2e4) Importer(815301076,1909f56bfc062723c751e8b465ee728b)  -> (artifact id: '053e7fa025a984f52df5e110de360d2b') in 0.012004 seconds 
Editor requested this worker to shutdown with reason: Scaling down because of idle timeout
AssetImportWorker is now disconnected from the server
Process exiting
Exiting without the bug reporter. Application will terminate with return code 0