Using pre-set license
Built from '2021.3/staging' branch; Version is '2021.3.15f1 (e8e88683f834) revision 15263878'; Using compiler version '192829333'; Build Type 'Release'
OS: 'Windows 10  (10.0.19044) 64bit CoreSingleLanguage' Language: 'en' Physical Memory: 16235 MB
BatchMode: 1, IsHumanControllingUs: 0, StartBugReporterOnCrash: 0, Is64bit: 1, IsPro: 1

COMMAND LINE ARGUMENTS:
D:\Program Files\Programming\Unity Editors\2021.3.15f1\Editor\Unity.exe
-adb2
-batchMode
-noUpm
-name
AssetImportWorker0
-projectPath
D:/Programming/GitHub Repositories/uow-ar-vr-class/VR Room
-logFile
Logs/AssetImportWorker0.log
-srvPort
53543
Successfully changed project path to: D:/Programming/GitHub Repositories/uow-ar-vr-class/VR Room
D:/Programming/GitHub Repositories/uow-ar-vr-class/VR Room
[UnityMemory] Configuration Parameters - Can be set up in boot.config
    "memorysetup-bucket-allocator-granularity=16"
    "memorysetup-bucket-allocator-bucket-count=8"
    "memorysetup-bucket-allocator-block-size=33554432"
    "memorysetup-bucket-allocator-block-count=8"
    "memorysetup-main-allocator-block-size=16777216"
    "memorysetup-thread-allocator-block-size=16777216"
    "memorysetup-gfx-main-allocator-block-size=16777216"
    "memorysetup-gfx-thread-allocator-block-size=16777216"
    "memorysetup-cache-allocator-block-size=4194304"
    "memorysetup-typetree-allocator-block-size=2097152"
    "memorysetup-profiler-bucket-allocator-granularity=16"
    "memorysetup-profiler-bucket-allocator-bucket-count=8"
    "memorysetup-profiler-bucket-allocator-block-size=33554432"
    "memorysetup-profiler-bucket-allocator-block-count=8"
    "memorysetup-profiler-allocator-block-size=16777216"
    "memorysetup-profiler-editor-allocator-block-size=1048576"
    "memorysetup-temp-allocator-size-main=16777216"
    "memorysetup-job-temp-allocator-block-size=2097152"
    "memorysetup-job-temp-allocator-block-size-background=1048576"
    "memorysetup-job-temp-allocator-reduction-small-platforms=262144"
    "memorysetup-temp-allocator-size-background-worker=32768"
    "memorysetup-temp-allocator-size-job-worker=262144"
    "memorysetup-temp-allocator-size-preload-manager=33554432"
    "memorysetup-temp-allocator-size-nav-mesh-worker=65536"
    "memorysetup-temp-allocator-size-audio-worker=65536"
    "memorysetup-temp-allocator-size-cloud-worker=32768"
    "memorysetup-temp-allocator-size-gi-baking-worker=262144"
    "memorysetup-temp-allocator-size-gfx=262144"
Player connection [2448] Host "[IP] 10.5.0.2 [Port] 0 [Flags] 2 [Guid] 2865686739 [EditorId] 2865686739 [Version] 1048832 [Id] WindowsEditor(7,LAPTOP-3K3CTOI6) [Debug] 1 [PackageName] WindowsEditor [ProjectName] Editor" joined multi-casting on [225.0.0.222:54997]...

Player connection [2448] Host "[IP] 10.5.0.2 [Port] 0 [Flags] 2 [Guid] 2865686739 [EditorId] 2865686739 [Version] 1048832 [Id] WindowsEditor(7,LAPTOP-3K3CTOI6) [Debug] 1 [PackageName] WindowsEditor [ProjectName] Editor" joined alternative multi-casting on [225.0.0.222:34997]...

Refreshing native plugins compatible for Editor in 127.92 ms, found 9 plugins.
Preloading 0 native plugins for Editor in 0.00 ms.
Initialize engine version: 2021.3.15f1 (e8e88683f834)
[Subsystems] Discovering subsystems at path D:/Program Files/Programming/Unity Editors/2021.3.15f1/Editor/Data/Resources/UnitySubsystems
[Subsystems] Discovering subsystems at path D:/Programming/GitHub Repositories/uow-ar-vr-class/VR Room/Assets
GfxDevice: creating device client; threaded=0; jobified=0
Direct3D:
    Version:  Direct3D 11.0 [level 11.1]
    Renderer: NVIDIA GeForce GTX 1060 (ID=0x1c20)
    Vendor:   NVIDIA
    VRAM:     6043 MB
    Driver:   31.0.15.2824
Initialize mono
Mono path[0] = 'D:/Program Files/Programming/Unity Editors/2021.3.15f1/Editor/Data/Managed'
Mono path[1] = 'D:/Program Files/Programming/Unity Editors/2021.3.15f1/Editor/Data/MonoBleedingEdge/lib/mono/unityjit-win32'
Mono config path = 'D:/Program Files/Programming/Unity Editors/2021.3.15f1/Editor/Data/MonoBleedingEdge/etc'
Using monoOptions --debugger-agent=transport=dt_socket,embedding=1,server=y,suspend=n,address=127.0.0.1:56852
Begin MonoManager ReloadAssembly
Registering precompiled unity dll's ...
Register platform support module: D:/Program Files/Programming/Unity Editors/2021.3.15f1/Editor/Data/PlaybackEngines/AndroidPlayer/UnityEditor.Android.Extensions.dll
Register platform support module: D:/Program Files/Programming/Unity Editors/2021.3.15f1/Editor/Data/PlaybackEngines/iOSSupport/UnityEditor.iOS.Extensions.dll
Register platform support module: D:/Program Files/Programming/Unity Editors/2021.3.15f1/Editor/Data/PlaybackEngines/WindowsStandaloneSupport/UnityEditor.WindowsStandalone.Extensions.dll
Register platform support module: D:/Program Files/Programming/Unity Editors/2021.3.15f1/Editor/Data/PlaybackEngines/MetroSupport/UnityEditor.UWP.Extensions.dll
Registered in 0.005640 seconds.
Native extension for UWP target not found
Native extension for WindowsStandalone target not found
[usbmuxd] Start listen thread
[usbmuxd] Listen thread started
Native extension for iOS target not found
Native extension for Android target not found
Refreshing native plugins compatible for Editor in 117.27 ms, found 9 plugins.
Preloading 0 native plugins for Editor in 0.00 ms.
Mono: successfully reloaded assembly
- Completed reload, in  0.742 seconds
Domain Reload Profiling:
	ReloadAssembly (745ms)
		BeginReloadAssembly (73ms)
			ExecutionOrderSort (0ms)
			DisableScriptedObjects (0ms)
			BackupInstance (0ms)
			ReleaseScriptingObjects (0ms)
			CreateAndSetChildDomain (1ms)
		EndReloadAssembly (561ms)
			LoadAssemblies (72ms)
			RebuildTransferFunctionScriptingTraits (0ms)
			SetupTypeCache (126ms)
			ReleaseScriptCaches (0ms)
			RebuildScriptCaches (35ms)
			SetupLoadedEditorAssemblies (338ms)
				LogAssemblyErrors (0ms)
				InitializePlatformSupportModulesInManaged (65ms)
				SetLoadedEditorAssemblies (0ms)
				RefreshPlugins (117ms)
				BeforeProcessingInitializeOnLoad (1ms)
				ProcessInitializeOnLoadAttributes (99ms)
				ProcessInitializeOnLoadMethodAttributes (55ms)
				AfterProcessingInitializeOnLoad (0ms)
				EditorAssembliesLoaded (0ms)
			ExecutionOrderSort2 (0ms)
			AwakeInstancesAfterBackupRestoration (0ms)
Platform modules already initialized, skipping
Registering precompiled user dll's ...
Registered in 0.008172 seconds.
Begin MonoManager ReloadAssembly
Symbol file LoadedFromMemory doesn't match image D:\Programming\GitHub Repositories\uow-ar-vr-class\VR Room\Library\PackageCache\com.unity.visualscripting@1.7.8\Editor\VisualScripting.Core\Dependencies\DotNetZip\Unity.VisualScripting.IonicZip.dll
Symbol file LoadedFromMemory doesn't match image D:\Programming\GitHub Repositories\uow-ar-vr-class\VR Room\Library\PackageCache\com.unity.visualscripting@1.7.8\Editor\VisualScripting.Core\Dependencies\YamlDotNet\Unity.VisualScripting.YamlDotNet.dll
Native extension for UWP target not found
Native extension for WindowsStandalone target not found
Native extension for iOS target not found
Native extension for Android target not found
Refreshing native plugins compatible for Editor in 126.15 ms, found 9 plugins.
Preloading 0 native plugins for Editor in 0.00 ms.
Package Manager log level set to [2]
Mono: successfully reloaded assembly
- Completed reload, in  1.725 seconds
Domain Reload Profiling:
	ReloadAssembly (1726ms)
		BeginReloadAssembly (246ms)
			ExecutionOrderSort (0ms)
			DisableScriptedObjects (6ms)
			BackupInstance (0ms)
			ReleaseScriptingObjects (0ms)
			CreateAndSetChildDomain (140ms)
		EndReloadAssembly (1353ms)
			LoadAssemblies (118ms)
			RebuildTransferFunctionScriptingTraits (0ms)
			SetupTypeCache (364ms)
			ReleaseScriptCaches (1ms)
			RebuildScriptCaches (82ms)
			SetupLoadedEditorAssemblies (750ms)
				LogAssemblyErrors (0ms)
				InitializePlatformSupportModulesInManaged (22ms)
				SetLoadedEditorAssemblies (0ms)
				RefreshPlugins (126ms)
				BeforeProcessingInitializeOnLoad (135ms)
				ProcessInitializeOnLoadAttributes (371ms)
				ProcessInitializeOnLoadMethodAttributes (91ms)
				AfterProcessingInitializeOnLoad (4ms)
				EditorAssembliesLoaded (0ms)
			ExecutionOrderSort2 (0ms)
			AwakeInstancesAfterBackupRestoration (11ms)
Platform modules already initialized, skipping
========================================================================
Worker process is ready to serve import requests
Launched and connected shader compiler UnityShaderCompiler.exe after 0.06 seconds
Refreshing native plugins compatible for Editor in 2.32 ms, found 9 plugins.
Preloading 0 native plugins for Editor in 0.00 ms.
Unloading 5893 Unused Serialized files (Serialized files now loaded: 0)
Unloading 60 unused Assets / (0.7 MB). Loaded Objects now: 6326.
Memory consumption went from 227.2 MB to 226.5 MB.
Total: 4.884500 ms (FindLiveObjects: 0.528500 ms CreateObjectMapping: 0.531600 ms MarkObjects: 3.462500 ms  DeleteObjects: 0.360800 ms)

AssetImportParameters requested are different than current active one (requested -> active):
  custom:video-decoder-ogg-theora: a1e56fd34408186e4bbccfd4996cb3dc -> 
  custom:container-muxer-webm: aa71ff27fc2769a1b78a27578f13a17b -> 
  custom:container-demuxer-webm: 4f35f7cbe854078d1ac9338744f61a02 -> 
  custom:video-encoder-webm-vp8: eb34c28f22e8b96e1ab97ce403110664 -> 
  custom:video-codec-MediaFoundation-h265: 746d11721c4dcdbdad8f713fa42b33f4 -> 
  custom:audio-encoder-webm-vorbis: bf7c407c2cedff20999df2af8eb42d56 -> 
  custom:framework-win-MediaFoundation: 216162199b28c13a410421893ffa2e32 -> 
  custom:container-demuxer-ogg: 62fdf1f143b41e24485cea50d1cbac27 -> 
  custom:video-decoder-webm-vp8: 9c59270c3fd7afecdb556c50c9e8de78 -> 
  custom:audio-decoder-ogg-vorbis: bf7c407c2cedff20999df2af8eb42d56 -> 
========================================================================
Received Import Request.
  Time since last request: 452787.338686 seconds.
  path: Assets/XR
  artifactKey: Guid(110f9fc7556214bd59fdc9ec989f1cf4) Importer(815301076,1909f56bfc062723c751e8b465ee728b)
Start importing Assets/XR using Guid(110f9fc7556214bd59fdc9ec989f1cf4) Importer(815301076,1909f56bfc062723c751e8b465ee728b)  -> (artifact id: '1cc9ed633648227c1bb769f7d5755e96') in 0.013740 seconds 
========================================================================
Received Import Request.
  Time since last request: 148510.040739 seconds.
  path: Assets/_Course Library
  artifactKey: Guid(2f0c8f35e58184f43abea9ce6ef7891c) Importer(815301076,1909f56bfc062723c751e8b465ee728b)
Start importing Assets/_Course Library using Guid(2f0c8f35e58184f43abea9ce6ef7891c) Importer(815301076,1909f56bfc062723c751e8b465ee728b)  -> (artifact id: 'bb9b94b8dba13ea31c981b3a6806bddf') in 0.380532 seconds 
========================================================================
Received Import Request.
  Time since last request: 3.115832 seconds.
  path: Assets/_Course Library/_Prefabs
  artifactKey: Guid(0251452a4b7afa64ca50d55eea8365e5) Importer(815301076,1909f56bfc062723c751e8b465ee728b)
Start importing Assets/_Course Library/_Prefabs using Guid(0251452a4b7afa64ca50d55eea8365e5) Importer(815301076,1909f56bfc062723c751e8b465ee728b)  -> (artifact id: '1a4ec4446e0f7812272d2fc540a0b029') in 0.121811 seconds 
========================================================================
Received Import Request.
  Time since last request: 17.795744 seconds.
  path: Assets/_Course Library/_Prefabs/Rooms
  artifactKey: Guid(b8c01ec013b52432398ae23013d26672) Importer(815301076,1909f56bfc062723c751e8b465ee728b)
Start importing Assets/_Course Library/_Prefabs/Rooms using Guid(b8c01ec013b52432398ae23013d26672) Importer(815301076,1909f56bfc062723c751e8b465ee728b)  -> (artifact id: '924e357de3c16c7ebd0e205c10e66de6') in 0.090283 seconds 
========================================================================
Received Import Request.
  Time since last request: 0.073072 seconds.
  path: Assets/_Course Library/_Prefabs/Rooms/Room_Rustic.prefab
  artifactKey: Guid(991f7faf3818ce24d854dd90bfceb80b) Importer(815301076,1909f56bfc062723c751e8b465ee728b)
Start importing Assets/_Course Library/_Prefabs/Rooms/Room_Rustic.prefab using Guid(991f7faf3818ce24d854dd90bfceb80b) Importer(815301076,1909f56bfc062723c751e8b465ee728b)  -> (artifact id: '1627d832c853260db07874e5e2d4d546') in 11.361233 seconds 
========================================================================
Received Import Request.
  Time since last request: 9.419178 seconds.
  path: Assets/Scenes/Create-with-VR-Starter-Scene.unity
  artifactKey: Guid(99c9720ab356a0642a771bea13969a05) Importer(815301076,1909f56bfc062723c751e8b465ee728b)
Start importing Assets/Scenes/Create-with-VR-Starter-Scene.unity using Guid(99c9720ab356a0642a771bea13969a05) Importer(815301076,1909f56bfc062723c751e8b465ee728b)  -> (artifact id: 'ca6eaebea3cca4a3c4cd3f1abba524bb') in 0.358007 seconds 
========================================================================
Received Import Request.
  Time since last request: 144.285483 seconds.
  path: Assets/_Course Library/_Prefabs/Environments/Background_Buildings.prefab
  artifactKey: Guid(4e12f80178b8d6e47a7b602b9e2f58fb) Importer(815301076,1909f56bfc062723c751e8b465ee728b)
Start importing Assets/_Course Library/_Prefabs/Environments/Background_Buildings.prefab using Guid(4e12f80178b8d6e47a7b602b9e2f58fb) Importer(815301076,1909f56bfc062723c751e8b465ee728b)  -> (artifact id: 'a8fcdfa700bd0cb299da9a738d93d18c') in 0.401009 seconds 
========================================================================
Received Import Request.
  Time since last request: 0.000041 seconds.
  path: Assets/_Course Library/_Prefabs/Environments/Foreground_Hills.prefab
  artifactKey: Guid(445506bfe97f74618aa3dac2a010ced3) Importer(815301076,1909f56bfc062723c751e8b465ee728b)
Start importing Assets/_Course Library/_Prefabs/Environments/Foreground_Hills.prefab using Guid(445506bfe97f74618aa3dac2a010ced3) Importer(815301076,1909f56bfc062723c751e8b465ee728b)  -> (artifact id: '805574487c51f3e35e8b5f931ff51bc4') in 0.181952 seconds 
========================================================================
Received Import Request.
  Time since last request: 243.347742 seconds.
  path: Assets/Samples
  artifactKey: Guid(b25779aad201c47b09439eb810c7c94a) Importer(815301076,1909f56bfc062723c751e8b465ee728b)
Start importing Assets/Samples using Guid(b25779aad201c47b09439eb810c7c94a) Importer(815301076,1909f56bfc062723c751e8b465ee728b)  -> (artifact id: 'd99b6419da2790289a8330f8c25582b7') in 0.071994 seconds 
========================================================================
Received Import Request.
  Time since last request: 2.601830 seconds.
  path: Assets/Samples/XR Interaction Toolkit
  artifactKey: Guid(97759f863cdea4953b5c2edd2aa1e8dc) Importer(815301076,1909f56bfc062723c751e8b465ee728b)
Start importing Assets/Samples/XR Interaction Toolkit using Guid(97759f863cdea4953b5c2edd2aa1e8dc) Importer(815301076,1909f56bfc062723c751e8b465ee728b)  -> (artifact id: 'bcea1e3149a4358f10f5d7a2b2f6dd58') in 0.004662 seconds 
========================================================================
Received Import Request.
  Time since last request: 1.138361 seconds.
  path: Assets/Samples/XR Interaction Toolkit/2.0.2
  artifactKey: Guid(68a18083fa35b486b90ff551619253e4) Importer(815301076,1909f56bfc062723c751e8b465ee728b)
Start importing Assets/Samples/XR Interaction Toolkit/2.0.2 using Guid(68a18083fa35b486b90ff551619253e4) Importer(815301076,1909f56bfc062723c751e8b465ee728b)  -> (artifact id: '49102b369cd2ecd1de37ac702ef24205') in 0.203639 seconds 
========================================================================
Received Import Request.
  Time since last request: 4.187800 seconds.
  path: Assets/Samples/XR Interaction Toolkit/2.0.2/XR Device Simulator
  artifactKey: Guid(a224625bb4f37457e833cfe18b662eb7) Importer(815301076,1909f56bfc062723c751e8b465ee728b)
Start importing Assets/Samples/XR Interaction Toolkit/2.0.2/XR Device Simulator using Guid(a224625bb4f37457e833cfe18b662eb7) Importer(815301076,1909f56bfc062723c751e8b465ee728b)  -> (artifact id: '10c9028d036cee7b116ff30612a13368') in 0.003487 seconds 
========================================================================
Received Import Request.
  Time since last request: 0.230419 seconds.
  path: Assets/Samples/XR Interaction Toolkit/2.0.2/XR Device Simulator/XR Device Simulator Controls.inputactions
  artifactKey: Guid(da2b439d1a2de5c46a4f428f8cf4fe19) Importer(815301076,1909f56bfc062723c751e8b465ee728b)
Start importing Assets/Samples/XR Interaction Toolkit/2.0.2/XR Device Simulator/XR Device Simulator Controls.inputactions using Guid(da2b439d1a2de5c46a4f428f8cf4fe19) Importer(815301076,1909f56bfc062723c751e8b465ee728b)  -> (artifact id: 'df82bb938861fd5d5e4b160401e3bed3') in 0.972082 seconds 
========================================================================
Received Prepare
Registering precompiled user dll's ...
Registered in 0.010398 seconds.
Begin MonoManager ReloadAssembly
Symbol file LoadedFromMemory doesn't match image D:\Programming\GitHub Repositories\uow-ar-vr-class\VR Room\Library\PackageCache\com.unity.visualscripting@1.7.8\Editor\VisualScripting.Core\Dependencies\DotNetZip\Unity.VisualScripting.IonicZip.dll
Symbol file LoadedFromMemory doesn't match image D:\Programming\GitHub Repositories\uow-ar-vr-class\VR Room\Library\PackageCache\com.unity.visualscripting@1.7.8\Editor\VisualScripting.Core\Dependencies\YamlDotNet\Unity.VisualScripting.YamlDotNet.dll
Native extension for UWP target not found
Native extension for WindowsStandalone target not found
Native extension for iOS target not found
Native extension for Android target not found
Refreshing native plugins compatible for Editor in 2.00 ms, found 9 plugins.
Preloading 0 native plugins for Editor in 0.00 ms.
Mono: successfully reloaded assembly
- Completed reload, in  2.573 seconds
Domain Reload Profiling:
	ReloadAssembly (2574ms)
		BeginReloadAssembly (307ms)
			ExecutionOrderSort (0ms)
			DisableScriptedObjects (10ms)
			BackupInstance (0ms)
			ReleaseScriptingObjects (0ms)
			CreateAndSetChildDomain (174ms)
		EndReloadAssembly (2126ms)
			LoadAssemblies (146ms)
			RebuildTransferFunctionScriptingTraits (0ms)
			SetupTypeCache (770ms)
			ReleaseScriptCaches (4ms)
			RebuildScriptCaches (92ms)
			SetupLoadedEditorAssemblies (814ms)
				LogAssemblyErrors (0ms)
				InitializePlatformSupportModulesInManaged (47ms)
				SetLoadedEditorAssemblies (1ms)
				RefreshPlugins (2ms)
				BeforeProcessingInitializeOnLoad (117ms)
				ProcessInitializeOnLoadAttributes (514ms)
				ProcessInitializeOnLoadMethodAttributes (127ms)
				AfterProcessingInitializeOnLoad (5ms)
				EditorAssembliesLoaded (0ms)
			ExecutionOrderSort2 (0ms)
			AwakeInstancesAfterBackupRestoration (26ms)
Platform modules already initialized, skipping
Refreshing native plugins compatible for Editor in 18.36 ms, found 9 plugins.
Preloading 0 native plugins for Editor in 0.00 ms.
Unloading 5771 Unused Serialized files (Serialized files now loaded: 0)
Unloading 50 unused Assets / (0.7 MB). Loaded Objects now: 6383.
Memory consumption went from 243.8 MB to 243.1 MB.
Total: 7.190600 ms (FindLiveObjects: 0.697000 ms CreateObjectMapping: 0.869900 ms MarkObjects: 5.165200 ms  DeleteObjects: 0.456700 ms)

AssetImportParameters requested are different than current active one (requested -> active):
  custom:video-decoder-ogg-theora: a1e56fd34408186e4bbccfd4996cb3dc -> 
  custom:container-muxer-webm: aa71ff27fc2769a1b78a27578f13a17b -> 
  custom:container-demuxer-webm: 4f35f7cbe854078d1ac9338744f61a02 -> 
  custom:video-encoder-webm-vp8: eb34c28f22e8b96e1ab97ce403110664 -> 
  custom:video-codec-MediaFoundation-h265: 746d11721c4dcdbdad8f713fa42b33f4 -> 
  custom:audio-encoder-webm-vorbis: bf7c407c2cedff20999df2af8eb42d56 -> 
  custom:framework-win-MediaFoundation: 216162199b28c13a410421893ffa2e32 -> 
  custom:container-demuxer-ogg: 62fdf1f143b41e24485cea50d1cbac27 -> 
  custom:video-decoder-webm-vp8: 9c59270c3fd7afecdb556c50c9e8de78 -> 
  custom:audio-decoder-ogg-vorbis: bf7c407c2cedff20999df2af8eb42d56 -> 
========================================================================
Received Prepare
Registering precompiled user dll's ...
Registered in 0.008337 seconds.
Begin MonoManager ReloadAssembly
Symbol file LoadedFromMemory doesn't match image D:\Programming\GitHub Repositories\uow-ar-vr-class\VR Room\Library\PackageCache\com.unity.visualscripting@1.7.8\Editor\VisualScripting.Core\Dependencies\DotNetZip\Unity.VisualScripting.IonicZip.dll
Symbol file LoadedFromMemory doesn't match image D:\Programming\GitHub Repositories\uow-ar-vr-class\VR Room\Library\PackageCache\com.unity.visualscripting@1.7.8\Editor\VisualScripting.Core\Dependencies\YamlDotNet\Unity.VisualScripting.YamlDotNet.dll
Native extension for UWP target not found
Native extension for WindowsStandalone target not found
Native extension for iOS target not found
Native extension for Android target not found
Refreshing native plugins compatible for Editor in 1.80 ms, found 9 plugins.
Preloading 0 native plugins for Editor in 0.00 ms.
Mono: successfully reloaded assembly
- Completed reload, in  1.525 seconds
Domain Reload Profiling:
	ReloadAssembly (1526ms)
		BeginReloadAssembly (146ms)
			ExecutionOrderSort (0ms)
			DisableScriptedObjects (5ms)
			BackupInstance (0ms)
			ReleaseScriptingObjects (0ms)
			CreateAndSetChildDomain (48ms)
		EndReloadAssembly (1274ms)
			LoadAssemblies (108ms)
			RebuildTransferFunctionScriptingTraits (0ms)
			SetupTypeCache (332ms)
			ReleaseScriptCaches (2ms)
			RebuildScriptCaches (50ms)
			SetupLoadedEditorAssemblies (687ms)
				LogAssemblyErrors (0ms)
				InitializePlatformSupportModulesInManaged (37ms)
				SetLoadedEditorAssemblies (1ms)
				RefreshPlugins (2ms)
				BeforeProcessingInitializeOnLoad (94ms)
				ProcessInitializeOnLoadAttributes (433ms)
				ProcessInitializeOnLoadMethodAttributes (114ms)
				AfterProcessingInitializeOnLoad (6ms)
				EditorAssembliesLoaded (0ms)
			ExecutionOrderSort2 (0ms)
			AwakeInstancesAfterBackupRestoration (25ms)
Platform modules already initialized, skipping
Refreshing native plugins compatible for Editor in 6.93 ms, found 9 plugins.
Preloading 0 native plugins for Editor in 0.00 ms.
Unloading 5772 Unused Serialized files (Serialized files now loaded: 0)
Unloading 50 unused Assets / (0.7 MB). Loaded Objects now: 6387.
Memory consumption went from 243.9 MB to 243.2 MB.
Total: 7.303800 ms (FindLiveObjects: 1.003100 ms CreateObjectMapping: 1.084400 ms MarkObjects: 4.829300 ms  DeleteObjects: 0.379900 ms)

AssetImportParameters requested are different than current active one (requested -> active):
  custom:video-decoder-ogg-theora: a1e56fd34408186e4bbccfd4996cb3dc -> 
  custom:container-muxer-webm: aa71ff27fc2769a1b78a27578f13a17b -> 
  custom:container-demuxer-webm: 4f35f7cbe854078d1ac9338744f61a02 -> 
  custom:video-encoder-webm-vp8: eb34c28f22e8b96e1ab97ce403110664 -> 
  custom:video-codec-MediaFoundation-h265: 746d11721c4dcdbdad8f713fa42b33f4 -> 
  custom:audio-encoder-webm-vorbis: bf7c407c2cedff20999df2af8eb42d56 -> 
  custom:framework-win-MediaFoundation: 216162199b28c13a410421893ffa2e32 -> 
  custom:container-demuxer-ogg: 62fdf1f143b41e24485cea50d1cbac27 -> 
  custom:video-decoder-webm-vp8: 9c59270c3fd7afecdb556c50c9e8de78 -> 
  custom:audio-decoder-ogg-vorbis: bf7c407c2cedff20999df2af8eb42d56 -> 
========================================================================
Received Import Request.
  Time since last request: 509.230043 seconds.
  path: Assets/_Course Library/_Prefabs/Rugs
  artifactKey: Guid(3c4df7fcbe8f540d19e104d70f3c2552) Importer(815301076,1909f56bfc062723c751e8b465ee728b)
Start importing Assets/_Course Library/_Prefabs/Rugs using Guid(3c4df7fcbe8f540d19e104d70f3c2552) Importer(815301076,1909f56bfc062723c751e8b465ee728b)  -> (artifact id: '616e84d0bd279f791cd9c923888be0cc') in 0.011413 seconds 
========================================================================
Received Import Request.
  Time since last request: 0.000026 seconds.
  path: Assets/_Course Library/_Prefabs/Rugs/Mat_Rect_Green.prefab
  artifactKey: Guid(65e1b17be55fde04f921004e190ce003) Importer(815301076,1909f56bfc062723c751e8b465ee728b)
Start importing Assets/_Course Library/_Prefabs/Rugs/Mat_Rect_Green.prefab using Guid(65e1b17be55fde04f921004e190ce003) Importer(815301076,1909f56bfc062723c751e8b465ee728b)  -> (artifact id: 'e9e9027a9198b9fa000d1443ca359cdd') in 0.836329 seconds 
========================================================================
Received Import Request.
  Time since last request: 0.000029 seconds.
  path: Assets/_Course Library/_Prefabs/Rugs/Rug_Oval_Blue.prefab
  artifactKey: Guid(51c07d60274ac13489e2a61ff62c251b) Importer(815301076,1909f56bfc062723c751e8b465ee728b)
Start importing Assets/_Course Library/_Prefabs/Rugs/Rug_Oval_Blue.prefab using Guid(51c07d60274ac13489e2a61ff62c251b) Importer(815301076,1909f56bfc062723c751e8b465ee728b)  -> (artifact id: '8a29c6410af363f7bb16e926c1fe17ea') in 0.155246 seconds 
========================================================================
Received Import Request.
  Time since last request: 0.000029 seconds.
  path: Assets/_Course Library/_Prefabs/Rugs/Rug_Rect_Gray.prefab
  artifactKey: Guid(4fedbc191226c1146a147611e5fc67ac) Importer(815301076,1909f56bfc062723c751e8b465ee728b)
Start importing Assets/_Course Library/_Prefabs/Rugs/Rug_Rect_Gray.prefab using Guid(4fedbc191226c1146a147611e5fc67ac) Importer(815301076,1909f56bfc062723c751e8b465ee728b)  -> (artifact id: '7f8d7fb8435bc42ad0a0aecd5215fd1f') in 0.031802 seconds 
========================================================================
Received Import Request.
  Time since last request: 0.000032 seconds.
  path: Assets/_Course Library/_Prefabs/Rugs/Mat_Round_Blue.prefab
  artifactKey: Guid(cc8e9c60e8b51f541b58d256ac509ffd) Importer(815301076,1909f56bfc062723c751e8b465ee728b)
Start importing Assets/_Course Library/_Prefabs/Rugs/Mat_Round_Blue.prefab using Guid(cc8e9c60e8b51f541b58d256ac509ffd) Importer(815301076,1909f56bfc062723c751e8b465ee728b)  -> (artifact id: 'afe6966aabe8b47f3d739cbffb809281') in 0.041353 seconds 
Editor requested this worker to shutdown with reason: Scaling down because of idle timeout
AssetImportWorker is now disconnected from the server
Process exiting
Exiting without the bug reporter. Application will terminate with return code 0