Using pre-set license
Built from '2021.3/staging' branch; Version is '2021.3.15f1 (e8e88683f834) revision 15263878'; Using compiler version '192829333'; Build Type 'Release'
OS: 'Windows 10  (10.0.18363) 64bit Professional' Language: 'en' Physical Memory: 32699 MB
BatchMode: 1, IsHumanControllingUs: 0, StartBugReporterOnCrash: 0, Is64bit: 1, IsPro: 1

COMMAND LINE ARGUMENTS:
K:\Unity\Unity Hub\2021.3.15f1\Editor\Unity.exe
-adb2
-batchMode
-noUpm
-name
AssetImportWorker10
-projectPath
K:/GitHub Repositories/uow-ar-vr-class/ARVR_Assignment2
-logFile
Logs/AssetImportWorker10.log
-srvPort
63309
Successfully changed project path to: K:/GitHub Repositories/uow-ar-vr-class/ARVR_Assignment2
K:/GitHub Repositories/uow-ar-vr-class/ARVR_Assignment2
[UnityMemory] Configuration Parameters - Can be set up in boot.config
    "memorysetup-bucket-allocator-granularity=16"
    "memorysetup-bucket-allocator-bucket-count=8"
    "memorysetup-bucket-allocator-block-size=33554432"
    "memorysetup-bucket-allocator-block-count=8"
    "memorysetup-main-allocator-block-size=16777216"
    "memorysetup-thread-allocator-block-size=16777216"
    "memorysetup-gfx-main-allocator-block-size=16777216"
    "memorysetup-gfx-thread-allocator-block-size=16777216"
    "memorysetup-cache-allocator-block-size=4194304"
    "memorysetup-typetree-allocator-block-size=2097152"
    "memorysetup-profiler-bucket-allocator-granularity=16"
    "memorysetup-profiler-bucket-allocator-bucket-count=8"
    "memorysetup-profiler-bucket-allocator-block-size=33554432"
    "memorysetup-profiler-bucket-allocator-block-count=8"
    "memorysetup-profiler-allocator-block-size=16777216"
    "memorysetup-profiler-editor-allocator-block-size=1048576"
    "memorysetup-temp-allocator-size-main=16777216"
    "memorysetup-job-temp-allocator-block-size=2097152"
    "memorysetup-job-temp-allocator-block-size-background=1048576"
    "memorysetup-job-temp-allocator-reduction-small-platforms=262144"
    "memorysetup-temp-allocator-size-background-worker=32768"
    "memorysetup-temp-allocator-size-job-worker=262144"
    "memorysetup-temp-allocator-size-preload-manager=33554432"
    "memorysetup-temp-allocator-size-nav-mesh-worker=65536"
    "memorysetup-temp-allocator-size-audio-worker=65536"
    "memorysetup-temp-allocator-size-cloud-worker=32768"
    "memorysetup-temp-allocator-size-gi-baking-worker=262144"
    "memorysetup-temp-allocator-size-gfx=262144"
Player connection [2396] Host "[IP] 192.168.56.1 [Port] 0 [Flags] 2 [Guid] 1922225364 [EditorId] 1922225364 [Version] 1048832 [Id] WindowsEditor(7,DESKTOP-6QALVEK) [Debug] 1 [PackageName] WindowsEditor [ProjectName] Editor" joined multi-casting on [225.0.0.222:54997]...

Player connection [2396] Host "[IP] 192.168.56.1 [Port] 0 [Flags] 2 [Guid] 1922225364 [EditorId] 1922225364 [Version] 1048832 [Id] WindowsEditor(7,DESKTOP-6QALVEK) [Debug] 1 [PackageName] WindowsEditor [ProjectName] Editor" joined alternative multi-casting on [225.0.0.222:34997]...

Refreshing native plugins compatible for Editor in 147.44 ms, found 9 plugins.
Preloading 0 native plugins for Editor in 0.00 ms.
Initialize engine version: 2021.3.15f1 (e8e88683f834)
[Subsystems] Discovering subsystems at path K:/Unity/Unity Hub/2021.3.15f1/Editor/Data/Resources/UnitySubsystems
[Subsystems] Discovering subsystems at path K:/GitHub Repositories/uow-ar-vr-class/ARVR_Assignment2/Assets
GfxDevice: creating device client; threaded=0; jobified=0
Direct3D:
    Version:  Direct3D 11.0 [level 11.1]
    Renderer: NVIDIA GeForce RTX 2070 (ID=0x1f02)
    Vendor:   NVIDIA
    VRAM:     8019 MB
    Driver:   31.0.15.3141
Initialize mono
Mono path[0] = 'K:/Unity/Unity Hub/2021.3.15f1/Editor/Data/Managed'
Mono path[1] = 'K:/Unity/Unity Hub/2021.3.15f1/Editor/Data/MonoBleedingEdge/lib/mono/unityjit-win32'
Mono config path = 'K:/Unity/Unity Hub/2021.3.15f1/Editor/Data/MonoBleedingEdge/etc'
Using monoOptions --debugger-agent=transport=dt_socket,embedding=1,server=y,suspend=n,address=127.0.0.1:56436
Begin MonoManager ReloadAssembly
Registering precompiled unity dll's ...
Register platform support module: K:/Unity/Unity Hub/2021.3.15f1/Editor/Data/PlaybackEngines/WindowsStandaloneSupport/UnityEditor.WindowsStandalone.Extensions.dll
Register platform support module: K:/Unity/Unity Hub/2021.3.15f1/Editor/Data/PlaybackEngines/MetroSupport/UnityEditor.UWP.Extensions.dll
Registered in 0.002616 seconds.
Native extension for UWP target not found
Native extension for WindowsStandalone target not found
Refreshing native plugins compatible for Editor in 183.40 ms, found 9 plugins.
Preloading 0 native plugins for Editor in 0.00 ms.
Mono: successfully reloaded assembly
- Completed reload, in  0.892 seconds
Domain Reload Profiling:
	ReloadAssembly (892ms)
		BeginReloadAssembly (88ms)
			ExecutionOrderSort (0ms)
			DisableScriptedObjects (0ms)
			BackupInstance (0ms)
			ReleaseScriptingObjects (0ms)
			CreateAndSetChildDomain (1ms)
		EndReloadAssembly (673ms)
			LoadAssemblies (87ms)
			RebuildTransferFunctionScriptingTraits (0ms)
			SetupTypeCache (140ms)
			ReleaseScriptCaches (0ms)
			RebuildScriptCaches (32ms)
			SetupLoadedEditorAssemblies (438ms)
				LogAssemblyErrors (0ms)
				InitializePlatformSupportModulesInManaged (9ms)
				SetLoadedEditorAssemblies (0ms)
				RefreshPlugins (183ms)
				BeforeProcessingInitializeOnLoad (2ms)
				ProcessInitializeOnLoadAttributes (187ms)
				ProcessInitializeOnLoadMethodAttributes (57ms)
				AfterProcessingInitializeOnLoad (0ms)
				EditorAssembliesLoaded (0ms)
			ExecutionOrderSort2 (0ms)
			AwakeInstancesAfterBackupRestoration (0ms)
Platform modules already initialized, skipping
Registering precompiled user dll's ...
Registered in 0.008456 seconds.
Begin MonoManager ReloadAssembly
Symbol file LoadedFromMemory doesn't match image K:\GitHub Repositories\uow-ar-vr-class\ARVR_Assignment2\Library\PackageCache\com.unity.visualscripting@1.7.8\Editor\VisualScripting.Core\Dependencies\DotNetZip\Unity.VisualScripting.IonicZip.dll
Symbol file LoadedFromMemory doesn't match image K:\GitHub Repositories\uow-ar-vr-class\ARVR_Assignment2\Library\PackageCache\com.unity.visualscripting@1.7.8\Editor\VisualScripting.Core\Dependencies\YamlDotNet\Unity.VisualScripting.YamlDotNet.dll
Native extension for UWP target not found
Native extension for WindowsStandalone target not found
Refreshing native plugins compatible for Editor in 158.83 ms, found 9 plugins.
Preloading 0 native plugins for Editor in 0.00 ms.
Package Manager log level set to [2]
Mono: successfully reloaded assembly
- Completed reload, in  1.860 seconds
Domain Reload Profiling:
	ReloadAssembly (1861ms)
		BeginReloadAssembly (127ms)
			ExecutionOrderSort (0ms)
			DisableScriptedObjects (8ms)
			BackupInstance (0ms)
			ReleaseScriptingObjects (0ms)
			CreateAndSetChildDomain (22ms)
		EndReloadAssembly (1565ms)
			LoadAssemblies (107ms)
			RebuildTransferFunctionScriptingTraits (0ms)
			SetupTypeCache (415ms)
			ReleaseScriptCaches (1ms)
			RebuildScriptCaches (87ms)
			SetupLoadedEditorAssemblies (892ms)
				LogAssemblyErrors (0ms)
				InitializePlatformSupportModulesInManaged (4ms)
				SetLoadedEditorAssemblies (0ms)
				RefreshPlugins (159ms)
				BeforeProcessingInitializeOnLoad (146ms)
				ProcessInitializeOnLoadAttributes (470ms)
				ProcessInitializeOnLoadMethodAttributes (109ms)
				AfterProcessingInitializeOnLoad (3ms)
				EditorAssembliesLoaded (0ms)
			ExecutionOrderSort2 (0ms)
			AwakeInstancesAfterBackupRestoration (10ms)
Platform modules already initialized, skipping
========================================================================
Worker process is ready to serve import requests
Launched and connected shader compiler UnityShaderCompiler.exe after 0.06 seconds
Refreshing native plugins compatible for Editor in 1.49 ms, found 9 plugins.
Preloading 0 native plugins for Editor in 0.00 ms.
Unloading 5906 Unused Serialized files (Serialized files now loaded: 0)
Unloading 60 unused Assets / (0.7 MB). Loaded Objects now: 6343.
Memory consumption went from 230.3 MB to 229.6 MB.
Total: 4.674900 ms (FindLiveObjects: 0.521200 ms CreateObjectMapping: 0.529300 ms MarkObjects: 3.230600 ms  DeleteObjects: 0.392600 ms)

AssetImportParameters requested are different than current active one (requested -> active):
  custom:video-decoder-ogg-theora: a1e56fd34408186e4bbccfd4996cb3dc -> 
  custom:container-muxer-webm: aa71ff27fc2769a1b78a27578f13a17b -> 
  custom:container-demuxer-webm: 4f35f7cbe854078d1ac9338744f61a02 -> 
  custom:video-encoder-webm-vp8: eb34c28f22e8b96e1ab97ce403110664 -> 
  custom:audio-encoder-webm-vorbis: bf7c407c2cedff20999df2af8eb42d56 -> 
  custom:framework-win-MediaFoundation: 216162199b28c13a410421893ffa2e32 -> 
  custom:container-demuxer-ogg: 62fdf1f143b41e24485cea50d1cbac27 -> 
  custom:video-decoder-webm-vp8: 9c59270c3fd7afecdb556c50c9e8de78 -> 
  custom:audio-decoder-ogg-vorbis: bf7c407c2cedff20999df2af8eb42d56 -> 
========================================================================
Received Import Request.
  Time since last request: 11508.348018 seconds.
  path: Assets/Mugs, Bowls and Plates/sample Scene/Prefabs/bowl02.prefab
  artifactKey: Guid(6974bbcecbfadad4a9cf21ab11435715) Importer(815301076,1909f56bfc062723c751e8b465ee728b)
Start importing Assets/Mugs, Bowls and Plates/sample Scene/Prefabs/bowl02.prefab using Guid(6974bbcecbfadad4a9cf21ab11435715) Importer(815301076,1909f56bfc062723c751e8b465ee728b)  -> (artifact id: '59c7bc3a2cdda0ad5e44b19d722476c8') in 0.404942 seconds 
========================================================================
Received Import Request.
  Time since last request: 9.868106 seconds.
  path: Assets/_Course Library/Video/Video_Unity-shape-the-world.mp4
  artifactKey: Guid(8cd99a81a5fad4847b8aa48a15272de0) Importer(815301076,1909f56bfc062723c751e8b465ee728b)
Start importing Assets/_Course Library/Video/Video_Unity-shape-the-world.mp4 using Guid(8cd99a81a5fad4847b8aa48a15272de0) Importer(815301076,1909f56bfc062723c751e8b465ee728b)  -> (artifact id: 'c0045cf66f5e96bde66405a7650177ca') in 0.048196 seconds 
========================================================================
Received Import Request.
  Time since last request: 137.572384 seconds.
  path: Assets/Mugs, Bowls and Plates/Models/Materials/bowl02.mat
  artifactKey: Guid(749d1d5c1658f1548bad06c2ae7d3f39) Importer(815301076,1909f56bfc062723c751e8b465ee728b)
Start importing Assets/Mugs, Bowls and Plates/Models/Materials/bowl02.mat using Guid(749d1d5c1658f1548bad06c2ae7d3f39) Importer(815301076,1909f56bfc062723c751e8b465ee728b)  -> (artifact id: '63d1bbd6b9aff5fd55781bfbf8c983da') in 0.042982 seconds 
========================================================================
Received Import Request.
  Time since last request: 3.323834 seconds.
  path: Assets/Mugs, Bowls and Plates/Models/bowl02.fbx
  artifactKey: Guid(abe0f3cb09164c048b3cba749efab044) Importer(815301076,1909f56bfc062723c751e8b465ee728b)
Start importing Assets/Mugs, Bowls and Plates/Models/bowl02.fbx using Guid(abe0f3cb09164c048b3cba749efab044) Importer(815301076,1909f56bfc062723c751e8b465ee728b)  -> (artifact id: 'e13c5da5cfa24f4b53973ff29ee59330') in 0.054618 seconds 
========================================================================
Received Prepare
Registering precompiled user dll's ...
Registered in 0.009531 seconds.
Begin MonoManager ReloadAssembly
Symbol file LoadedFromMemory doesn't match image K:\GitHub Repositories\uow-ar-vr-class\ARVR_Assignment2\Library\PackageCache\com.unity.visualscripting@1.7.8\Editor\VisualScripting.Core\Dependencies\DotNetZip\Unity.VisualScripting.IonicZip.dll
Symbol file LoadedFromMemory doesn't match image K:\GitHub Repositories\uow-ar-vr-class\ARVR_Assignment2\Library\PackageCache\com.unity.visualscripting@1.7.8\Editor\VisualScripting.Core\Dependencies\YamlDotNet\Unity.VisualScripting.YamlDotNet.dll
Native extension for UWP target not found
Native extension for WindowsStandalone target not found
Refreshing native plugins compatible for Editor in 1.47 ms, found 9 plugins.
Preloading 0 native plugins for Editor in 0.00 ms.
Mono: successfully reloaded assembly
- Completed reload, in  1.962 seconds
Domain Reload Profiling:
	ReloadAssembly (1962ms)
		BeginReloadAssembly (197ms)
			ExecutionOrderSort (0ms)
			DisableScriptedObjects (11ms)
			BackupInstance (0ms)
			ReleaseScriptingObjects (0ms)
			CreateAndSetChildDomain (68ms)
		EndReloadAssembly (1634ms)
			LoadAssemblies (122ms)
			RebuildTransferFunctionScriptingTraits (0ms)
			SetupTypeCache (417ms)
			ReleaseScriptCaches (3ms)
			RebuildScriptCaches (79ms)
			SetupLoadedEditorAssemblies (864ms)
				LogAssemblyErrors (0ms)
				InitializePlatformSupportModulesInManaged (21ms)
				SetLoadedEditorAssemblies (1ms)
				RefreshPlugins (2ms)
				BeforeProcessingInitializeOnLoad (147ms)
				ProcessInitializeOnLoadAttributes (539ms)
				ProcessInitializeOnLoadMethodAttributes (150ms)
				AfterProcessingInitializeOnLoad (4ms)
				EditorAssembliesLoaded (0ms)
			ExecutionOrderSort2 (0ms)
			AwakeInstancesAfterBackupRestoration (24ms)
Platform modules already initialized, skipping
Refreshing native plugins compatible for Editor in 8.13 ms, found 9 plugins.
Preloading 0 native plugins for Editor in 0.00 ms.
Unloading 5771 Unused Serialized files (Serialized files now loaded: 0)
Unloading 50 unused Assets / (0.7 MB). Loaded Objects now: 6436.
Memory consumption went from 245.8 MB to 245.1 MB.
Total: 6.363000 ms (FindLiveObjects: 0.601900 ms CreateObjectMapping: 0.642300 ms MarkObjects: 4.691500 ms  DeleteObjects: 0.426000 ms)

AssetImportParameters requested are different than current active one (requested -> active):
  custom:video-decoder-ogg-theora: a1e56fd34408186e4bbccfd4996cb3dc -> 
  custom:container-muxer-webm: aa71ff27fc2769a1b78a27578f13a17b -> 
  custom:container-demuxer-webm: 4f35f7cbe854078d1ac9338744f61a02 -> 
  custom:video-encoder-webm-vp8: eb34c28f22e8b96e1ab97ce403110664 -> 
  custom:audio-encoder-webm-vorbis: bf7c407c2cedff20999df2af8eb42d56 -> 
  custom:framework-win-MediaFoundation: 216162199b28c13a410421893ffa2e32 -> 
  custom:container-demuxer-ogg: 62fdf1f143b41e24485cea50d1cbac27 -> 
  custom:video-decoder-webm-vp8: 9c59270c3fd7afecdb556c50c9e8de78 -> 
  custom:audio-decoder-ogg-vorbis: bf7c407c2cedff20999df2af8eb42d56 -> 
========================================================================
Received Prepare
Registering precompiled user dll's ...
Registered in 0.010055 seconds.
Begin MonoManager ReloadAssembly
Symbol file LoadedFromMemory doesn't match image K:\GitHub Repositories\uow-ar-vr-class\ARVR_Assignment2\Library\PackageCache\com.unity.visualscripting@1.7.8\Editor\VisualScripting.Core\Dependencies\DotNetZip\Unity.VisualScripting.IonicZip.dll
Symbol file LoadedFromMemory doesn't match image K:\GitHub Repositories\uow-ar-vr-class\ARVR_Assignment2\Library\PackageCache\com.unity.visualscripting@1.7.8\Editor\VisualScripting.Core\Dependencies\YamlDotNet\Unity.VisualScripting.YamlDotNet.dll
Native extension for UWP target not found
Native extension for WindowsStandalone target not found
Refreshing native plugins compatible for Editor in 1.70 ms, found 9 plugins.
Preloading 0 native plugins for Editor in 0.00 ms.
Mono: successfully reloaded assembly
- Completed reload, in  2.464 seconds
Domain Reload Profiling:
	ReloadAssembly (2466ms)
		BeginReloadAssembly (213ms)
			ExecutionOrderSort (0ms)
			DisableScriptedObjects (8ms)
			BackupInstance (0ms)
			ReleaseScriptingObjects (0ms)
			CreateAndSetChildDomain (69ms)
		EndReloadAssembly (2093ms)
			LoadAssemblies (173ms)
			RebuildTransferFunctionScriptingTraits (0ms)
			SetupTypeCache (475ms)
			ReleaseScriptCaches (4ms)
			RebuildScriptCaches (107ms)
			SetupLoadedEditorAssemblies (1106ms)
				LogAssemblyErrors (0ms)
				InitializePlatformSupportModulesInManaged (21ms)
				SetLoadedEditorAssemblies (1ms)
				RefreshPlugins (2ms)
				BeforeProcessingInitializeOnLoad (151ms)
				ProcessInitializeOnLoadAttributes (719ms)
				ProcessInitializeOnLoadMethodAttributes (206ms)
				AfterProcessingInitializeOnLoad (7ms)
				EditorAssembliesLoaded (0ms)
			ExecutionOrderSort2 (0ms)
			AwakeInstancesAfterBackupRestoration (42ms)
Platform modules already initialized, skipping
Refreshing native plugins compatible for Editor in 9.27 ms, found 9 plugins.
Preloading 0 native plugins for Editor in 0.00 ms.
Unloading 5772 Unused Serialized files (Serialized files now loaded: 0)
Unloading 50 unused Assets / (0.7 MB). Loaded Objects now: 6440.
Memory consumption went from 246.1 MB to 245.4 MB.
Total: 7.933100 ms (FindLiveObjects: 0.645100 ms CreateObjectMapping: 0.825500 ms MarkObjects: 5.972200 ms  DeleteObjects: 0.488600 ms)

AssetImportParameters requested are different than current active one (requested -> active):
  custom:video-decoder-ogg-theora: a1e56fd34408186e4bbccfd4996cb3dc -> 
  custom:container-muxer-webm: aa71ff27fc2769a1b78a27578f13a17b -> 
  custom:container-demuxer-webm: 4f35f7cbe854078d1ac9338744f61a02 -> 
  custom:video-encoder-webm-vp8: eb34c28f22e8b96e1ab97ce403110664 -> 
  custom:audio-encoder-webm-vorbis: bf7c407c2cedff20999df2af8eb42d56 -> 
  custom:framework-win-MediaFoundation: 216162199b28c13a410421893ffa2e32 -> 
  custom:container-demuxer-ogg: 62fdf1f143b41e24485cea50d1cbac27 -> 
  custom:video-decoder-webm-vp8: 9c59270c3fd7afecdb556c50c9e8de78 -> 
  custom:audio-decoder-ogg-vorbis: bf7c407c2cedff20999df2af8eb42d56 -> 
========================================================================
Received Prepare
Registering precompiled user dll's ...
Registered in 0.009826 seconds.
Begin MonoManager ReloadAssembly
Symbol file LoadedFromMemory doesn't match image K:\GitHub Repositories\uow-ar-vr-class\ARVR_Assignment2\Library\PackageCache\com.unity.visualscripting@1.7.8\Editor\VisualScripting.Core\Dependencies\DotNetZip\Unity.VisualScripting.IonicZip.dll
Symbol file LoadedFromMemory doesn't match image K:\GitHub Repositories\uow-ar-vr-class\ARVR_Assignment2\Library\PackageCache\com.unity.visualscripting@1.7.8\Editor\VisualScripting.Core\Dependencies\YamlDotNet\Unity.VisualScripting.YamlDotNet.dll
Native extension for UWP target not found
Native extension for WindowsStandalone target not found
Refreshing native plugins compatible for Editor in 2.95 ms, found 9 plugins.
Preloading 0 native plugins for Editor in 0.00 ms.
Mono: successfully reloaded assembly
- Completed reload, in  2.321 seconds
Domain Reload Profiling:
	ReloadAssembly (2322ms)
		BeginReloadAssembly (190ms)
			ExecutionOrderSort (0ms)
			DisableScriptedObjects (9ms)
			BackupInstance (0ms)
			ReleaseScriptingObjects (0ms)
			CreateAndSetChildDomain (61ms)
		EndReloadAssembly (1988ms)
			LoadAssemblies (147ms)
			RebuildTransferFunctionScriptingTraits (0ms)
			SetupTypeCache (459ms)
			ReleaseScriptCaches (3ms)
			RebuildScriptCaches (117ms)
			SetupLoadedEditorAssemblies (980ms)
				LogAssemblyErrors (0ms)
				InitializePlatformSupportModulesInManaged (24ms)
				SetLoadedEditorAssemblies (1ms)
				RefreshPlugins (3ms)
				BeforeProcessingInitializeOnLoad (157ms)
				ProcessInitializeOnLoadAttributes (597ms)
				ProcessInitializeOnLoadMethodAttributes (191ms)
				AfterProcessingInitializeOnLoad (7ms)
				EditorAssembliesLoaded (1ms)
			ExecutionOrderSort2 (0ms)
			AwakeInstancesAfterBackupRestoration (53ms)
Platform modules already initialized, skipping
Refreshing native plugins compatible for Editor in 11.92 ms, found 9 plugins.
Preloading 0 native plugins for Editor in 0.00 ms.
Unloading 5772 Unused Serialized files (Serialized files now loaded: 0)
Unloading 50 unused Assets / (0.7 MB). Loaded Objects now: 6444.
Memory consumption went from 246.2 MB to 245.5 MB.
Total: 7.000700 ms (FindLiveObjects: 0.999000 ms CreateObjectMapping: 0.952500 ms MarkObjects: 4.642600 ms  DeleteObjects: 0.405000 ms)

AssetImportParameters requested are different than current active one (requested -> active):
  custom:video-decoder-ogg-theora: a1e56fd34408186e4bbccfd4996cb3dc -> 
  custom:container-muxer-webm: aa71ff27fc2769a1b78a27578f13a17b -> 
  custom:container-demuxer-webm: 4f35f7cbe854078d1ac9338744f61a02 -> 
  custom:video-encoder-webm-vp8: eb34c28f22e8b96e1ab97ce403110664 -> 
  custom:audio-encoder-webm-vorbis: bf7c407c2cedff20999df2af8eb42d56 -> 
  custom:framework-win-MediaFoundation: 216162199b28c13a410421893ffa2e32 -> 
  custom:container-demuxer-ogg: 62fdf1f143b41e24485cea50d1cbac27 -> 
  custom:video-decoder-webm-vp8: 9c59270c3fd7afecdb556c50c9e8de78 -> 
  custom:audio-decoder-ogg-vorbis: bf7c407c2cedff20999df2af8eb42d56 -> 
========================================================================
Received Import Request.
  Time since last request: 2138.477604 seconds.
  path: Assets/Game_music/With love from Vertex Studio (2).mp3
  artifactKey: Guid(051168dd3f18b614cb273426a6521fb5) Importer(815301076,1909f56bfc062723c751e8b465ee728b)
Start importing Assets/Game_music/With love from Vertex Studio (2).mp3 using Guid(051168dd3f18b614cb273426a6521fb5) Importer(815301076,1909f56bfc062723c751e8b465ee728b)  -> (artifact id: '2b79001d3949d36e29920b6a13479661') in 0.134889 seconds 
========================================================================
Received Import Request.
  Time since last request: 0.000125 seconds.
  path: Assets/Game_music/With love from Vertex Studio (36).mp3
  artifactKey: Guid(0abd1b46f559d534b9ecf345dc1b3e94) Importer(815301076,1909f56bfc062723c751e8b465ee728b)
Start importing Assets/Game_music/With love from Vertex Studio (36).mp3 using Guid(0abd1b46f559d534b9ecf345dc1b3e94) Importer(815301076,1909f56bfc062723c751e8b465ee728b)  -> (artifact id: '81c5ea0e128a1cbe43587cc07167b81d') in 0.019276 seconds 
========================================================================
Received Import Request.
  Time since last request: 0.000036 seconds.
  path: Assets/Game_music/With love from Vertex Studio (19).mp3
  artifactKey: Guid(f905b2e0cde208848b9175d5fb96d12b) Importer(815301076,1909f56bfc062723c751e8b465ee728b)
Start importing Assets/Game_music/With love from Vertex Studio (19).mp3 using Guid(f905b2e0cde208848b9175d5fb96d12b) Importer(815301076,1909f56bfc062723c751e8b465ee728b)  -> (artifact id: '8822660e6c87af259f76b27984b78314') in 0.017457 seconds 
========================================================================
Received Import Request.
  Time since last request: 0.000183 seconds.
  path: Assets/Game_music/With love from Vertex Studio (40).mp3
  artifactKey: Guid(90770506cbe244b4892aa112873c7233) Importer(815301076,1909f56bfc062723c751e8b465ee728b)
Start importing Assets/Game_music/With love from Vertex Studio (40).mp3 using Guid(90770506cbe244b4892aa112873c7233) Importer(815301076,1909f56bfc062723c751e8b465ee728b)  -> (artifact id: '231ad217819e7dff36f6d77493742a30') in 0.027586 seconds 
========================================================================
Received Import Request.
  Time since last request: 0.000026 seconds.
  path: Assets/Game_music/With love from Vertex Studio (31).mp3
  artifactKey: Guid(ea0df3c3884da4b47b409b6e1e30d3e9) Importer(815301076,1909f56bfc062723c751e8b465ee728b)
Start importing Assets/Game_music/With love from Vertex Studio (31).mp3 using Guid(ea0df3c3884da4b47b409b6e1e30d3e9) Importer(815301076,1909f56bfc062723c751e8b465ee728b)  -> (artifact id: '613099d5ae04b1d89833800af0761e08') in 0.018040 seconds 
========================================================================
Received Import Request.
  Time since last request: 0.000025 seconds.
  path: Assets/Game_music/With love from Vertex Studio (13).mp3
  artifactKey: Guid(58ceb12f5a5c3114089789a111f60758) Importer(815301076,1909f56bfc062723c751e8b465ee728b)
Start importing Assets/Game_music/With love from Vertex Studio (13).mp3 using Guid(58ceb12f5a5c3114089789a111f60758) Importer(815301076,1909f56bfc062723c751e8b465ee728b)  -> (artifact id: '093834d984908ac0472e2b30a50bd9f9') in 0.009701 seconds 
========================================================================
Received Import Request.
  Time since last request: 0.000068 seconds.
  path: Assets/Game_music/With love from Vertex Studio (11).mp3
  artifactKey: Guid(34394f556e8b02e4185d357ff6ab6f26) Importer(815301076,1909f56bfc062723c751e8b465ee728b)
Start importing Assets/Game_music/With love from Vertex Studio (11).mp3 using Guid(34394f556e8b02e4185d357ff6ab6f26) Importer(815301076,1909f56bfc062723c751e8b465ee728b)  -> (artifact id: 'b7f4fcdf9d53b15d7472ee6b4e8940c1') in 0.010883 seconds 
========================================================================
Received Import Request.
  Time since last request: 0.000023 seconds.
  path: Assets/Game_music/With love from Vertex Studio (12).mp3
  artifactKey: Guid(bf4a18bbbc1f9514682bd2a62ad53542) Importer(815301076,1909f56bfc062723c751e8b465ee728b)
Start importing Assets/Game_music/With love from Vertex Studio (12).mp3 using Guid(bf4a18bbbc1f9514682bd2a62ad53542) Importer(815301076,1909f56bfc062723c751e8b465ee728b)  -> (artifact id: 'd4be1032a0e46c9c6abb8bc0104e98cf') in 0.010411 seconds 
========================================================================
Received Import Request.
  Time since last request: 0.000025 seconds.
  path: Assets/Game_music/With love from Vertex Studio (35).mp3
  artifactKey: Guid(7e8e92f7c31a4a74f9d5d88070b3dbbd) Importer(815301076,1909f56bfc062723c751e8b465ee728b)
Start importing Assets/Game_music/With love from Vertex Studio (35).mp3 using Guid(7e8e92f7c31a4a74f9d5d88070b3dbbd) Importer(815301076,1909f56bfc062723c751e8b465ee728b)  -> (artifact id: '3b2d5ec102428964d744ffa6b524b3a7') in 0.009774 seconds 
========================================================================
Received Import Request.
  Time since last request: 0.000028 seconds.
  path: Assets/Game_music/With love from Vertex Studio (8).mp3
  artifactKey: Guid(5ecacb1d89ff2e940969b46fb071cdda) Importer(815301076,1909f56bfc062723c751e8b465ee728b)
Start importing Assets/Game_music/With love from Vertex Studio (8).mp3 using Guid(5ecacb1d89ff2e940969b46fb071cdda) Importer(815301076,1909f56bfc062723c751e8b465ee728b)  -> (artifact id: '1a605e3e9d55873cce6ebae119fee4c2') in 0.009533 seconds 
========================================================================
Received Import Request.
  Time since last request: 0.000085 seconds.
  path: Assets/Game_music/With love from Vertex Studio (7).mp3
  artifactKey: Guid(879d0beef8d775e4c856720ff6d955b1) Importer(815301076,1909f56bfc062723c751e8b465ee728b)
Start importing Assets/Game_music/With love from Vertex Studio (7).mp3 using Guid(879d0beef8d775e4c856720ff6d955b1) Importer(815301076,1909f56bfc062723c751e8b465ee728b)  -> (artifact id: 'f5c0c7e98cdf9dce17f247b7061866d2') in 0.012323 seconds 
========================================================================
Received Import Request.
  Time since last request: 0.000029 seconds.
  path: Assets/Game_music/With love from Vertex Studio (17).mp3
  artifactKey: Guid(2285b62fe0e90d045976e2f3248a5016) Importer(815301076,1909f56bfc062723c751e8b465ee728b)
Start importing Assets/Game_music/With love from Vertex Studio (17).mp3 using Guid(2285b62fe0e90d045976e2f3248a5016) Importer(815301076,1909f56bfc062723c751e8b465ee728b)  -> (artifact id: '04ec9fe0851c964fd8226eacc2d27bd3') in 0.009154 seconds 
========================================================================
Received Import Request.
  Time since last request: 0.000030 seconds.
  path: Assets/Game_music/With love from Vertex Studio (41).mp3
  artifactKey: Guid(986ceecf11ffd0e4a8676b4ccfaaaedc) Importer(815301076,1909f56bfc062723c751e8b465ee728b)
Start importing Assets/Game_music/With love from Vertex Studio (41).mp3 using Guid(986ceecf11ffd0e4a8676b4ccfaaaedc) Importer(815301076,1909f56bfc062723c751e8b465ee728b)  -> (artifact id: '5152ded14957c301e9b6713a93c3caa8') in 0.013317 seconds 
========================================================================
Received Import Request.
  Time since last request: 0.000030 seconds.
  path: Assets/Game_music/With love from Vertex Studio (23).mp3
  artifactKey: Guid(a1cda9c0bacea924d8763c7353b70434) Importer(815301076,1909f56bfc062723c751e8b465ee728b)
Start importing Assets/Game_music/With love from Vertex Studio (23).mp3 using Guid(a1cda9c0bacea924d8763c7353b70434) Importer(815301076,1909f56bfc062723c751e8b465ee728b)  -> (artifact id: '08fe7997f2b181ca8e2e923d2ad354b6') in 0.011686 seconds 
========================================================================
Received Import Request.
  Time since last request: 0.000025 seconds.
  path: Assets/Game_music/With love from Vertex Studio (38).mp3
  artifactKey: Guid(e302709325de49546992473a8a8939fc) Importer(815301076,1909f56bfc062723c751e8b465ee728b)
Start importing Assets/Game_music/With love from Vertex Studio (38).mp3 using Guid(e302709325de49546992473a8a8939fc) Importer(815301076,1909f56bfc062723c751e8b465ee728b)  -> (artifact id: '6909a31078e4e2f541b5d72f54524df4') in 0.012365 seconds 
========================================================================
Received Import Request.
  Time since last request: 0.000026 seconds.
  path: Assets/Game_music/With love from Vertex Studio (22).mp3
  artifactKey: Guid(da3ec65ab1e53aa4ab9ef41e7cb747b2) Importer(815301076,1909f56bfc062723c751e8b465ee728b)
Start importing Assets/Game_music/With love from Vertex Studio (22).mp3 using Guid(da3ec65ab1e53aa4ab9ef41e7cb747b2) Importer(815301076,1909f56bfc062723c751e8b465ee728b)  -> (artifact id: '7e9624e4dcb5253475d0d43879f44a22') in 0.012275 seconds 
========================================================================
Received Import Request.
  Time since last request: 0.000026 seconds.
  path: Assets/Game_music/With love from Vertex Studio (33).mp3
  artifactKey: Guid(7f02baf9ae301f24d9f4a8f5d4f1feaa) Importer(815301076,1909f56bfc062723c751e8b465ee728b)
Start importing Assets/Game_music/With love from Vertex Studio (33).mp3 using Guid(7f02baf9ae301f24d9f4a8f5d4f1feaa) Importer(815301076,1909f56bfc062723c751e8b465ee728b)  -> (artifact id: 'c0b71059aa0bc0bec800a57d1d439348') in 0.012541 seconds 
========================================================================
Received Import Request.
  Time since last request: 0.000078 seconds.
  path: Assets/Game_music/With love from Vertex Studio (6).mp3
  artifactKey: Guid(2ca9dfc5c87541540b731dc34bfc7bda) Importer(815301076,1909f56bfc062723c751e8b465ee728b)
Start importing Assets/Game_music/With love from Vertex Studio (6).mp3 using Guid(2ca9dfc5c87541540b731dc34bfc7bda) Importer(815301076,1909f56bfc062723c751e8b465ee728b)  -> (artifact id: 'b3bf17b562013d335844b72c9e8848e0') in 0.011388 seconds 
========================================================================
Received Import Request.
  Time since last request: 0.000027 seconds.
  path: Assets/Game_music/With love from Vertex Studio (21).mp3
  artifactKey: Guid(30dd1c9e0f80b8c41a66e325c4f6884f) Importer(815301076,1909f56bfc062723c751e8b465ee728b)
Start importing Assets/Game_music/With love from Vertex Studio (21).mp3 using Guid(30dd1c9e0f80b8c41a66e325c4f6884f) Importer(815301076,1909f56bfc062723c751e8b465ee728b)  -> (artifact id: '1a4779cbcd5629299761e3826fc4f183') in 0.017243 seconds 
========================================================================
Received Import Request.
  Time since last request: 0.000045 seconds.
  path: Assets/Game_music/With love from Vertex Studio (39).mp3
  artifactKey: Guid(55d4633165ab2e14585a6583320876a7) Importer(815301076,1909f56bfc062723c751e8b465ee728b)
Start importing Assets/Game_music/With love from Vertex Studio (39).mp3 using Guid(55d4633165ab2e14585a6583320876a7) Importer(815301076,1909f56bfc062723c751e8b465ee728b)  -> (artifact id: '7f7edb3253f43ba2c502ab78140ea95d') in 0.013377 seconds 
========================================================================
Received Import Request.
  Time since last request: 775.369687 seconds.
  path: Assets/Free Orchestral Music Pack/Final Struggle (Boss Theme).wav
  artifactKey: Guid(14a1cf915de1c2448b200ab123c01445) Importer(815301076,1909f56bfc062723c751e8b465ee728b)
Start importing Assets/Free Orchestral Music Pack/Final Struggle (Boss Theme).wav using Guid(14a1cf915de1c2448b200ab123c01445) Importer(815301076,1909f56bfc062723c751e8b465ee728b)  -> (artifact id: '5dc5f8e964b7ac91a843b0150f1f5339') in 0.038481 seconds 
========================================================================
Received Import Request.
  Time since last request: 0.000034 seconds.
  path: Assets/_Course Library/Audio/FX/SFX_UI_Click_4.ogg
  artifactKey: Guid(d306fcf87f5874a5888091cab90ba4a5) Importer(815301076,1909f56bfc062723c751e8b465ee728b)
Start importing Assets/_Course Library/Audio/FX/SFX_UI_Click_4.ogg using Guid(d306fcf87f5874a5888091cab90ba4a5) Importer(815301076,1909f56bfc062723c751e8b465ee728b)  -> (artifact id: '3f2291d1dcc8e81bf11547a55b12ab1f') in 0.260997 seconds 
========================================================================
Received Import Request.
  Time since last request: 0.000051 seconds.
  path: Assets/_Course Library/Audio/FX/SFX_UI_Quick_4.ogg
  artifactKey: Guid(fbe0600515f4f482a9bb51aab560e9f7) Importer(815301076,1909f56bfc062723c751e8b465ee728b)
Start importing Assets/_Course Library/Audio/FX/SFX_UI_Quick_4.ogg using Guid(fbe0600515f4f482a9bb51aab560e9f7) Importer(815301076,1909f56bfc062723c751e8b465ee728b)  -> (artifact id: 'a19c248e40e0cc4b5de962c6752aa12f') in 0.043578 seconds 
========================================================================
Received Import Request.
  Time since last request: 0.000025 seconds.
  path: Assets/_Course Library/Audio/FX/SFX_Impact_Concrete.ogg
  artifactKey: Guid(d727703712b36426db75d0e99085a350) Importer(815301076,1909f56bfc062723c751e8b465ee728b)
Start importing Assets/_Course Library/Audio/FX/SFX_Impact_Concrete.ogg using Guid(d727703712b36426db75d0e99085a350) Importer(815301076,1909f56bfc062723c751e8b465ee728b)  -> (artifact id: 'e9a66fca0df845eaf57b64783e51c910') in 0.019716 seconds 
========================================================================
Received Import Request.
  Time since last request: 0.000025 seconds.
  path: Assets/_Course Library/Audio/FX/SFX_Bird_1.ogg
  artifactKey: Guid(ffcac3d6adf3c4a5a9fceb69ed040b5f) Importer(815301076,1909f56bfc062723c751e8b465ee728b)
Start importing Assets/_Course Library/Audio/FX/SFX_Bird_1.ogg using Guid(ffcac3d6adf3c4a5a9fceb69ed040b5f) Importer(815301076,1909f56bfc062723c751e8b465ee728b)  -> (artifact id: 'd8716f81efcce0287eb1c1abe7f60d6a') in 0.022113 seconds 
========================================================================
Received Import Request.
  Time since last request: 0.000028 seconds.
  path: Assets/_Course Library/Audio/FX/SFX_UI_Quick_3.ogg
  artifactKey: Guid(113942fcb94a14f7386264fc45956b13) Importer(815301076,1909f56bfc062723c751e8b465ee728b)
Start importing Assets/_Course Library/Audio/FX/SFX_UI_Quick_3.ogg using Guid(113942fcb94a14f7386264fc45956b13) Importer(815301076,1909f56bfc062723c751e8b465ee728b)  -> (artifact id: '256ba44e841f4472ca14cba038351e42') in 0.024959 seconds 
========================================================================
Received Import Request.
  Time since last request: 0.000034 seconds.
  path: Assets/_Course Library/Audio/FX/SFX_UI_SciFi_Back.ogg
  artifactKey: Guid(3a8730ed83cf54ec3af36761459c24e8) Importer(815301076,1909f56bfc062723c751e8b465ee728b)
Start importing Assets/_Course Library/Audio/FX/SFX_UI_SciFi_Back.ogg using Guid(3a8730ed83cf54ec3af36761459c24e8) Importer(815301076,1909f56bfc062723c751e8b465ee728b)  -> (artifact id: '33481521c0e838bac4a54702cb94d5c7') in 0.031820 seconds 
========================================================================
Received Import Request.
  Time since last request: 0.000060 seconds.
  path: Assets/_Course Library/Audio/FX/SFX_Loop_Fire.ogg
  artifactKey: Guid(ef77e9bee03ff4bb5a41dbb472fc6e09) Importer(815301076,1909f56bfc062723c751e8b465ee728b)
Start importing Assets/_Course Library/Audio/FX/SFX_Loop_Fire.ogg using Guid(ef77e9bee03ff4bb5a41dbb472fc6e09) Importer(815301076,1909f56bfc062723c751e8b465ee728b)  -> (artifact id: '9d5baed7ca153b1bcf4bd948d347241a') in 0.028093 seconds 
========================================================================
Received Import Request.
  Time since last request: 0.000036 seconds.
  path: Assets/_Course Library/Audio/FX/SFX_Polaroid_Print.ogg
  artifactKey: Guid(c8da34f5308f447e8a07706592954d21) Importer(815301076,1909f56bfc062723c751e8b465ee728b)
Start importing Assets/_Course Library/Audio/FX/SFX_Polaroid_Print.ogg using Guid(c8da34f5308f447e8a07706592954d21) Importer(815301076,1909f56bfc062723c751e8b465ee728b)  -> (artifact id: '9bd7a5dc44c329cfd24ddd5120e7facf') in 0.027719 seconds 
========================================================================
Received Import Request.
  Time since last request: 0.000028 seconds.
  path: Assets/_Course Library/Audio/FX/SFX_UI_Game_Positive.ogg
  artifactKey: Guid(a6e6cb127e7044a3eaa8772d8a314706) Importer(815301076,1909f56bfc062723c751e8b465ee728b)
Start importing Assets/_Course Library/Audio/FX/SFX_UI_Game_Positive.ogg using Guid(a6e6cb127e7044a3eaa8772d8a314706) Importer(815301076,1909f56bfc062723c751e8b465ee728b)  -> (artifact id: '4628459acae7ebeb7d308f2d0af4643c') in 0.013867 seconds 
========================================================================
Received Import Request.
  Time since last request: 0.000030 seconds.
  path: Assets/_Course Library/Audio/FX/SFX_Impact_Glass.ogg
  artifactKey: Guid(1b706adc9022a41ab90c83849d16c760) Importer(815301076,1909f56bfc062723c751e8b465ee728b)
Start importing Assets/_Course Library/Audio/FX/SFX_Impact_Glass.ogg using Guid(1b706adc9022a41ab90c83849d16c760) Importer(815301076,1909f56bfc062723c751e8b465ee728b)  -> (artifact id: 'a9f1a587c16d97bad01fd23cf71deabe') in 0.034026 seconds 
========================================================================
Received Import Request.
  Time since last request: 0.000033 seconds.
  path: Assets/_Course Library/Audio/FX/SFX_UI_Click_1.ogg
  artifactKey: Guid(8436c8cf5779f4fbda9ea5a4acee8d73) Importer(815301076,1909f56bfc062723c751e8b465ee728b)
Start importing Assets/_Course Library/Audio/FX/SFX_UI_Click_1.ogg using Guid(8436c8cf5779f4fbda9ea5a4acee8d73) Importer(815301076,1909f56bfc062723c751e8b465ee728b)  -> (artifact id: 'c484e96cda67f7007085ce3663b12dde') in 0.015860 seconds 
========================================================================
Received Import Request.
  Time since last request: 0.000023 seconds.
  path: Assets/_Course Library/Audio/FX/SFX_Machine_Shoot_4.ogg
  artifactKey: Guid(9b1ecbe797fdd40e0bfc0900b6ad0400) Importer(815301076,1909f56bfc062723c751e8b465ee728b)
Start importing Assets/_Course Library/Audio/FX/SFX_Machine_Shoot_4.ogg using Guid(9b1ecbe797fdd40e0bfc0900b6ad0400) Importer(815301076,1909f56bfc062723c751e8b465ee728b)  -> (artifact id: 'd728f122d976486278edddf7fcd1d950') in 0.024964 seconds 
========================================================================
Received Import Request.
  Time since last request: 0.000030 seconds.
  path: Assets/_Course Library/Audio/FX/SFX_Impact_Plastic.ogg
  artifactKey: Guid(de71552a2aee34906aaf9ec2749b888f) Importer(815301076,1909f56bfc062723c751e8b465ee728b)
Start importing Assets/_Course Library/Audio/FX/SFX_Impact_Plastic.ogg using Guid(de71552a2aee34906aaf9ec2749b888f) Importer(815301076,1909f56bfc062723c751e8b465ee728b)  -> (artifact id: '1522db40b6fd70584cc9141c5d65cddd') in 0.014653 seconds 
========================================================================
Received Import Request.
  Time since last request: 0.000027 seconds.
  path: Assets/_Course Library/Audio/FX/SFX_UI_SciFi_Forward.ogg
  artifactKey: Guid(8514acdb166b1499a9ee49941ff691f0) Importer(815301076,1909f56bfc062723c751e8b465ee728b)
Start importing Assets/_Course Library/Audio/FX/SFX_UI_SciFi_Forward.ogg using Guid(8514acdb166b1499a9ee49941ff691f0) Importer(815301076,1909f56bfc062723c751e8b465ee728b)  -> (artifact id: '5d20dff519443441376d080864df8ec7') in 0.025836 seconds 
========================================================================
Received Import Request.
  Time since last request: 0.000038 seconds.
  path: Assets/_Course Library/Audio/FX/SFX_Loop_Liquid_Pour.ogg
  artifactKey: Guid(2750d8f1e9746416a82993326371d29f) Importer(815301076,1909f56bfc062723c751e8b465ee728b)
Start importing Assets/_Course Library/Audio/FX/SFX_Loop_Liquid_Pour.ogg using Guid(2750d8f1e9746416a82993326371d29f) Importer(815301076,1909f56bfc062723c751e8b465ee728b)  -> (artifact id: 'c3bceca8126957fcef1e1b34af1a8aae') in 0.016270 seconds 
========================================================================
Received Import Request.
  Time since last request: 0.000026 seconds.
  path: Assets/_Course Library/Audio/FX/SFX_UI_Click_3.ogg
  artifactKey: Guid(0d9ba9deac23f4ff199b989fe352e768) Importer(815301076,1909f56bfc062723c751e8b465ee728b)
Start importing Assets/_Course Library/Audio/FX/SFX_UI_Click_3.ogg using Guid(0d9ba9deac23f4ff199b989fe352e768) Importer(815301076,1909f56bfc062723c751e8b465ee728b)  -> (artifact id: '621d3f7817ed119d38f106fc98941625') in 0.012952 seconds 
========================================================================
Received Import Request.
  Time since last request: 0.000029 seconds.
  path: Assets/_Course Library/Audio/FX/SFX_Impact_Log.ogg
  artifactKey: Guid(5fa2a1e03047f4f37a8f475c272636e7) Importer(815301076,1909f56bfc062723c751e8b465ee728b)
Start importing Assets/_Course Library/Audio/FX/SFX_Impact_Log.ogg using Guid(5fa2a1e03047f4f37a8f475c272636e7) Importer(815301076,1909f56bfc062723c751e8b465ee728b)  -> (artifact id: '3b4de7d156c6f7e5a4f4eb167e9f3624') in 0.021776 seconds 
========================================================================
Received Import Request.
  Time since last request: 0.000024 seconds.
  path: Assets/_Course Library/Audio/FX/SFX_Loop_Buzz_2.ogg
  artifactKey: Guid(c0485129cacdd4a4c9822d92e2a9adc2) Importer(815301076,1909f56bfc062723c751e8b465ee728b)
Start importing Assets/_Course Library/Audio/FX/SFX_Loop_Buzz_2.ogg using Guid(c0485129cacdd4a4c9822d92e2a9adc2) Importer(815301076,1909f56bfc062723c751e8b465ee728b)  -> (artifact id: '247bef133b8eaff76a7a7cb022110868') in 0.020515 seconds 
========================================================================
Received Import Request.
  Time since last request: 0.000034 seconds.
  path: Assets/_Course Library/Audio/FX/SFX_Impact_Books.ogg
  artifactKey: Guid(fab5b2719139b410aab0fc2af968e4ff) Importer(815301076,1909f56bfc062723c751e8b465ee728b)
Start importing Assets/_Course Library/Audio/FX/SFX_Impact_Books.ogg using Guid(fab5b2719139b410aab0fc2af968e4ff) Importer(815301076,1909f56bfc062723c751e8b465ee728b)  -> (artifact id: 'af5821f2e7dfc6c2edf41f056ca433b0') in 0.016962 seconds 
========================================================================
Received Import Request.
  Time since last request: 0.000040 seconds.
  path: Assets/_Course Library/Audio/FX/SFX_Machine_Shoot_2.ogg
  artifactKey: Guid(5ba88ca933c5b4e579c5e971949a6295) Importer(815301076,1909f56bfc062723c751e8b465ee728b)
Start importing Assets/_Course Library/Audio/FX/SFX_Machine_Shoot_2.ogg using Guid(5ba88ca933c5b4e579c5e971949a6295) Importer(815301076,1909f56bfc062723c751e8b465ee728b)  -> (artifact id: 'd6c7c4f1a8a10d545e56223312b13b87') in 0.018187 seconds 
========================================================================
Received Import Request.
  Time since last request: 0.000036 seconds.
  path: Assets/_Course Library/Audio/FX/SFX_Loop_Buzz_1.ogg
  artifactKey: Guid(088ba1df0d9c04f62b913b155a14cd10) Importer(815301076,1909f56bfc062723c751e8b465ee728b)
Start importing Assets/_Course Library/Audio/FX/SFX_Loop_Buzz_1.ogg using Guid(088ba1df0d9c04f62b913b155a14cd10) Importer(815301076,1909f56bfc062723c751e8b465ee728b)  -> (artifact id: 'cb706b7b3b8f5aa51461d9f88f95ea0f') in 0.021780 seconds 
========================================================================
Received Import Request.
  Time since last request: 0.000042 seconds.
  path: Assets/_Course Library/Audio/FX/SFX_UI_Click_2.ogg
  artifactKey: Guid(39eeabf0f489f4e46a024aa733bf1b4b) Importer(815301076,1909f56bfc062723c751e8b465ee728b)
Start importing Assets/_Course Library/Audio/FX/SFX_UI_Click_2.ogg using Guid(39eeabf0f489f4e46a024aa733bf1b4b) Importer(815301076,1909f56bfc062723c751e8b465ee728b)  -> (artifact id: '46d47c620e9555c260763ac2f22f0ea7') in 0.020398 seconds 
========================================================================
Received Import Request.
  Time since last request: 0.000030 seconds.
  path: Assets/_Course Library/Audio/FX/SFX_Machine_Stamp.ogg
  artifactKey: Guid(f3c16f48623484a42b8624861a87ca11) Importer(815301076,1909f56bfc062723c751e8b465ee728b)
Start importing Assets/_Course Library/Audio/FX/SFX_Machine_Stamp.ogg using Guid(f3c16f48623484a42b8624861a87ca11) Importer(815301076,1909f56bfc062723c751e8b465ee728b)  -> (artifact id: 'bdc8601f006f5ace153f8a02ed4adfdf') in 0.030594 seconds 
========================================================================
Received Import Request.
  Time since last request: 0.000027 seconds.
  path: Assets/_Course Library/Audio/FX/SFX_Loop_RadioTuning.ogg
  artifactKey: Guid(658a9d5e3f97b4f52b6bb3a615fd3b92) Importer(815301076,1909f56bfc062723c751e8b465ee728b)
Start importing Assets/_Course Library/Audio/FX/SFX_Loop_RadioTuning.ogg using Guid(658a9d5e3f97b4f52b6bb3a615fd3b92) Importer(815301076,1909f56bfc062723c751e8b465ee728b)  -> (artifact id: 'ad4994d57e1f4c59b2b4650f916bf450') in 0.015702 seconds 
========================================================================
Received Import Request.
  Time since last request: 0.000032 seconds.
  path: Assets/_Course Library/Audio/FX/SFX_Bird_2.ogg
  artifactKey: Guid(5852b85f5b6c7456db15d397337533a3) Importer(815301076,1909f56bfc062723c751e8b465ee728b)
Start importing Assets/_Course Library/Audio/FX/SFX_Bird_2.ogg using Guid(5852b85f5b6c7456db15d397337533a3) Importer(815301076,1909f56bfc062723c751e8b465ee728b)  -> (artifact id: '063fceb5a30a1b198d6667016e51b871') in 0.034423 seconds 
========================================================================
Received Prepare
Registering precompiled user dll's ...
Registered in 0.010687 seconds.
Begin MonoManager ReloadAssembly
Symbol file LoadedFromMemory doesn't match image K:\GitHub Repositories\uow-ar-vr-class\ARVR_Assignment2\Library\PackageCache\com.unity.visualscripting@1.7.8\Editor\VisualScripting.Core\Dependencies\DotNetZip\Unity.VisualScripting.IonicZip.dll
Symbol file LoadedFromMemory doesn't match image K:\GitHub Repositories\uow-ar-vr-class\ARVR_Assignment2\Library\PackageCache\com.unity.visualscripting@1.7.8\Editor\VisualScripting.Core\Dependencies\YamlDotNet\Unity.VisualScripting.YamlDotNet.dll
Native extension for UWP target not found
Native extension for WindowsStandalone target not found
Refreshing native plugins compatible for Editor in 2.40 ms, found 9 plugins.
Preloading 0 native plugins for Editor in 0.00 ms.
Mono: successfully reloaded assembly
- Completed reload, in  2.744 seconds
Domain Reload Profiling:
	ReloadAssembly (2745ms)
		BeginReloadAssembly (253ms)
			ExecutionOrderSort (0ms)
			DisableScriptedObjects (9ms)
			BackupInstance (0ms)
			ReleaseScriptingObjects (0ms)
			CreateAndSetChildDomain (88ms)
		EndReloadAssembly (2334ms)
			LoadAssemblies (153ms)
			RebuildTransferFunctionScriptingTraits (0ms)
			SetupTypeCache (496ms)
			ReleaseScriptCaches (3ms)
			RebuildScriptCaches (104ms)
			SetupLoadedEditorAssemblies (1223ms)
				LogAssemblyErrors (0ms)
				InitializePlatformSupportModulesInManaged (27ms)
				SetLoadedEditorAssemblies (2ms)
				RefreshPlugins (2ms)
				BeforeProcessingInitializeOnLoad (210ms)
				ProcessInitializeOnLoadAttributes (760ms)
				ProcessInitializeOnLoadMethodAttributes (217ms)
				AfterProcessingInitializeOnLoad (5ms)
				EditorAssembliesLoaded (0ms)
			ExecutionOrderSort2 (0ms)
			AwakeInstancesAfterBackupRestoration (30ms)
Platform modules already initialized, skipping
Refreshing native plugins compatible for Editor in 17.98 ms, found 9 plugins.
Preloading 0 native plugins for Editor in 0.00 ms.
Unloading 5772 Unused Serialized files (Serialized files now loaded: 0)
Unloading 50 unused Assets / (0.7 MB). Loaded Objects now: 6450.
Memory consumption went from 246.0 MB to 245.3 MB.
Total: 8.456300 ms (FindLiveObjects: 0.620800 ms CreateObjectMapping: 0.782200 ms MarkObjects: 5.522100 ms  DeleteObjects: 1.529900 ms)

AssetImportParameters requested are different than current active one (requested -> active):
  custom:video-decoder-ogg-theora: a1e56fd34408186e4bbccfd4996cb3dc -> 
  custom:container-muxer-webm: aa71ff27fc2769a1b78a27578f13a17b -> 
  custom:container-demuxer-webm: 4f35f7cbe854078d1ac9338744f61a02 -> 
  custom:video-encoder-webm-vp8: eb34c28f22e8b96e1ab97ce403110664 -> 
  custom:audio-encoder-webm-vorbis: bf7c407c2cedff20999df2af8eb42d56 -> 
  custom:framework-win-MediaFoundation: 216162199b28c13a410421893ffa2e32 -> 
  custom:container-demuxer-ogg: 62fdf1f143b41e24485cea50d1cbac27 -> 
  custom:video-decoder-webm-vp8: 9c59270c3fd7afecdb556c50c9e8de78 -> 
  custom:audio-decoder-ogg-vorbis: bf7c407c2cedff20999df2af8eb42d56 -> 
Editor requested this worker to shutdown with reason: Scaling down because of idle timeout
AssetImportWorker is now disconnected from the server
Process exiting
Exiting without the bug reporter. Application will terminate with return code 0