Using pre-set license
Built from '2021.3/staging' branch; Version is '2021.3.15f1 (e8e88683f834) revision 15263878'; Using compiler version '192829333'; Build Type 'Release'
OS: 'Windows 10  (10.0.18363) 64bit Professional' Language: 'en' Physical Memory: 32699 MB
BatchMode: 1, IsHumanControllingUs: 0, StartBugReporterOnCrash: 0, Is64bit: 1, IsPro: 1

COMMAND LINE ARGUMENTS:
K:\Unity\Unity Hub\2021.3.15f1\Editor\Unity.exe
-adb2
-batchMode
-noUpm
-name
AssetImportWorker6
-projectPath
K:/GitHub Repositories/uow-ar-vr-class/ARVR_Assignment2
-logFile
Logs/AssetImportWorker6.log
-srvPort
63309
Successfully changed project path to: K:/GitHub Repositories/uow-ar-vr-class/ARVR_Assignment2
K:/GitHub Repositories/uow-ar-vr-class/ARVR_Assignment2
[UnityMemory] Configuration Parameters - Can be set up in boot.config
    "memorysetup-bucket-allocator-granularity=16"
    "memorysetup-bucket-allocator-bucket-count=8"
    "memorysetup-bucket-allocator-block-size=33554432"
    "memorysetup-bucket-allocator-block-count=8"
    "memorysetup-main-allocator-block-size=16777216"
    "memorysetup-thread-allocator-block-size=16777216"
    "memorysetup-gfx-main-allocator-block-size=16777216"
    "memorysetup-gfx-thread-allocator-block-size=16777216"
    "memorysetup-cache-allocator-block-size=4194304"
    "memorysetup-typetree-allocator-block-size=2097152"
    "memorysetup-profiler-bucket-allocator-granularity=16"
    "memorysetup-profiler-bucket-allocator-bucket-count=8"
    "memorysetup-profiler-bucket-allocator-block-size=33554432"
    "memorysetup-profiler-bucket-allocator-block-count=8"
    "memorysetup-profiler-allocator-block-size=16777216"
    "memorysetup-profiler-editor-allocator-block-size=1048576"
    "memorysetup-temp-allocator-size-main=16777216"
    "memorysetup-job-temp-allocator-block-size=2097152"
    "memorysetup-job-temp-allocator-block-size-background=1048576"
    "memorysetup-job-temp-allocator-reduction-small-platforms=262144"
    "memorysetup-temp-allocator-size-background-worker=32768"
    "memorysetup-temp-allocator-size-job-worker=262144"
    "memorysetup-temp-allocator-size-preload-manager=33554432"
    "memorysetup-temp-allocator-size-nav-mesh-worker=65536"
    "memorysetup-temp-allocator-size-audio-worker=65536"
    "memorysetup-temp-allocator-size-cloud-worker=32768"
    "memorysetup-temp-allocator-size-gi-baking-worker=262144"
    "memorysetup-temp-allocator-size-gfx=262144"
Player connection [42220] Host "[IP] 192.168.56.1 [Port] 0 [Flags] 2 [Guid] 3981943109 [EditorId] 3981943109 [Version] 1048832 [Id] WindowsEditor(7,DESKTOP-6QALVEK) [Debug] 1 [PackageName] WindowsEditor [ProjectName] Editor" joined multi-casting on [225.0.0.222:54997]...

Player connection [42220] Host "[IP] 192.168.56.1 [Port] 0 [Flags] 2 [Guid] 3981943109 [EditorId] 3981943109 [Version] 1048832 [Id] WindowsEditor(7,DESKTOP-6QALVEK) [Debug] 1 [PackageName] WindowsEditor [ProjectName] Editor" joined alternative multi-casting on [225.0.0.222:34997]...

Refreshing native plugins compatible for Editor in 338.90 ms, found 9 plugins.
Preloading 0 native plugins for Editor in 0.00 ms.
Initialize engine version: 2021.3.15f1 (e8e88683f834)
[Subsystems] Discovering subsystems at path K:/Unity/Unity Hub/2021.3.15f1/Editor/Data/Resources/UnitySubsystems
[Subsystems] Discovering subsystems at path K:/GitHub Repositories/uow-ar-vr-class/ARVR_Assignment2/Assets
GfxDevice: creating device client; threaded=0; jobified=0
Direct3D:
    Version:  Direct3D 11.0 [level 11.1]
    Renderer: NVIDIA GeForce RTX 2070 (ID=0x1f02)
    Vendor:   NVIDIA
    VRAM:     8019 MB
    Driver:   31.0.15.3141
Initialize mono
Mono path[0] = 'K:/Unity/Unity Hub/2021.3.15f1/Editor/Data/Managed'
Mono path[1] = 'K:/Unity/Unity Hub/2021.3.15f1/Editor/Data/MonoBleedingEdge/lib/mono/unityjit-win32'
Mono config path = 'K:/Unity/Unity Hub/2021.3.15f1/Editor/Data/MonoBleedingEdge/etc'
Using monoOptions --debugger-agent=transport=dt_socket,embedding=1,server=y,suspend=n,address=127.0.0.1:56000
Begin MonoManager ReloadAssembly
Registering precompiled unity dll's ...
Register platform support module: K:/Unity/Unity Hub/2021.3.15f1/Editor/Data/PlaybackEngines/WindowsStandaloneSupport/UnityEditor.WindowsStandalone.Extensions.dll
Register platform support module: K:/Unity/Unity Hub/2021.3.15f1/Editor/Data/PlaybackEngines/MetroSupport/UnityEditor.UWP.Extensions.dll
Registered in 0.003518 seconds.
Native extension for UWP target not found
Native extension for WindowsStandalone target not found
Refreshing native plugins compatible for Editor in 197.81 ms, found 9 plugins.
Preloading 0 native plugins for Editor in 0.00 ms.
Mono: successfully reloaded assembly
- Completed reload, in  1.242 seconds
Domain Reload Profiling:
	ReloadAssembly (1243ms)
		BeginReloadAssembly (111ms)
			ExecutionOrderSort (0ms)
			DisableScriptedObjects (0ms)
			BackupInstance (0ms)
			ReleaseScriptingObjects (0ms)
			CreateAndSetChildDomain (1ms)
		EndReloadAssembly (977ms)
			LoadAssemblies (110ms)
			RebuildTransferFunctionScriptingTraits (0ms)
			SetupTypeCache (176ms)
			ReleaseScriptCaches (0ms)
			RebuildScriptCaches (45ms)
			SetupLoadedEditorAssemblies (670ms)
				LogAssemblyErrors (0ms)
				InitializePlatformSupportModulesInManaged (11ms)
				SetLoadedEditorAssemblies (0ms)
				RefreshPlugins (198ms)
				BeforeProcessingInitializeOnLoad (2ms)
				ProcessInitializeOnLoadAttributes (362ms)
				ProcessInitializeOnLoadMethodAttributes (96ms)
				AfterProcessingInitializeOnLoad (0ms)
				EditorAssembliesLoaded (0ms)
			ExecutionOrderSort2 (0ms)
			AwakeInstancesAfterBackupRestoration (0ms)
Platform modules already initialized, skipping
Registering precompiled user dll's ...
Registered in 0.010551 seconds.
Begin MonoManager ReloadAssembly
Symbol file LoadedFromMemory doesn't match image K:\GitHub Repositories\uow-ar-vr-class\ARVR_Assignment2\Library\PackageCache\com.unity.visualscripting@1.7.8\Editor\VisualScripting.Core\Dependencies\DotNetZip\Unity.VisualScripting.IonicZip.dll
Symbol file LoadedFromMemory doesn't match image K:\GitHub Repositories\uow-ar-vr-class\ARVR_Assignment2\Library\PackageCache\com.unity.visualscripting@1.7.8\Editor\VisualScripting.Core\Dependencies\YamlDotNet\Unity.VisualScripting.YamlDotNet.dll
Native extension for UWP target not found
Native extension for WindowsStandalone target not found
Refreshing native plugins compatible for Editor in 243.47 ms, found 9 plugins.
Preloading 0 native plugins for Editor in 0.00 ms.
Package Manager log level set to [2]
Mono: successfully reloaded assembly
- Completed reload, in  2.924 seconds
Domain Reload Profiling:
	ReloadAssembly (2926ms)
		BeginReloadAssembly (183ms)
			ExecutionOrderSort (0ms)
			DisableScriptedObjects (10ms)
			BackupInstance (0ms)
			ReleaseScriptingObjects (0ms)
			CreateAndSetChildDomain (36ms)
		EndReloadAssembly (2546ms)
			LoadAssemblies (141ms)
			RebuildTransferFunctionScriptingTraits (0ms)
			SetupTypeCache (566ms)
			ReleaseScriptCaches (1ms)
			RebuildScriptCaches (144ms)
			SetupLoadedEditorAssemblies (1568ms)
				LogAssemblyErrors (0ms)
				InitializePlatformSupportModulesInManaged (9ms)
				SetLoadedEditorAssemblies (0ms)
				RefreshPlugins (244ms)
				BeforeProcessingInitializeOnLoad (319ms)
				ProcessInitializeOnLoadAttributes (826ms)
				ProcessInitializeOnLoadMethodAttributes (165ms)
				AfterProcessingInitializeOnLoad (4ms)
				EditorAssembliesLoaded (0ms)
			ExecutionOrderSort2 (0ms)
			AwakeInstancesAfterBackupRestoration (13ms)
Platform modules already initialized, skipping
========================================================================
Worker process is ready to serve import requests
Launched and connected shader compiler UnityShaderCompiler.exe after 0.06 seconds
Refreshing native plugins compatible for Editor in 1.90 ms, found 9 plugins.
Preloading 0 native plugins for Editor in 0.00 ms.
Unloading 5906 Unused Serialized files (Serialized files now loaded: 0)
Unloading 60 unused Assets / (0.7 MB). Loaded Objects now: 6339.
Memory consumption went from 229.7 MB to 229.0 MB.
Total: 6.920400 ms (FindLiveObjects: 0.678900 ms CreateObjectMapping: 0.786900 ms MarkObjects: 5.023000 ms  DeleteObjects: 0.430100 ms)

AssetImportParameters requested are different than current active one (requested -> active):
  custom:video-decoder-ogg-theora: a1e56fd34408186e4bbccfd4996cb3dc -> 
  custom:container-muxer-webm: aa71ff27fc2769a1b78a27578f13a17b -> 
  custom:container-demuxer-webm: 4f35f7cbe854078d1ac9338744f61a02 -> 
  custom:video-encoder-webm-vp8: eb34c28f22e8b96e1ab97ce403110664 -> 
  custom:audio-encoder-webm-vorbis: bf7c407c2cedff20999df2af8eb42d56 -> 
  custom:framework-win-MediaFoundation: 216162199b28c13a410421893ffa2e32 -> 
  custom:container-demuxer-ogg: 62fdf1f143b41e24485cea50d1cbac27 -> 
  custom:video-decoder-webm-vp8: 9c59270c3fd7afecdb556c50c9e8de78 -> 
  custom:audio-decoder-ogg-vorbis: bf7c407c2cedff20999df2af8eb42d56 -> 
========================================================================
Received Import Request.
  Time since last request: 9885.381558 seconds.
  path: Assets/_Course Library/_Prefabs/Mirrors/Mirror_Square_Brown.prefab
  artifactKey: Guid(ab8bc30cac3fdea4ebb6fed84ac46cbd) Importer(815301076,1909f56bfc062723c751e8b465ee728b)
Start importing Assets/_Course Library/_Prefabs/Mirrors/Mirror_Square_Brown.prefab using Guid(ab8bc30cac3fdea4ebb6fed84ac46cbd) Importer(815301076,1909f56bfc062723c751e8b465ee728b)  -> (artifact id: 'e4291c539fe436a5f7ddcf2fd24d90e7') in 0.430416 seconds 
========================================================================
Received Import Request.
  Time since last request: 3.326699 seconds.
  path: Assets/_Course Library/_Prefabs/Objects/Electronics/Camera_Photograph.prefab
  artifactKey: Guid(3dabf4d9563cdc0468cf785661c2ff17) Importer(815301076,1909f56bfc062723c751e8b465ee728b)
Start importing Assets/_Course Library/_Prefabs/Objects/Electronics/Camera_Photograph.prefab using Guid(3dabf4d9563cdc0468cf785661c2ff17) Importer(815301076,1909f56bfc062723c751e8b465ee728b)  -> (artifact id: '6e87b6cfda9d40a55a43f01f56e2042f') in 0.042997 seconds 
========================================================================
Received Import Request.
  Time since last request: 0.000026 seconds.
  path: Assets/_Course Library/_Prefabs/Objects/Electronics/Clock_Digital.prefab
  artifactKey: Guid(97b24df0c5223427784dd09efe9b76df) Importer(815301076,1909f56bfc062723c751e8b465ee728b)
Start importing Assets/_Course Library/_Prefabs/Objects/Electronics/Clock_Digital.prefab using Guid(97b24df0c5223427784dd09efe9b76df) Importer(815301076,1909f56bfc062723c751e8b465ee728b)  -> (artifact id: 'b0d21ec53c412e649544984db59f3aee') in 0.015813 seconds 
========================================================================
Received Import Request.
  Time since last request: 0.000026 seconds.
  path: Assets/_Course Library/_Prefabs/Objects/Electronics/Phone_Blue.prefab
  artifactKey: Guid(f91e2960a3aa55e469f93bf615efa036) Importer(815301076,1909f56bfc062723c751e8b465ee728b)
Start importing Assets/_Course Library/_Prefabs/Objects/Electronics/Phone_Blue.prefab using Guid(f91e2960a3aa55e469f93bf615efa036) Importer(815301076,1909f56bfc062723c751e8b465ee728b)  -> (artifact id: '0b7aa1281a8bd33965b8c78dcddcf241') in 0.022838 seconds 
========================================================================
Received Import Request.
  Time since last request: 0.000033 seconds.
  path: Assets/_Course Library/_Prefabs/Objects/Electronics/Tablet_Purple.prefab
  artifactKey: Guid(4be497e6e26d5f545ae737c2136c7418) Importer(815301076,1909f56bfc062723c751e8b465ee728b)
Start importing Assets/_Course Library/_Prefabs/Objects/Electronics/Tablet_Purple.prefab using Guid(4be497e6e26d5f545ae737c2136c7418) Importer(815301076,1909f56bfc062723c751e8b465ee728b)  -> (artifact id: 'c1f9e8e6edc81570f109a5468da5ba54') in 0.034764 seconds 
========================================================================
Received Import Request.
  Time since last request: 0.000037 seconds.
  path: Assets/_Course Library/_Prefabs/Objects/Electronics/Remote.prefab
  artifactKey: Guid(ea01289ad12c363458e3a12b1e6afdf2) Importer(815301076,1909f56bfc062723c751e8b465ee728b)
Start importing Assets/_Course Library/_Prefabs/Objects/Electronics/Remote.prefab using Guid(ea01289ad12c363458e3a12b1e6afdf2) Importer(815301076,1909f56bfc062723c751e8b465ee728b)  -> (artifact id: 'c14f699182168068f34ab711b11e1036') in 0.027319 seconds 
========================================================================
Received Import Request.
  Time since last request: 4.615569 seconds.
  path: Assets/_Course Library/_Prefabs/Objects/Containers/Container_Bottle_Red.prefab
  artifactKey: Guid(560c67828e5e33440943d72800ab3aae) Importer(815301076,1909f56bfc062723c751e8b465ee728b)
Start importing Assets/_Course Library/_Prefabs/Objects/Containers/Container_Bottle_Red.prefab using Guid(560c67828e5e33440943d72800ab3aae) Importer(815301076,1909f56bfc062723c751e8b465ee728b)  -> (artifact id: '039f45f1ce36f7e9421fb765a2bce1b1') in 0.027624 seconds 
========================================================================
Received Import Request.
  Time since last request: 0.000051 seconds.
  path: Assets/_Course Library/_Prefabs/Objects/Containers/Container_Can_Red.prefab
  artifactKey: Guid(8ddc6f3b9a64c6a49948d22d5d2fa59d) Importer(815301076,1909f56bfc062723c751e8b465ee728b)
Start importing Assets/_Course Library/_Prefabs/Objects/Containers/Container_Can_Red.prefab using Guid(8ddc6f3b9a64c6a49948d22d5d2fa59d) Importer(815301076,1909f56bfc062723c751e8b465ee728b)  -> (artifact id: '624884202de3142eb2dfe507c90f848b') in 0.045275 seconds 
========================================================================
Received Import Request.
  Time since last request: 1.123489 seconds.
  path: Assets/_Course Library/_Prefabs/Objects/Books/Book_A_Brown.prefab
  artifactKey: Guid(39769aa81defa294a988cff8024333a6) Importer(815301076,1909f56bfc062723c751e8b465ee728b)
Start importing Assets/_Course Library/_Prefabs/Objects/Books/Book_A_Brown.prefab using Guid(39769aa81defa294a988cff8024333a6) Importer(815301076,1909f56bfc062723c751e8b465ee728b)  -> (artifact id: '7cf3c010d062a2a195a820f4b39e5863') in 0.023956 seconds 
========================================================================
Received Import Request.
  Time since last request: 0.001939 seconds.
  path: Assets/_Course Library/_Prefabs/Objects/Books/Book_B_BrownBlue.prefab
  artifactKey: Guid(d2edcacd4650922478f153e2da3ea52c) Importer(815301076,1909f56bfc062723c751e8b465ee728b)
Start importing Assets/_Course Library/_Prefabs/Objects/Books/Book_B_BrownBlue.prefab using Guid(d2edcacd4650922478f153e2da3ea52c) Importer(815301076,1909f56bfc062723c751e8b465ee728b)  -> (artifact id: '5a6b3da27e9c950706dda50b285af5bc') in 0.038141 seconds 
========================================================================
Received Import Request.
  Time since last request: 0.000026 seconds.
  path: Assets/_Course Library/_Prefabs/Objects/Books/Book_C_Green.prefab
  artifactKey: Guid(aceac99ed0f74f443850d9a9365d671f) Importer(815301076,1909f56bfc062723c751e8b465ee728b)
Start importing Assets/_Course Library/_Prefabs/Objects/Books/Book_C_Green.prefab using Guid(aceac99ed0f74f443850d9a9365d671f) Importer(815301076,1909f56bfc062723c751e8b465ee728b)  -> (artifact id: '2470e6eef9e0b4dc28a1e71f341a5c96') in 0.023066 seconds 
========================================================================
Received Import Request.
  Time since last request: 9.261198 seconds.
  path: Assets/_Course Library/_Prefabs/Bins/Bin_Round_Brown.prefab
  artifactKey: Guid(aacffe4a73d9b934ea85092756f457ab) Importer(815301076,1909f56bfc062723c751e8b465ee728b)
Start importing Assets/_Course Library/_Prefabs/Bins/Bin_Round_Brown.prefab using Guid(aacffe4a73d9b934ea85092756f457ab) Importer(815301076,1909f56bfc062723c751e8b465ee728b)  -> (artifact id: '3b6a6b60654e6116a2a9f1a7cd5b3619') in 0.030667 seconds 
========================================================================
Received Import Request.
  Time since last request: 0.000039 seconds.
  path: Assets/_Course Library/_Prefabs/Bins/Bin_Square_White.prefab
  artifactKey: Guid(dbe7b9e1570050841a8f1d6f3ee2629f) Importer(815301076,1909f56bfc062723c751e8b465ee728b)
Start importing Assets/_Course Library/_Prefabs/Bins/Bin_Square_White.prefab using Guid(dbe7b9e1570050841a8f1d6f3ee2629f) Importer(815301076,1909f56bfc062723c751e8b465ee728b)  -> (artifact id: 'c11f9431789bcf6beaa49a7fee04073b') in 0.032703 seconds 
========================================================================
Received Import Request.
  Time since last request: 1.414646 seconds.
  path: Assets/_Course Library/_Prefabs/Art/Art_Painting_Desert.prefab
  artifactKey: Guid(058f9e06dbcfdea45bbef5faa545c076) Importer(815301076,1909f56bfc062723c751e8b465ee728b)
Start importing Assets/_Course Library/_Prefabs/Art/Art_Painting_Desert.prefab using Guid(058f9e06dbcfdea45bbef5faa545c076) Importer(815301076,1909f56bfc062723c751e8b465ee728b)  -> (artifact id: '21609997afa63b62dbcac33a01fd3a6e') in 0.030099 seconds 
========================================================================
Received Import Request.
  Time since last request: 0.000167 seconds.
  path: Assets/_Course Library/_Prefabs/Art/Art_Painting_Swan.prefab
  artifactKey: Guid(a3e93e0121486e340ac0796260e744ab) Importer(815301076,1909f56bfc062723c751e8b465ee728b)
Start importing Assets/_Course Library/_Prefabs/Art/Art_Painting_Swan.prefab using Guid(a3e93e0121486e340ac0796260e744ab) Importer(815301076,1909f56bfc062723c751e8b465ee728b)  -> (artifact id: 'fe7e64b108e0bec4de141064b81202f6') in 0.027040 seconds 
========================================================================
Received Import Request.
  Time since last request: 46.773928 seconds.
  path: Assets/_Course Library/_Prefabs/Plants/Plant_B.prefab
  artifactKey: Guid(8085ccd0a01eb441da3fd9ab66229f33) Importer(815301076,1909f56bfc062723c751e8b465ee728b)
Start importing Assets/_Course Library/_Prefabs/Plants/Plant_B.prefab using Guid(8085ccd0a01eb441da3fd9ab66229f33) Importer(815301076,1909f56bfc062723c751e8b465ee728b)  -> (artifact id: 'cbabb90d337490491a11d6ace465ffde') in 0.056464 seconds 
========================================================================
Received Import Request.
  Time since last request: 5.584704 seconds.
  path: Assets/_Course Library/_Prefabs/Objects/Launchers/Launcher_Stapler.prefab
  artifactKey: Guid(891b1af7c2150f94f95fdcac2bcc28e4) Importer(815301076,1909f56bfc062723c751e8b465ee728b)
Start importing Assets/_Course Library/_Prefabs/Objects/Launchers/Launcher_Stapler.prefab using Guid(891b1af7c2150f94f95fdcac2bcc28e4) Importer(815301076,1909f56bfc062723c751e8b465ee728b)  -> (artifact id: '58d793c03f98e2a56251d05a7e4444b6') in 0.037287 seconds 
========================================================================
Received Import Request.
  Time since last request: 2.308719 seconds.
  path: Assets/_Course Library/_Prefabs/Objects/Hats/Hat_Captain_Black.prefab
  artifactKey: Guid(0d90b882636c6034b8e91bb072d0c083) Importer(815301076,1909f56bfc062723c751e8b465ee728b)
Start importing Assets/_Course Library/_Prefabs/Objects/Hats/Hat_Captain_Black.prefab using Guid(0d90b882636c6034b8e91bb072d0c083) Importer(815301076,1909f56bfc062723c751e8b465ee728b)  -> (artifact id: 'bf00b97c93c072dbdeedc17d7c412e48') in 0.041841 seconds 
========================================================================
Received Import Request.
  Time since last request: 0.000112 seconds.
  path: Assets/_Course Library/_Prefabs/Objects/Hats/Hat_Witch_Black.prefab
  artifactKey: Guid(bb26561acd7e7ae4895b77c19a7f7487) Importer(815301076,1909f56bfc062723c751e8b465ee728b)
Start importing Assets/_Course Library/_Prefabs/Objects/Hats/Hat_Witch_Black.prefab using Guid(bb26561acd7e7ae4895b77c19a7f7487) Importer(815301076,1909f56bfc062723c751e8b465ee728b)  -> (artifact id: '7b79e4ebf8c9d4ba350e2d2dc389efaa') in 0.062607 seconds 
========================================================================
Received Import Request.
  Time since last request: 0.371821 seconds.
  path: Assets/_Course Library/_Prefabs/Objects/Fruit/Food_Apple_Red.prefab
  artifactKey: Guid(74d706ff2cc4eac4c85e825b7ac6d86b) Importer(815301076,1909f56bfc062723c751e8b465ee728b)
Start importing Assets/_Course Library/_Prefabs/Objects/Fruit/Food_Apple_Red.prefab using Guid(74d706ff2cc4eac4c85e825b7ac6d86b) Importer(815301076,1909f56bfc062723c751e8b465ee728b)  -> (artifact id: '56de4ef836e39e171118d9a7a3d03945') in 0.023536 seconds 
========================================================================
Received Import Request.
  Time since last request: 230.009372 seconds.
  path: Assets/_Course Library/_Prefabs/Objects/Candles/Lightsource_Candle_Blue.prefab
  artifactKey: Guid(cfd1e988d943aca459db611268e2eecc) Importer(815301076,1909f56bfc062723c751e8b465ee728b)
Start importing Assets/_Course Library/_Prefabs/Objects/Candles/Lightsource_Candle_Blue.prefab using Guid(cfd1e988d943aca459db611268e2eecc) Importer(815301076,1909f56bfc062723c751e8b465ee728b)  -> (artifact id: '4ab049107fd1f4548312ad631502bd8a') in 0.043282 seconds 
========================================================================
Received Import Request.
  Time since last request: 0.000081 seconds.
  path: Assets/_Course Library/_Prefabs/Objects/Candles/Lightsource_Candle_Pink.prefab
  artifactKey: Guid(04b79e8ccd1ac574e89182d359c0ee81) Importer(815301076,1909f56bfc062723c751e8b465ee728b)
Start importing Assets/_Course Library/_Prefabs/Objects/Candles/Lightsource_Candle_Pink.prefab using Guid(04b79e8ccd1ac574e89182d359c0ee81) Importer(815301076,1909f56bfc062723c751e8b465ee728b)  -> (artifact id: 'cb68510f64dbffe570d9d9973f053139') in 0.062093 seconds 
========================================================================
Received Import Request.
  Time since last request: 162.846699 seconds.
  path: Assets/_Course Library/_Prefabs/Objects/Light Sources/Lightsource_Flashlight_Blue.prefab
  artifactKey: Guid(502b096f021ed2b4ab6f727dbd9378b3) Importer(815301076,1909f56bfc062723c751e8b465ee728b)
Start importing Assets/_Course Library/_Prefabs/Objects/Light Sources/Lightsource_Flashlight_Blue.prefab using Guid(502b096f021ed2b4ab6f727dbd9378b3) Importer(815301076,1909f56bfc062723c751e8b465ee728b)  -> (artifact id: 'd3b856984f0f66885c1329166e70923e') in 0.036597 seconds 
========================================================================
Received Import Request.
  Time since last request: 0.000028 seconds.
  path: Assets/_Course Library/_Prefabs/Objects/Light Sources/Lightsource_Lantern.prefab
  artifactKey: Guid(b8018346294f7d5488c6ddbf35ca0268) Importer(815301076,1909f56bfc062723c751e8b465ee728b)
Start importing Assets/_Course Library/_Prefabs/Objects/Light Sources/Lightsource_Lantern.prefab using Guid(b8018346294f7d5488c6ddbf35ca0268) Importer(815301076,1909f56bfc062723c751e8b465ee728b)  -> (artifact id: 'eadd950a3e6bb38799734c69f0fed301') in 0.028493 seconds 
========================================================================
Received Import Request.
  Time since last request: 1.067548 seconds.
  path: Assets/_Course Library/_Prefabs/Objects/Notebooks/Notebook_Brown.prefab
  artifactKey: Guid(0598faac6c7f62f4f92b2f771f20ca2d) Importer(815301076,1909f56bfc062723c751e8b465ee728b)
Start importing Assets/_Course Library/_Prefabs/Objects/Notebooks/Notebook_Brown.prefab using Guid(0598faac6c7f62f4f92b2f771f20ca2d) Importer(815301076,1909f56bfc062723c751e8b465ee728b)  -> (artifact id: '549daa168b71a55a387b55b5052cf22b') in 0.049504 seconds 
========================================================================
Received Import Request.
  Time since last request: 1.770490 seconds.
  path: Assets/_Course Library/_Prefabs/Objects/Miscellaneous/Lighter_Candle_Blue.prefab
  artifactKey: Guid(b260445a5b0da4bbba6645bba66a124f) Importer(815301076,1909f56bfc062723c751e8b465ee728b)
Start importing Assets/_Course Library/_Prefabs/Objects/Miscellaneous/Lighter_Candle_Blue.prefab using Guid(b260445a5b0da4bbba6645bba66a124f) Importer(815301076,1909f56bfc062723c751e8b465ee728b)  -> (artifact id: '4c25ebfc37446e89cb2eeceb78690d02') in 0.032255 seconds 
========================================================================
Received Import Request.
  Time since last request: 0.000028 seconds.
  path: Assets/_Course Library/_Prefabs/Objects/Miscellaneous/Object_MagnifyingGlass.prefab
  artifactKey: Guid(33dc28eb77358df4394d6ecb6e5a188b) Importer(815301076,1909f56bfc062723c751e8b465ee728b)
Start importing Assets/_Course Library/_Prefabs/Objects/Miscellaneous/Object_MagnifyingGlass.prefab using Guid(33dc28eb77358df4394d6ecb6e5a188b) Importer(815301076,1909f56bfc062723c751e8b465ee728b)  -> (artifact id: '61c4eb8d64983c8842d968d6f4b63fac') in 0.035006 seconds 
========================================================================
Received Import Request.
  Time since last request: 2.790371 seconds.
  path: Assets/_Course Library/_Prefabs/Objects/Speakers/Speaker_Boombox.prefab
  artifactKey: Guid(b1537290f47c63744ac10546e5a71f18) Importer(815301076,1909f56bfc062723c751e8b465ee728b)
Start importing Assets/_Course Library/_Prefabs/Objects/Speakers/Speaker_Boombox.prefab using Guid(b1537290f47c63744ac10546e5a71f18) Importer(815301076,1909f56bfc062723c751e8b465ee728b)  -> (artifact id: '31cd7ec51f824ef9bedfa9e63e819ffc') in 0.052565 seconds 
========================================================================
Received Import Request.
  Time since last request: 0.000029 seconds.
  path: Assets/_Course Library/_Prefabs/Objects/Speakers/Speaker_RecordPlayer_Gray.prefab
  artifactKey: Guid(210506ff450b7c448922566ff5280b49) Importer(815301076,1909f56bfc062723c751e8b465ee728b)
Start importing Assets/_Course Library/_Prefabs/Objects/Speakers/Speaker_RecordPlayer_Gray.prefab using Guid(210506ff450b7c448922566ff5280b49) Importer(815301076,1909f56bfc062723c751e8b465ee728b)  -> (artifact id: '8faa3710318b57b9a25f81a7f579d0b5') in 0.026203 seconds 
========================================================================
Received Import Request.
  Time since last request: 0.000043 seconds.
  path: Assets/_Course Library/_Prefabs/Objects/Speakers/Speaker_RecordPlayer_Record_Red.prefab
  artifactKey: Guid(1af25b8b5da9b46a08e6afc037ce95de) Importer(815301076,1909f56bfc062723c751e8b465ee728b)
Start importing Assets/_Course Library/_Prefabs/Objects/Speakers/Speaker_RecordPlayer_Record_Red.prefab using Guid(1af25b8b5da9b46a08e6afc037ce95de) Importer(815301076,1909f56bfc062723c751e8b465ee728b)  -> (artifact id: 'a88775338f5eaa3b105a2caf4cc53f7d') in 0.015290 seconds 
========================================================================
Received Import Request.
  Time since last request: 177.017311 seconds.
  path: Assets/_Course Library/_Prefabs/Storage
  artifactKey: Guid(f8e9d7c214ea04efab617583a3b27541) Importer(815301076,1909f56bfc062723c751e8b465ee728b)
Start importing Assets/_Course Library/_Prefabs/Storage using Guid(f8e9d7c214ea04efab617583a3b27541) Importer(815301076,1909f56bfc062723c751e8b465ee728b)  -> (artifact id: 'd587b191c775383f99ddaa03ecef8637') in 0.005326 seconds 
========================================================================
Received Import Request.
  Time since last request: 193.356495 seconds.
  path: Assets/_Course Library/_Prefabs/Objects/Sports/Baseball_Ball.prefab
  artifactKey: Guid(093d994e44bd73043850362e6d954a7e) Importer(815301076,1909f56bfc062723c751e8b465ee728b)
Start importing Assets/_Course Library/_Prefabs/Objects/Sports/Baseball_Ball.prefab using Guid(093d994e44bd73043850362e6d954a7e) Importer(815301076,1909f56bfc062723c751e8b465ee728b)  -> (artifact id: '63f5f48e7290472f3d3230601fb95ad2') in 0.037933 seconds 
========================================================================
Received Import Request.
  Time since last request: 0.000044 seconds.
  path: Assets/_Course Library/_Prefabs/Objects/Sports/Cricket_Bat_Blue.prefab
  artifactKey: Guid(7a54361820b3f824fb39245cfe88d864) Importer(815301076,1909f56bfc062723c751e8b465ee728b)
Start importing Assets/_Course Library/_Prefabs/Objects/Sports/Cricket_Bat_Blue.prefab using Guid(7a54361820b3f824fb39245cfe88d864) Importer(815301076,1909f56bfc062723c751e8b465ee728b)  -> (artifact id: 'be9e6ba7e723f59b702a4748ef182324') in 0.027835 seconds 
========================================================================
Received Import Request.
  Time since last request: 0.000025 seconds.
  path: Assets/_Course Library/_Prefabs/Objects/Sports/PingPong_Paddle_Blue.prefab
  artifactKey: Guid(e975811922683be4a80132e54bc36b18) Importer(815301076,1909f56bfc062723c751e8b465ee728b)
Start importing Assets/_Course Library/_Prefabs/Objects/Sports/PingPong_Paddle_Blue.prefab using Guid(e975811922683be4a80132e54bc36b18) Importer(815301076,1909f56bfc062723c751e8b465ee728b)  -> (artifact id: '1b18b0a043b657b9147dfbbcfc996026') in 0.028605 seconds 
========================================================================
Received Import Request.
  Time since last request: 0.000750 seconds.
  path: Assets/_Course Library/_Prefabs/Objects/Sports/Tennis_Ball_BlueRed.prefab
  artifactKey: Guid(fa28b352862d5cd4bb3513f56942579a) Importer(815301076,1909f56bfc062723c751e8b465ee728b)
Start importing Assets/_Course Library/_Prefabs/Objects/Sports/Tennis_Ball_BlueRed.prefab using Guid(fa28b352862d5cd4bb3513f56942579a) Importer(815301076,1909f56bfc062723c751e8b465ee728b)  -> (artifact id: 'fa64b2d615cb6e20efbf5a3663e5216b') in 0.031874 seconds 
========================================================================
Received Import Request.
  Time since last request: 0.000038 seconds.
  path: Assets/_Course Library/_Prefabs/Objects/Sports/Tennis_Racket_Blue.prefab
  artifactKey: Guid(53024bf1455f2604283bf60ea2f0ca2c) Importer(815301076,1909f56bfc062723c751e8b465ee728b)
Start importing Assets/_Course Library/_Prefabs/Objects/Sports/Tennis_Racket_Blue.prefab using Guid(53024bf1455f2604283bf60ea2f0ca2c) Importer(815301076,1909f56bfc062723c751e8b465ee728b)  -> (artifact id: 'a2e12a5fe16b2a35cbe51e5c1048f193') in 0.016230 seconds 
Editor requested this worker to shutdown with reason: Scaling down because of idle timeout
AssetImportWorker is now disconnected from the server
Process exiting
Exiting without the bug reporter. Application will terminate with return code 0