Using pre-set license
Built from '2021.3/staging' branch; Version is '2021.3.15f1 (e8e88683f834) revision 15263878'; Using compiler version '192829333'; Build Type 'Release'
OS: 'Windows 10  (10.0.18363) 64bit Professional' Language: 'en' Physical Memory: 32699 MB
BatchMode: 1, IsHumanControllingUs: 0, StartBugReporterOnCrash: 0, Is64bit: 1, IsPro: 1

COMMAND LINE ARGUMENTS:
K:\Unity\Unity Hub\2021.3.15f1\Editor\Unity.exe
-adb2
-batchMode
-noUpm
-name
AssetImportWorker1
-projectPath
K:/GitHub Repositories/uow-ar-vr-class/ARVR_Assignment2
-logFile
Logs/AssetImportWorker1.log
-srvPort
53254
Successfully changed project path to: K:/GitHub Repositories/uow-ar-vr-class/ARVR_Assignment2
K:/GitHub Repositories/uow-ar-vr-class/ARVR_Assignment2
[UnityMemory] Configuration Parameters - Can be set up in boot.config
    "memorysetup-bucket-allocator-granularity=16"
    "memorysetup-bucket-allocator-bucket-count=8"
    "memorysetup-bucket-allocator-block-size=33554432"
    "memorysetup-bucket-allocator-block-count=8"
    "memorysetup-main-allocator-block-size=16777216"
    "memorysetup-thread-allocator-block-size=16777216"
    "memorysetup-gfx-main-allocator-block-size=16777216"
    "memorysetup-gfx-thread-allocator-block-size=16777216"
    "memorysetup-cache-allocator-block-size=4194304"
    "memorysetup-typetree-allocator-block-size=2097152"
    "memorysetup-profiler-bucket-allocator-granularity=16"
    "memorysetup-profiler-bucket-allocator-bucket-count=8"
    "memorysetup-profiler-bucket-allocator-block-size=33554432"
    "memorysetup-profiler-bucket-allocator-block-count=8"
    "memorysetup-profiler-allocator-block-size=16777216"
    "memorysetup-profiler-editor-allocator-block-size=1048576"
    "memorysetup-temp-allocator-size-main=16777216"
    "memorysetup-job-temp-allocator-block-size=2097152"
    "memorysetup-job-temp-allocator-block-size-background=1048576"
    "memorysetup-job-temp-allocator-reduction-small-platforms=262144"
    "memorysetup-temp-allocator-size-background-worker=32768"
    "memorysetup-temp-allocator-size-job-worker=262144"
    "memorysetup-temp-allocator-size-preload-manager=33554432"
    "memorysetup-temp-allocator-size-nav-mesh-worker=65536"
    "memorysetup-temp-allocator-size-audio-worker=65536"
    "memorysetup-temp-allocator-size-cloud-worker=32768"
    "memorysetup-temp-allocator-size-gi-baking-worker=262144"
    "memorysetup-temp-allocator-size-gfx=262144"
Player connection [39188] Host "[IP] 192.168.56.1 [Port] 0 [Flags] 2 [Guid] 975173443 [EditorId] 975173443 [Version] 1048832 [Id] WindowsEditor(7,DESKTOP-6QALVEK) [Debug] 1 [PackageName] WindowsEditor [ProjectName] Editor" joined multi-casting on [225.0.0.222:54997]...

Player connection [39188] Host "[IP] 192.168.56.1 [Port] 0 [Flags] 2 [Guid] 975173443 [EditorId] 975173443 [Version] 1048832 [Id] WindowsEditor(7,DESKTOP-6QALVEK) [Debug] 1 [PackageName] WindowsEditor [ProjectName] Editor" joined alternative multi-casting on [225.0.0.222:34997]...

Refreshing native plugins compatible for Editor in 120.02 ms, found 9 plugins.
Preloading 0 native plugins for Editor in 0.00 ms.
Initialize engine version: 2021.3.15f1 (e8e88683f834)
[Subsystems] Discovering subsystems at path K:/Unity/Unity Hub/2021.3.15f1/Editor/Data/Resources/UnitySubsystems
[Subsystems] Discovering subsystems at path K:/GitHub Repositories/uow-ar-vr-class/ARVR_Assignment2/Assets
GfxDevice: creating device client; threaded=0; jobified=0
Direct3D:
    Version:  Direct3D 11.0 [level 11.1]
    Renderer: NVIDIA GeForce RTX 2070 (ID=0x1f02)
    Vendor:   NVIDIA
    VRAM:     8019 MB
    Driver:   31.0.15.3141
Initialize mono
Mono path[0] = 'K:/Unity/Unity Hub/2021.3.15f1/Editor/Data/Managed'
Mono path[1] = 'K:/Unity/Unity Hub/2021.3.15f1/Editor/Data/MonoBleedingEdge/lib/mono/unityjit-win32'
Mono config path = 'K:/Unity/Unity Hub/2021.3.15f1/Editor/Data/MonoBleedingEdge/etc'
Using monoOptions --debugger-agent=transport=dt_socket,embedding=1,server=y,suspend=n,address=127.0.0.1:56120
Begin MonoManager ReloadAssembly
Registering precompiled unity dll's ...
Register platform support module: K:/Unity/Unity Hub/2021.3.15f1/Editor/Data/PlaybackEngines/WindowsStandaloneSupport/UnityEditor.WindowsStandalone.Extensions.dll
Register platform support module: K:/Unity/Unity Hub/2021.3.15f1/Editor/Data/PlaybackEngines/MetroSupport/UnityEditor.UWP.Extensions.dll
Registered in 0.002989 seconds.
Native extension for UWP target not found
Native extension for WindowsStandalone target not found
Refreshing native plugins compatible for Editor in 216.52 ms, found 9 plugins.
Preloading 0 native plugins for Editor in 0.00 ms.
Mono: successfully reloaded assembly
- Completed reload, in  0.820 seconds
Domain Reload Profiling:
	ReloadAssembly (821ms)
		BeginReloadAssembly (70ms)
			ExecutionOrderSort (0ms)
			DisableScriptedObjects (0ms)
			BackupInstance (0ms)
			ReleaseScriptingObjects (0ms)
			CreateAndSetChildDomain (1ms)
		EndReloadAssembly (632ms)
			LoadAssemblies (69ms)
			RebuildTransferFunctionScriptingTraits (0ms)
			SetupTypeCache (126ms)
			ReleaseScriptCaches (0ms)
			RebuildScriptCaches (28ms)
			SetupLoadedEditorAssemblies (426ms)
				LogAssemblyErrors (0ms)
				InitializePlatformSupportModulesInManaged (8ms)
				SetLoadedEditorAssemblies (0ms)
				RefreshPlugins (217ms)
				BeforeProcessingInitializeOnLoad (1ms)
				ProcessInitializeOnLoadAttributes (146ms)
				ProcessInitializeOnLoadMethodAttributes (53ms)
				AfterProcessingInitializeOnLoad (0ms)
				EditorAssembliesLoaded (0ms)
			ExecutionOrderSort2 (0ms)
			AwakeInstancesAfterBackupRestoration (0ms)
Platform modules already initialized, skipping
Registering precompiled user dll's ...
Registered in 0.006446 seconds.
Begin MonoManager ReloadAssembly
Symbol file LoadedFromMemory doesn't match image K:\GitHub Repositories\uow-ar-vr-class\ARVR_Assignment2\Library\PackageCache\com.unity.visualscripting@1.7.8\Editor\VisualScripting.Core\Dependencies\DotNetZip\Unity.VisualScripting.IonicZip.dll
Symbol file LoadedFromMemory doesn't match image K:\GitHub Repositories\uow-ar-vr-class\ARVR_Assignment2\Library\PackageCache\com.unity.visualscripting@1.7.8\Editor\VisualScripting.Core\Dependencies\YamlDotNet\Unity.VisualScripting.YamlDotNet.dll
Native extension for UWP target not found
Native extension for WindowsStandalone target not found
Refreshing native plugins compatible for Editor in 125.47 ms, found 9 plugins.
Preloading 0 native plugins for Editor in 0.00 ms.
Package Manager log level set to [2]
Mono: successfully reloaded assembly
- Completed reload, in  1.457 seconds
Domain Reload Profiling:
	ReloadAssembly (1458ms)
		BeginReloadAssembly (107ms)
			ExecutionOrderSort (0ms)
			DisableScriptedObjects (6ms)
			BackupInstance (0ms)
			ReleaseScriptingObjects (0ms)
			CreateAndSetChildDomain (20ms)
		EndReloadAssembly (1233ms)
			LoadAssemblies (82ms)
			RebuildTransferFunctionScriptingTraits (0ms)
			SetupTypeCache (318ms)
			ReleaseScriptCaches (1ms)
			RebuildScriptCaches (70ms)
			SetupLoadedEditorAssemblies (709ms)
				LogAssemblyErrors (0ms)
				InitializePlatformSupportModulesInManaged (4ms)
				SetLoadedEditorAssemblies (0ms)
				RefreshPlugins (126ms)
				BeforeProcessingInitializeOnLoad (121ms)
				ProcessInitializeOnLoadAttributes (368ms)
				ProcessInitializeOnLoadMethodAttributes (89ms)
				AfterProcessingInitializeOnLoad (2ms)
				EditorAssembliesLoaded (0ms)
			ExecutionOrderSort2 (0ms)
			AwakeInstancesAfterBackupRestoration (8ms)
Platform modules already initialized, skipping
========================================================================
Worker process is ready to serve import requests
Launched and connected shader compiler UnityShaderCompiler.exe after 0.05 seconds
Refreshing native plugins compatible for Editor in 1.22 ms, found 9 plugins.
Preloading 0 native plugins for Editor in 0.00 ms.
Unloading 5906 Unused Serialized files (Serialized files now loaded: 0)
Unloading 60 unused Assets / (0.7 MB). Loaded Objects now: 6344.
Memory consumption went from 230.4 MB to 229.7 MB.
Total: 5.011400 ms (FindLiveObjects: 0.551100 ms CreateObjectMapping: 0.583600 ms MarkObjects: 3.561100 ms  DeleteObjects: 0.314100 ms)

AssetImportParameters requested are different than current active one (requested -> active):
  custom:video-decoder-ogg-theora: a1e56fd34408186e4bbccfd4996cb3dc -> 
  custom:container-muxer-webm: aa71ff27fc2769a1b78a27578f13a17b -> 
  custom:container-demuxer-webm: 4f35f7cbe854078d1ac9338744f61a02 -> 
  custom:video-encoder-webm-vp8: eb34c28f22e8b96e1ab97ce403110664 -> 
  custom:audio-encoder-webm-vorbis: bf7c407c2cedff20999df2af8eb42d56 -> 
  custom:framework-win-MediaFoundation: 216162199b28c13a410421893ffa2e32 -> 
  custom:container-demuxer-ogg: 62fdf1f143b41e24485cea50d1cbac27 -> 
  custom:video-decoder-webm-vp8: 9c59270c3fd7afecdb556c50c9e8de78 -> 
  custom:audio-decoder-ogg-vorbis: bf7c407c2cedff20999df2af8eb42d56 -> 
========================================================================
Received Import Request.
  Time since last request: 16981.347752 seconds.
  path: Assets/DragonStatue/Materials
  artifactKey: Guid(4e8e5aded66a71b4ab436a4c866c7b72) Importer(815301076,1909f56bfc062723c751e8b465ee728b)
Start importing Assets/DragonStatue/Materials using Guid(4e8e5aded66a71b4ab436a4c866c7b72) Importer(815301076,1909f56bfc062723c751e8b465ee728b)  -> (artifact id: 'af37b009d4aeb3d0dcd27fdd36e69772') in 0.019738 seconds 
========================================================================
Received Import Request.
  Time since last request: 0.000025 seconds.
  path: Assets/DragonStatue/Materials/DragonStatue 1.mat
  artifactKey: Guid(a42ea489afa70aa40beea6e868b68296) Importer(815301076,1909f56bfc062723c751e8b465ee728b)
Start importing Assets/DragonStatue/Materials/DragonStatue 1.mat using Guid(a42ea489afa70aa40beea6e868b68296) Importer(815301076,1909f56bfc062723c751e8b465ee728b)  -> (artifact id: '8df181fd6dacf2fba12ce99f87f4ae64') in 0.282185 seconds 
========================================================================
Received Prepare
Registering precompiled user dll's ...
Registered in 0.007192 seconds.
Begin MonoManager ReloadAssembly
Symbol file LoadedFromMemory doesn't match image K:\GitHub Repositories\uow-ar-vr-class\ARVR_Assignment2\Library\PackageCache\com.unity.visualscripting@1.7.8\Editor\VisualScripting.Core\Dependencies\DotNetZip\Unity.VisualScripting.IonicZip.dll
Symbol file LoadedFromMemory doesn't match image K:\GitHub Repositories\uow-ar-vr-class\ARVR_Assignment2\Library\PackageCache\com.unity.visualscripting@1.7.8\Editor\VisualScripting.Core\Dependencies\YamlDotNet\Unity.VisualScripting.YamlDotNet.dll
Native extension for UWP target not found
Native extension for WindowsStandalone target not found
Refreshing native plugins compatible for Editor in 1.19 ms, found 9 plugins.
Preloading 0 native plugins for Editor in 0.00 ms.
Mono: successfully reloaded assembly
- Completed reload, in  1.469 seconds
Domain Reload Profiling:
	ReloadAssembly (1470ms)
		BeginReloadAssembly (149ms)
			ExecutionOrderSort (0ms)
			DisableScriptedObjects (8ms)
			BackupInstance (0ms)
			ReleaseScriptingObjects (0ms)
			CreateAndSetChildDomain (50ms)
		EndReloadAssembly (1212ms)
			LoadAssemblies (96ms)
			RebuildTransferFunctionScriptingTraits (0ms)
			SetupTypeCache (345ms)
			ReleaseScriptCaches (2ms)
			RebuildScriptCaches (58ms)
			SetupLoadedEditorAssemblies (614ms)
				LogAssemblyErrors (0ms)
				InitializePlatformSupportModulesInManaged (13ms)
				SetLoadedEditorAssemblies (1ms)
				RefreshPlugins (1ms)
				BeforeProcessingInitializeOnLoad (89ms)
				ProcessInitializeOnLoadAttributes (392ms)
				ProcessInitializeOnLoadMethodAttributes (115ms)
				AfterProcessingInitializeOnLoad (3ms)
				EditorAssembliesLoaded (0ms)
			ExecutionOrderSort2 (0ms)
			AwakeInstancesAfterBackupRestoration (19ms)
Platform modules already initialized, skipping
Refreshing native plugins compatible for Editor in 9.46 ms, found 9 plugins.
Preloading 0 native plugins for Editor in 0.00 ms.
Unloading 5771 Unused Serialized files (Serialized files now loaded: 0)
Unloading 50 unused Assets / (0.7 MB). Loaded Objects now: 6434.
Memory consumption went from 245.8 MB to 245.1 MB.
Total: 5.790200 ms (FindLiveObjects: 0.698500 ms CreateObjectMapping: 0.611000 ms MarkObjects: 4.039300 ms  DeleteObjects: 0.440000 ms)

AssetImportParameters requested are different than current active one (requested -> active):
  custom:video-decoder-ogg-theora: a1e56fd34408186e4bbccfd4996cb3dc -> 
  custom:container-muxer-webm: aa71ff27fc2769a1b78a27578f13a17b -> 
  custom:container-demuxer-webm: 4f35f7cbe854078d1ac9338744f61a02 -> 
  custom:video-encoder-webm-vp8: eb34c28f22e8b96e1ab97ce403110664 -> 
  custom:audio-encoder-webm-vorbis: bf7c407c2cedff20999df2af8eb42d56 -> 
  custom:framework-win-MediaFoundation: 216162199b28c13a410421893ffa2e32 -> 
  custom:container-demuxer-ogg: 62fdf1f143b41e24485cea50d1cbac27 -> 
  custom:video-decoder-webm-vp8: 9c59270c3fd7afecdb556c50c9e8de78 -> 
  custom:audio-decoder-ogg-vorbis: bf7c407c2cedff20999df2af8eb42d56 -> 
========================================================================
Received Import Request.
  Time since last request: 146.219877 seconds.
  path: Assets/DragonStatue/DragonStatue_LOD0.prefab
  artifactKey: Guid(a393f3badc444114daead46c384552af) Importer(815301076,1909f56bfc062723c751e8b465ee728b)
Start importing Assets/DragonStatue/DragonStatue_LOD0.prefab using Guid(a393f3badc444114daead46c384552af) Importer(815301076,1909f56bfc062723c751e8b465ee728b)  -> (artifact id: '112b69f3c9bb5a5295c989b417f538c6') in 0.275982 seconds 
========================================================================
Received Import Request.
  Time since last request: 0.000041 seconds.
  path: Assets/DragonStatue/DragonStatue_LOD3.FBX
  artifactKey: Guid(f534080609e651f49b287786475267cd) Importer(815301076,1909f56bfc062723c751e8b465ee728b)
Start importing Assets/DragonStatue/DragonStatue_LOD3.FBX using Guid(f534080609e651f49b287786475267cd) Importer(815301076,1909f56bfc062723c751e8b465ee728b)  -> (artifact id: 'fc98f6e461b7df3c9f3244115ae8c0f8') in 0.067077 seconds 
========================================================================
Received Import Request.
  Time since last request: 1.765279 seconds.
  path: Assets/DragonStatue/DragonStatue_LOD0.prefab
  artifactKey: Guid(a393f3badc444114daead46c384552af) Importer(815301076,1909f56bfc062723c751e8b465ee728b)
Start importing Assets/DragonStatue/DragonStatue_LOD0.prefab using Guid(a393f3badc444114daead46c384552af) Importer(815301076,1909f56bfc062723c751e8b465ee728b)  -> (artifact id: '4cd3fc31a30b0a57acadb421fa75e033') in 0.038598 seconds 
========================================================================
Received Import Request.
  Time since last request: 0.000027 seconds.
  path: Assets/DragonStatue/DragonStatue_LOD3.FBX
  artifactKey: Guid(f534080609e651f49b287786475267cd) Importer(815301076,1909f56bfc062723c751e8b465ee728b)
Start importing Assets/DragonStatue/DragonStatue_LOD3.FBX using Guid(f534080609e651f49b287786475267cd) Importer(815301076,1909f56bfc062723c751e8b465ee728b)  -> (artifact id: '27a0593496cad6c582e50dd891a280ba') in 0.021680 seconds 
========================================================================
Received Prepare
Registering precompiled user dll's ...
Registered in 0.007379 seconds.
Begin MonoManager ReloadAssembly
Symbol file LoadedFromMemory doesn't match image K:\GitHub Repositories\uow-ar-vr-class\ARVR_Assignment2\Library\PackageCache\com.unity.visualscripting@1.7.8\Editor\VisualScripting.Core\Dependencies\DotNetZip\Unity.VisualScripting.IonicZip.dll
Symbol file LoadedFromMemory doesn't match image K:\GitHub Repositories\uow-ar-vr-class\ARVR_Assignment2\Library\PackageCache\com.unity.visualscripting@1.7.8\Editor\VisualScripting.Core\Dependencies\YamlDotNet\Unity.VisualScripting.YamlDotNet.dll
Native extension for UWP target not found
Native extension for WindowsStandalone target not found
Refreshing native plugins compatible for Editor in 1.31 ms, found 9 plugins.
Preloading 0 native plugins for Editor in 0.00 ms.
Mono: successfully reloaded assembly
- Completed reload, in  1.672 seconds
Domain Reload Profiling:
	ReloadAssembly (1673ms)
		BeginReloadAssembly (158ms)
			ExecutionOrderSort (0ms)
			DisableScriptedObjects (8ms)
			BackupInstance (0ms)
			ReleaseScriptingObjects (0ms)
			CreateAndSetChildDomain (50ms)
		EndReloadAssembly (1410ms)
			LoadAssemblies (109ms)
			RebuildTransferFunctionScriptingTraits (0ms)
			SetupTypeCache (344ms)
			ReleaseScriptCaches (2ms)
			RebuildScriptCaches (58ms)
			SetupLoadedEditorAssemblies (774ms)
				LogAssemblyErrors (0ms)
				InitializePlatformSupportModulesInManaged (15ms)
				SetLoadedEditorAssemblies (1ms)
				RefreshPlugins (1ms)
				BeforeProcessingInitializeOnLoad (105ms)
				ProcessInitializeOnLoadAttributes (499ms)
				ProcessInitializeOnLoadMethodAttributes (147ms)
				AfterProcessingInitializeOnLoad (5ms)
				EditorAssembliesLoaded (0ms)
			ExecutionOrderSort2 (0ms)
			AwakeInstancesAfterBackupRestoration (31ms)
Platform modules already initialized, skipping
Refreshing native plugins compatible for Editor in 12.28 ms, found 9 plugins.
Preloading 0 native plugins for Editor in 0.00 ms.
Unloading 5771 Unused Serialized files (Serialized files now loaded: 0)
Unloading 50 unused Assets / (0.7 MB). Loaded Objects now: 6481.
Memory consumption went from 246.0 MB to 245.3 MB.
Total: 6.588300 ms (FindLiveObjects: 0.852900 ms CreateObjectMapping: 0.927100 ms MarkObjects: 4.364600 ms  DeleteObjects: 0.442700 ms)

AssetImportParameters requested are different than current active one (requested -> active):
  custom:video-decoder-ogg-theora: a1e56fd34408186e4bbccfd4996cb3dc -> 
  custom:container-muxer-webm: aa71ff27fc2769a1b78a27578f13a17b -> 
  custom:container-demuxer-webm: 4f35f7cbe854078d1ac9338744f61a02 -> 
  custom:video-encoder-webm-vp8: eb34c28f22e8b96e1ab97ce403110664 -> 
  custom:audio-encoder-webm-vorbis: bf7c407c2cedff20999df2af8eb42d56 -> 
  custom:framework-win-MediaFoundation: 216162199b28c13a410421893ffa2e32 -> 
  custom:container-demuxer-ogg: 62fdf1f143b41e24485cea50d1cbac27 -> 
  custom:video-decoder-webm-vp8: 9c59270c3fd7afecdb556c50c9e8de78 -> 
  custom:audio-decoder-ogg-vorbis: bf7c407c2cedff20999df2af8eb42d56 -> 
========================================================================
Received Import Request.
  Time since last request: 60.219242 seconds.
  path: Assets/Free Statue Pack/Materials/Albert_Marble.mat
  artifactKey: Guid(86db91c1425480a4c906f21128f355db) Importer(815301076,1909f56bfc062723c751e8b465ee728b)
Start importing Assets/Free Statue Pack/Materials/Albert_Marble.mat using Guid(86db91c1425480a4c906f21128f355db) Importer(815301076,1909f56bfc062723c751e8b465ee728b)  -> (artifact id: '3bb80fa9de15f74e99a15bf8a89f35b4') in 0.321587 seconds 
========================================================================
Received Import Request.
  Time since last request: 38.399802 seconds.
  path: Assets/Materials/lara.mat
  artifactKey: Guid(d1b3337e30b6c2342a1687de7120c6ec) Importer(815301076,1909f56bfc062723c751e8b465ee728b)
Start importing Assets/Materials/lara.mat using Guid(d1b3337e30b6c2342a1687de7120c6ec) Importer(815301076,1909f56bfc062723c751e8b465ee728b)  -> (artifact id: '56abc7f3c5a88aa1b268d79808ffc5c4') in 0.012042 seconds 
========================================================================
Received Import Request.
  Time since last request: 28.420269 seconds.
  path: Assets/Mugs, Bowls and Plates/sample Scene/Prefabs/bowl03.prefab
  artifactKey: Guid(c8464864c32546c4badbb73df5635f5a) Importer(815301076,1909f56bfc062723c751e8b465ee728b)
Start importing Assets/Mugs, Bowls and Plates/sample Scene/Prefabs/bowl03.prefab using Guid(c8464864c32546c4badbb73df5635f5a) Importer(815301076,1909f56bfc062723c751e8b465ee728b)  -> (artifact id: '2f851fc32e18d83f62799de177d55c7a') in 0.050806 seconds 
========================================================================
Received Import Request.
  Time since last request: 0.000027 seconds.
  path: Assets/Mugs, Bowls and Plates/sample Scene/Prefabs/plate02.prefab
  artifactKey: Guid(f83cef8151cc2764e80d7ba6f97231fd) Importer(815301076,1909f56bfc062723c751e8b465ee728b)
Start importing Assets/Mugs, Bowls and Plates/sample Scene/Prefabs/plate02.prefab using Guid(f83cef8151cc2764e80d7ba6f97231fd) Importer(815301076,1909f56bfc062723c751e8b465ee728b)  -> (artifact id: '921085cc7c06c7a5ed1536576a70ad5a') in 0.047261 seconds 
========================================================================
Received Import Request.
  Time since last request: 0.000023 seconds.
  path: Assets/Mugs, Bowls and Plates/sample Scene/Prefabs/mug01.prefab
  artifactKey: Guid(9b7544fb35993a244bd1bc155bffc119) Importer(815301076,1909f56bfc062723c751e8b465ee728b)
Start importing Assets/Mugs, Bowls and Plates/sample Scene/Prefabs/mug01.prefab using Guid(9b7544fb35993a244bd1bc155bffc119) Importer(815301076,1909f56bfc062723c751e8b465ee728b)  -> (artifact id: 'd127de82af88dc9117a18a748bf7cfea') in 0.013227 seconds 
========================================================================
Received Import Request.
  Time since last request: 4.421907 seconds.
  path: Assets/Mugs, Bowls and Plates/Models/Materials/plate03.mat
  artifactKey: Guid(aef25ea260dab4b4eb3a8d474748355a) Importer(815301076,1909f56bfc062723c751e8b465ee728b)
Start importing Assets/Mugs, Bowls and Plates/Models/Materials/plate03.mat using Guid(aef25ea260dab4b4eb3a8d474748355a) Importer(815301076,1909f56bfc062723c751e8b465ee728b)  -> (artifact id: '08956d1e1d8cdf12af7566a632136861') in 0.040013 seconds 
