Using pre-set license
Built from '2021.3/staging' branch; Version is '2021.3.15f1 (e8e88683f834) revision 15263878'; Using compiler version '192829333'; Build Type 'Release'
OS: 'Windows 10  (10.0.18363) 64bit Professional' Language: 'en' Physical Memory: 32699 MB
BatchMode: 1, IsHumanControllingUs: 0, StartBugReporterOnCrash: 0, Is64bit: 1, IsPro: 1

COMMAND LINE ARGUMENTS:
K:\Unity\Unity Hub\2021.3.15f1\Editor\Unity.exe
-adb2
-batchMode
-noUpm
-name
AssetImportWorker11
-projectPath
K:/GitHub Repositories/uow-ar-vr-class/ARVR_Assignment2
-logFile
Logs/AssetImportWorker11.log
-srvPort
63309
Successfully changed project path to: K:/GitHub Repositories/uow-ar-vr-class/ARVR_Assignment2
K:/GitHub Repositories/uow-ar-vr-class/ARVR_Assignment2
[UnityMemory] Configuration Parameters - Can be set up in boot.config
    "memorysetup-bucket-allocator-granularity=16"
    "memorysetup-bucket-allocator-bucket-count=8"
    "memorysetup-bucket-allocator-block-size=33554432"
    "memorysetup-bucket-allocator-block-count=8"
    "memorysetup-main-allocator-block-size=16777216"
    "memorysetup-thread-allocator-block-size=16777216"
    "memorysetup-gfx-main-allocator-block-size=16777216"
    "memorysetup-gfx-thread-allocator-block-size=16777216"
    "memorysetup-cache-allocator-block-size=4194304"
    "memorysetup-typetree-allocator-block-size=2097152"
    "memorysetup-profiler-bucket-allocator-granularity=16"
    "memorysetup-profiler-bucket-allocator-bucket-count=8"
    "memorysetup-profiler-bucket-allocator-block-size=33554432"
    "memorysetup-profiler-bucket-allocator-block-count=8"
    "memorysetup-profiler-allocator-block-size=16777216"
    "memorysetup-profiler-editor-allocator-block-size=1048576"
    "memorysetup-temp-allocator-size-main=16777216"
    "memorysetup-job-temp-allocator-block-size=2097152"
    "memorysetup-job-temp-allocator-block-size-background=1048576"
    "memorysetup-job-temp-allocator-reduction-small-platforms=262144"
    "memorysetup-temp-allocator-size-background-worker=32768"
    "memorysetup-temp-allocator-size-job-worker=262144"
    "memorysetup-temp-allocator-size-preload-manager=33554432"
    "memorysetup-temp-allocator-size-nav-mesh-worker=65536"
    "memorysetup-temp-allocator-size-audio-worker=65536"
    "memorysetup-temp-allocator-size-cloud-worker=32768"
    "memorysetup-temp-allocator-size-gi-baking-worker=262144"
    "memorysetup-temp-allocator-size-gfx=262144"
Player connection [40320] Host "[IP] 192.168.56.1 [Port] 0 [Flags] 2 [Guid] 1418900064 [EditorId] 1418900064 [Version] 1048832 [Id] WindowsEditor(7,DESKTOP-6QALVEK) [Debug] 1 [PackageName] WindowsEditor [ProjectName] Editor" joined multi-casting on [225.0.0.222:54997]...

Player connection [40320] Host "[IP] 192.168.56.1 [Port] 0 [Flags] 2 [Guid] 1418900064 [EditorId] 1418900064 [Version] 1048832 [Id] WindowsEditor(7,DESKTOP-6QALVEK) [Debug] 1 [PackageName] WindowsEditor [ProjectName] Editor" joined alternative multi-casting on [225.0.0.222:34997]...

Refreshing native plugins compatible for Editor in 247.03 ms, found 9 plugins.
Preloading 0 native plugins for Editor in 0.00 ms.
Initialize engine version: 2021.3.15f1 (e8e88683f834)
[Subsystems] Discovering subsystems at path K:/Unity/Unity Hub/2021.3.15f1/Editor/Data/Resources/UnitySubsystems
[Subsystems] Discovering subsystems at path K:/GitHub Repositories/uow-ar-vr-class/ARVR_Assignment2/Assets
GfxDevice: creating device client; threaded=0; jobified=0
Direct3D:
    Version:  Direct3D 11.0 [level 11.1]
    Renderer: NVIDIA GeForce RTX 2070 (ID=0x1f02)
    Vendor:   NVIDIA
    VRAM:     8019 MB
    Driver:   31.0.15.3141
Initialize mono
Mono path[0] = 'K:/Unity/Unity Hub/2021.3.15f1/Editor/Data/Managed'
Mono path[1] = 'K:/Unity/Unity Hub/2021.3.15f1/Editor/Data/MonoBleedingEdge/lib/mono/unityjit-win32'
Mono config path = 'K:/Unity/Unity Hub/2021.3.15f1/Editor/Data/MonoBleedingEdge/etc'
Using monoOptions --debugger-agent=transport=dt_socket,embedding=1,server=y,suspend=n,address=127.0.0.1:56412
Begin MonoManager ReloadAssembly
Registering precompiled unity dll's ...
Register platform support module: K:/Unity/Unity Hub/2021.3.15f1/Editor/Data/PlaybackEngines/WindowsStandaloneSupport/UnityEditor.WindowsStandalone.Extensions.dll
Register platform support module: K:/Unity/Unity Hub/2021.3.15f1/Editor/Data/PlaybackEngines/MetroSupport/UnityEditor.UWP.Extensions.dll
Registered in 0.002840 seconds.
Native extension for UWP target not found
Native extension for WindowsStandalone target not found
Refreshing native plugins compatible for Editor in 187.20 ms, found 9 plugins.
Preloading 0 native plugins for Editor in 0.00 ms.
Mono: successfully reloaded assembly
- Completed reload, in  0.894 seconds
Domain Reload Profiling:
	ReloadAssembly (895ms)
		BeginReloadAssembly (88ms)
			ExecutionOrderSort (0ms)
			DisableScriptedObjects (0ms)
			BackupInstance (0ms)
			ReleaseScriptingObjects (0ms)
			CreateAndSetChildDomain (1ms)
		EndReloadAssembly (680ms)
			LoadAssemblies (88ms)
			RebuildTransferFunctionScriptingTraits (0ms)
			SetupTypeCache (140ms)
			ReleaseScriptCaches (0ms)
			RebuildScriptCaches (34ms)
			SetupLoadedEditorAssemblies (446ms)
				LogAssemblyErrors (0ms)
				InitializePlatformSupportModulesInManaged (9ms)
				SetLoadedEditorAssemblies (0ms)
				RefreshPlugins (187ms)
				BeforeProcessingInitializeOnLoad (2ms)
				ProcessInitializeOnLoadAttributes (181ms)
				ProcessInitializeOnLoadMethodAttributes (67ms)
				AfterProcessingInitializeOnLoad (0ms)
				EditorAssembliesLoaded (0ms)
			ExecutionOrderSort2 (0ms)
			AwakeInstancesAfterBackupRestoration (0ms)
Platform modules already initialized, skipping
Registering precompiled user dll's ...
Registered in 0.009232 seconds.
Begin MonoManager ReloadAssembly
Symbol file LoadedFromMemory doesn't match image K:\GitHub Repositories\uow-ar-vr-class\ARVR_Assignment2\Library\PackageCache\com.unity.visualscripting@1.7.8\Editor\VisualScripting.Core\Dependencies\DotNetZip\Unity.VisualScripting.IonicZip.dll
Symbol file LoadedFromMemory doesn't match image K:\GitHub Repositories\uow-ar-vr-class\ARVR_Assignment2\Library\PackageCache\com.unity.visualscripting@1.7.8\Editor\VisualScripting.Core\Dependencies\YamlDotNet\Unity.VisualScripting.YamlDotNet.dll
Native extension for UWP target not found
Native extension for WindowsStandalone target not found
Refreshing native plugins compatible for Editor in 153.25 ms, found 9 plugins.
Preloading 0 native plugins for Editor in 0.00 ms.
Package Manager log level set to [2]
Mono: successfully reloaded assembly
- Completed reload, in  1.925 seconds
Domain Reload Profiling:
	ReloadAssembly (1926ms)
		BeginReloadAssembly (131ms)
			ExecutionOrderSort (0ms)
			DisableScriptedObjects (8ms)
			BackupInstance (0ms)
			ReleaseScriptingObjects (0ms)
			CreateAndSetChildDomain (24ms)
		EndReloadAssembly (1636ms)
			LoadAssemblies (106ms)
			RebuildTransferFunctionScriptingTraits (0ms)
			SetupTypeCache (393ms)
			ReleaseScriptCaches (1ms)
			RebuildScriptCaches (91ms)
			SetupLoadedEditorAssemblies (981ms)
				LogAssemblyErrors (0ms)
				InitializePlatformSupportModulesInManaged (5ms)
				SetLoadedEditorAssemblies (0ms)
				RefreshPlugins (153ms)
				BeforeProcessingInitializeOnLoad (161ms)
				ProcessInitializeOnLoadAttributes (536ms)
				ProcessInitializeOnLoadMethodAttributes (122ms)
				AfterProcessingInitializeOnLoad (3ms)
				EditorAssembliesLoaded (0ms)
			ExecutionOrderSort2 (0ms)
			AwakeInstancesAfterBackupRestoration (10ms)
Platform modules already initialized, skipping
========================================================================
Worker process is ready to serve import requests
Launched and connected shader compiler UnityShaderCompiler.exe after 0.10 seconds
Refreshing native plugins compatible for Editor in 1.42 ms, found 9 plugins.
Preloading 0 native plugins for Editor in 0.00 ms.
Unloading 5906 Unused Serialized files (Serialized files now loaded: 0)
Unloading 60 unused Assets / (0.7 MB). Loaded Objects now: 6343.
Memory consumption went from 230.3 MB to 229.6 MB.
Total: 5.142500 ms (FindLiveObjects: 0.581200 ms CreateObjectMapping: 0.864600 ms MarkObjects: 3.343800 ms  DeleteObjects: 0.351800 ms)

AssetImportParameters requested are different than current active one (requested -> active):
  custom:video-decoder-ogg-theora: a1e56fd34408186e4bbccfd4996cb3dc -> 
  custom:container-muxer-webm: aa71ff27fc2769a1b78a27578f13a17b -> 
  custom:container-demuxer-webm: 4f35f7cbe854078d1ac9338744f61a02 -> 
  custom:video-encoder-webm-vp8: eb34c28f22e8b96e1ab97ce403110664 -> 
  custom:audio-encoder-webm-vorbis: bf7c407c2cedff20999df2af8eb42d56 -> 
  custom:framework-win-MediaFoundation: 216162199b28c13a410421893ffa2e32 -> 
  custom:container-demuxer-ogg: 62fdf1f143b41e24485cea50d1cbac27 -> 
  custom:video-decoder-webm-vp8: 9c59270c3fd7afecdb556c50c9e8de78 -> 
  custom:audio-decoder-ogg-vorbis: bf7c407c2cedff20999df2af8eb42d56 -> 
========================================================================
Received Import Request.
  Time since last request: 14574.314844 seconds.
  path: Assets/Free Orchestral Music Pack/Aspiration Woods (Area Theme).wav
  artifactKey: Guid(5b59cce20f4d42a48b3069957f936fe4) Importer(815301076,1909f56bfc062723c751e8b465ee728b)
Start importing Assets/Free Orchestral Music Pack/Aspiration Woods (Area Theme).wav using Guid(5b59cce20f4d42a48b3069957f936fe4) Importer(815301076,1909f56bfc062723c751e8b465ee728b)  -> (artifact id: 'ef784173db455800c5f2e59401547818') in 0.254162 seconds 
========================================================================
Received Import Request.
  Time since last request: 0.000088 seconds.
  path: Assets/_Course Library/Audio/FX/SFX_Bird_3.ogg
  artifactKey: Guid(28e0735174c1c4ed683675c57b4d07a2) Importer(815301076,1909f56bfc062723c751e8b465ee728b)
Start importing Assets/_Course Library/Audio/FX/SFX_Bird_3.ogg using Guid(28e0735174c1c4ed683675c57b4d07a2) Importer(815301076,1909f56bfc062723c751e8b465ee728b)  -> (artifact id: '9c0b909954700c573427501d13fc2a63') in 0.031931 seconds 
========================================================================
Received Import Request.
  Time since last request: 0.000043 seconds.
  path: Assets/Free Orchestral Music Pack/Lost Kingdom (Piano Menu).wav
  artifactKey: Guid(d9e280ca0b9d3ad4f83da6d4defd2c91) Importer(815301076,1909f56bfc062723c751e8b465ee728b)
Start importing Assets/Free Orchestral Music Pack/Lost Kingdom (Piano Menu).wav using Guid(d9e280ca0b9d3ad4f83da6d4defd2c91) Importer(815301076,1909f56bfc062723c751e8b465ee728b)  -> (artifact id: '10a056416e5abe9223e22425dfdeaef6') in 0.010278 seconds 
========================================================================
Received Import Request.
  Time since last request: 0.000030 seconds.
  path: Assets/_Course Library/Audio/Music/Music_Classical_Beethoven_Moonlight-Sonata.ogg
  artifactKey: Guid(17e53586d00594414b8cb9c4bf7cfd7e) Importer(815301076,1909f56bfc062723c751e8b465ee728b)
Start importing Assets/_Course Library/Audio/Music/Music_Classical_Beethoven_Moonlight-Sonata.ogg using Guid(17e53586d00594414b8cb9c4bf7cfd7e) Importer(815301076,1909f56bfc062723c751e8b465ee728b)  -> (artifact id: '8947cd423faa2105236172e4d25d1637') in 0.078265 seconds 
========================================================================
Received Import Request.
  Time since last request: 0.000029 seconds.
  path: Assets/_Course Library/Audio/FX/SFX_UI_Button_2.ogg
  artifactKey: Guid(02e01164404134d2c9265aa08b65ba96) Importer(815301076,1909f56bfc062723c751e8b465ee728b)
Start importing Assets/_Course Library/Audio/FX/SFX_UI_Button_2.ogg using Guid(02e01164404134d2c9265aa08b65ba96) Importer(815301076,1909f56bfc062723c751e8b465ee728b)  -> (artifact id: 'd12459c5743f7ffc8c1dcdf3b9f0c8fa') in 0.022942 seconds 
========================================================================
Received Import Request.
  Time since last request: 0.000059 seconds.
  path: Assets/_Course Library/Audio/FX/SFX_Machine_Shoot_1.ogg
  artifactKey: Guid(be8221a34ec964baca77aa1158dd9a81) Importer(815301076,1909f56bfc062723c751e8b465ee728b)
Start importing Assets/_Course Library/Audio/FX/SFX_Machine_Shoot_1.ogg using Guid(be8221a34ec964baca77aa1158dd9a81) Importer(815301076,1909f56bfc062723c751e8b465ee728b)  -> (artifact id: 'a8b7397ab2ccc9d4fb1ada7e63a8b38d') in 0.028875 seconds 
========================================================================
Received Import Request.
  Time since last request: 0.000029 seconds.
  path: Assets/_Course Library/Audio/FX/SFX_Liquid_Splash.ogg
  artifactKey: Guid(7bb57394759014e20b218cf8f8040440) Importer(815301076,1909f56bfc062723c751e8b465ee728b)
Start importing Assets/_Course Library/Audio/FX/SFX_Liquid_Splash.ogg using Guid(7bb57394759014e20b218cf8f8040440) Importer(815301076,1909f56bfc062723c751e8b465ee728b)  -> (artifact id: 'f6a6e8245239953bae3acb4040d73096') in 0.034844 seconds 
========================================================================
Received Import Request.
  Time since last request: 0.000027 seconds.
  path: Assets/_Course Library/Audio/FX/SFX_Impact_Metal.ogg
  artifactKey: Guid(fdb8a3585af1e45918bc4babd167b4eb) Importer(815301076,1909f56bfc062723c751e8b465ee728b)
Start importing Assets/_Course Library/Audio/FX/SFX_Impact_Metal.ogg using Guid(fdb8a3585af1e45918bc4babd167b4eb) Importer(815301076,1909f56bfc062723c751e8b465ee728b)  -> (artifact id: 'fd2ba628e90bb6cda48d8494801c1289') in 0.027199 seconds 
========================================================================
Received Import Request.
  Time since last request: 0.000034 seconds.
  path: Assets/_Course Library/Audio/FX/SFX_Impact_Heavy.ogg
  artifactKey: Guid(47d525776691f4a039da24d17caa644c) Importer(815301076,1909f56bfc062723c751e8b465ee728b)
Start importing Assets/_Course Library/Audio/FX/SFX_Impact_Heavy.ogg using Guid(47d525776691f4a039da24d17caa644c) Importer(815301076,1909f56bfc062723c751e8b465ee728b)  -> (artifact id: '906af5d9d2eb4dd3554ef5c3b45b64b8') in 0.016127 seconds 
========================================================================
Received Import Request.
  Time since last request: 0.000024 seconds.
  path: Assets/_Course Library/Audio/FX/SFX_Loop_Wind.ogg
  artifactKey: Guid(ac26011162cb54a1e8e5281a89bd5282) Importer(815301076,1909f56bfc062723c751e8b465ee728b)
Start importing Assets/_Course Library/Audio/FX/SFX_Loop_Wind.ogg using Guid(ac26011162cb54a1e8e5281a89bd5282) Importer(815301076,1909f56bfc062723c751e8b465ee728b)  -> (artifact id: 'be75e90fea2ea990ff93d3b50d5c38a2') in 0.021919 seconds 
========================================================================
Received Import Request.
  Time since last request: 0.000028 seconds.
  path: Assets/_Course Library/Audio/FX/SFX_UI_Click_5.ogg
  artifactKey: Guid(f0dff4da8e4204fe9b98afb911292ef2) Importer(815301076,1909f56bfc062723c751e8b465ee728b)
Start importing Assets/_Course Library/Audio/FX/SFX_UI_Click_5.ogg using Guid(f0dff4da8e4204fe9b98afb911292ef2) Importer(815301076,1909f56bfc062723c751e8b465ee728b)  -> (artifact id: 'ea59da1e0bb4ee10ac62a9a7b3c81d82') in 0.020330 seconds 
========================================================================
Received Import Request.
  Time since last request: 0.000027 seconds.
  path: Assets/_Course Library/Audio/FX/SFX_Machine_Powerup.ogg
  artifactKey: Guid(4f5cb06e8f78048c7aeff58324ede3b2) Importer(815301076,1909f56bfc062723c751e8b465ee728b)
Start importing Assets/_Course Library/Audio/FX/SFX_Machine_Powerup.ogg using Guid(4f5cb06e8f78048c7aeff58324ede3b2) Importer(815301076,1909f56bfc062723c751e8b465ee728b)  -> (artifact id: '9f8af67207329456734a7050b86131f2') in 0.021831 seconds 
========================================================================
Received Import Request.
  Time since last request: 0.000027 seconds.
  path: Assets/_Course Library/Audio/FX/SFX_Loop_Machine.ogg
  artifactKey: Guid(f3d02eed8de884b8f8e2df103802faf5) Importer(815301076,1909f56bfc062723c751e8b465ee728b)
Start importing Assets/_Course Library/Audio/FX/SFX_Loop_Machine.ogg using Guid(f3d02eed8de884b8f8e2df103802faf5) Importer(815301076,1909f56bfc062723c751e8b465ee728b)  -> (artifact id: '7b5723138f6473c6391cec535fb4dbf8') in 0.014774 seconds 
========================================================================
Received Import Request.
  Time since last request: 0.000043 seconds.
  path: Assets/_Course Library/Audio/FX/SFX_UI_Button_1.ogg
  artifactKey: Guid(3c7b3ef689cc94af0bd824489050effd) Importer(815301076,1909f56bfc062723c751e8b465ee728b)
Start importing Assets/_Course Library/Audio/FX/SFX_UI_Button_1.ogg using Guid(3c7b3ef689cc94af0bd824489050effd) Importer(815301076,1909f56bfc062723c751e8b465ee728b)  -> (artifact id: '86d2a117a3dd035e0e1c67a4416f6a54') in 0.025858 seconds 
========================================================================
Received Import Request.
  Time since last request: 0.000030 seconds.
  path: Assets/_Course Library/Audio/FX/SFX_Machine_Shoot_3.ogg
  artifactKey: Guid(b8ba7dd0f8e2f45fdb360cb8df91de01) Importer(815301076,1909f56bfc062723c751e8b465ee728b)
Start importing Assets/_Course Library/Audio/FX/SFX_Machine_Shoot_3.ogg using Guid(b8ba7dd0f8e2f45fdb360cb8df91de01) Importer(815301076,1909f56bfc062723c751e8b465ee728b)  -> (artifact id: '1fb2142fbd26c26bbdb7e19a4562214a') in 0.020258 seconds 
========================================================================
Received Import Request.
  Time since last request: 0.000042 seconds.
  path: Assets/_Course Library/Audio/FX/SFX_UI_Quick_2.ogg
  artifactKey: Guid(eb6747799fac14af58d8c4fc5410fc1e) Importer(815301076,1909f56bfc062723c751e8b465ee728b)
Start importing Assets/_Course Library/Audio/FX/SFX_UI_Quick_2.ogg using Guid(eb6747799fac14af58d8c4fc5410fc1e) Importer(815301076,1909f56bfc062723c751e8b465ee728b)  -> (artifact id: '594dc178d538506e1e885a44249ce88c') in 0.016334 seconds 
========================================================================
Received Import Request.
  Time since last request: 0.000024 seconds.
  path: Assets/_Course Library/Audio/FX/SFX_UI_Game_Negative.ogg
  artifactKey: Guid(a6d54794b4ce94de1b7b1587af379192) Importer(815301076,1909f56bfc062723c751e8b465ee728b)
Start importing Assets/_Course Library/Audio/FX/SFX_UI_Game_Negative.ogg using Guid(a6d54794b4ce94de1b7b1587af379192) Importer(815301076,1909f56bfc062723c751e8b465ee728b)  -> (artifact id: '00e738c2d791fe7e1e4b965a68f3a6f4') in 0.029239 seconds 
========================================================================
Received Import Request.
  Time since last request: 0.000024 seconds.
  path: Assets/_Course Library/Audio/FX/SFX_Loop_Steam.ogg
  artifactKey: Guid(12466592d2edd47879e8a1276cb68d53) Importer(815301076,1909f56bfc062723c751e8b465ee728b)
Start importing Assets/_Course Library/Audio/FX/SFX_Loop_Steam.ogg using Guid(12466592d2edd47879e8a1276cb68d53) Importer(815301076,1909f56bfc062723c751e8b465ee728b)  -> (artifact id: '8112e3a7cd4970bf28c359abd4b41537') in 0.029774 seconds 
========================================================================
Received Import Request.
  Time since last request: 0.000028 seconds.
  path: Assets/_Course Library/Audio/FX/SFX_Game_Success.ogg
  artifactKey: Guid(ffa67130b8bb74c7f8bc2b3ce9149daf) Importer(815301076,1909f56bfc062723c751e8b465ee728b)
Start importing Assets/_Course Library/Audio/FX/SFX_Game_Success.ogg using Guid(ffa67130b8bb74c7f8bc2b3ce9149daf) Importer(815301076,1909f56bfc062723c751e8b465ee728b)  -> (artifact id: '493620198badb85ff806d0315bef7441') in 0.024719 seconds 
========================================================================
Received Import Request.
  Time since last request: 0.000035 seconds.
  path: Assets/_Course Library/Audio/Music/Music_Classical_Chopin_Nocturne-no-2.ogg
  artifactKey: Guid(9b225ef4f19cf441f8d7df84ea0f21ad) Importer(815301076,1909f56bfc062723c751e8b465ee728b)
Start importing Assets/_Course Library/Audio/Music/Music_Classical_Chopin_Nocturne-no-2.ogg using Guid(9b225ef4f19cf441f8d7df84ea0f21ad) Importer(815301076,1909f56bfc062723c751e8b465ee728b)  -> (artifact id: '644d0b2c182ddd846ffe1999dc1c94e3') in 0.019873 seconds 
========================================================================
Received Import Request.
  Time since last request: 0.000031 seconds.
  path: Assets/_Course Library/Audio/Music/Music_Classical_Bach_Goldberg-Variations.ogg
  artifactKey: Guid(fe112c6648072400daed693075b62682) Importer(815301076,1909f56bfc062723c751e8b465ee728b)
Start importing Assets/_Course Library/Audio/Music/Music_Classical_Bach_Goldberg-Variations.ogg using Guid(fe112c6648072400daed693075b62682) Importer(815301076,1909f56bfc062723c751e8b465ee728b)  -> (artifact id: '46a7a26afc9e813298f4f5efbca168f5') in 0.021668 seconds 
========================================================================
Received Import Request.
  Time since last request: 0.000028 seconds.
  path: Assets/_Course Library/Audio/FX/SFX_Cork_Pop.ogg
  artifactKey: Guid(73fe6f8dbb7a64c96a1d52f467088b5d) Importer(815301076,1909f56bfc062723c751e8b465ee728b)
Start importing Assets/_Course Library/Audio/FX/SFX_Cork_Pop.ogg using Guid(73fe6f8dbb7a64c96a1d52f467088b5d) Importer(815301076,1909f56bfc062723c751e8b465ee728b)  -> (artifact id: '70758fe96b31a59444a1138858685ba9') in 0.018352 seconds 
========================================================================
Received Import Request.
  Time since last request: 0.000042 seconds.
  path: Assets/_Course Library/Audio/FX/SFX_UI_Quick_1.ogg
  artifactKey: Guid(cbca6f23424bd42c9a2cae00f5b644ea) Importer(815301076,1909f56bfc062723c751e8b465ee728b)
Start importing Assets/_Course Library/Audio/FX/SFX_UI_Quick_1.ogg using Guid(cbca6f23424bd42c9a2cae00f5b644ea) Importer(815301076,1909f56bfc062723c751e8b465ee728b)  -> (artifact id: '3d37a177e35a78f9732759889bd7f124') in 0.068602 seconds 
========================================================================
Received Import Request.
  Time since last request: 0.000027 seconds.
  path: Assets/_Course Library/Audio/FX/SFX_Impact_Ball.ogg
  artifactKey: Guid(4469071d9ffe04738b4c4992bda32cf2) Importer(815301076,1909f56bfc062723c751e8b465ee728b)
Start importing Assets/_Course Library/Audio/FX/SFX_Impact_Ball.ogg using Guid(4469071d9ffe04738b4c4992bda32cf2) Importer(815301076,1909f56bfc062723c751e8b465ee728b)  -> (artifact id: 'b1dc4849b1da09fef1478c9af94949f4') in 0.024287 seconds 
========================================================================
Received Prepare
Registering precompiled user dll's ...
Registered in 0.014312 seconds.
Begin MonoManager ReloadAssembly
Symbol file LoadedFromMemory doesn't match image K:\GitHub Repositories\uow-ar-vr-class\ARVR_Assignment2\Library\PackageCache\com.unity.visualscripting@1.7.8\Editor\VisualScripting.Core\Dependencies\DotNetZip\Unity.VisualScripting.IonicZip.dll
Symbol file LoadedFromMemory doesn't match image K:\GitHub Repositories\uow-ar-vr-class\ARVR_Assignment2\Library\PackageCache\com.unity.visualscripting@1.7.8\Editor\VisualScripting.Core\Dependencies\YamlDotNet\Unity.VisualScripting.YamlDotNet.dll
Native extension for UWP target not found
Native extension for WindowsStandalone target not found
Refreshing native plugins compatible for Editor in 1.98 ms, found 9 plugins.
Preloading 0 native plugins for Editor in 0.00 ms.
Mono: successfully reloaded assembly
- Completed reload, in  2.601 seconds
Domain Reload Profiling:
	ReloadAssembly (2602ms)
		BeginReloadAssembly (237ms)
			ExecutionOrderSort (0ms)
			DisableScriptedObjects (18ms)
			BackupInstance (0ms)
			ReleaseScriptingObjects (0ms)
			CreateAndSetChildDomain (74ms)
		EndReloadAssembly (2208ms)
			LoadAssemblies (144ms)
			RebuildTransferFunctionScriptingTraits (0ms)
			SetupTypeCache (502ms)
			ReleaseScriptCaches (3ms)
			RebuildScriptCaches (107ms)
			SetupLoadedEditorAssemblies (1262ms)
				LogAssemblyErrors (0ms)
				InitializePlatformSupportModulesInManaged (26ms)
				SetLoadedEditorAssemblies (1ms)
				RefreshPlugins (2ms)
				BeforeProcessingInitializeOnLoad (182ms)
				ProcessInitializeOnLoadAttributes (797ms)
				ProcessInitializeOnLoadMethodAttributes (247ms)
				AfterProcessingInitializeOnLoad (6ms)
				EditorAssembliesLoaded (1ms)
			ExecutionOrderSort2 (0ms)
			AwakeInstancesAfterBackupRestoration (21ms)
Platform modules already initialized, skipping
Refreshing native plugins compatible for Editor in 23.04 ms, found 9 plugins.
Preloading 0 native plugins for Editor in 0.00 ms.
Unloading 5764 Unused Serialized files (Serialized files now loaded: 0)
Unloading 50 unused Assets / (0.7 MB). Loaded Objects now: 6357.
Memory consumption went from 242.5 MB to 241.8 MB.
Total: 20.284400 ms (FindLiveObjects: 0.931200 ms CreateObjectMapping: 0.899500 ms MarkObjects: 18.041400 ms  DeleteObjects: 0.410300 ms)

AssetImportParameters requested are different than current active one (requested -> active):
  custom:video-decoder-ogg-theora: a1e56fd34408186e4bbccfd4996cb3dc -> 
  custom:container-muxer-webm: aa71ff27fc2769a1b78a27578f13a17b -> 
  custom:container-demuxer-webm: 4f35f7cbe854078d1ac9338744f61a02 -> 
  custom:video-encoder-webm-vp8: eb34c28f22e8b96e1ab97ce403110664 -> 
  custom:audio-encoder-webm-vorbis: bf7c407c2cedff20999df2af8eb42d56 -> 
  custom:framework-win-MediaFoundation: 216162199b28c13a410421893ffa2e32 -> 
  custom:container-demuxer-ogg: 62fdf1f143b41e24485cea50d1cbac27 -> 
  custom:video-decoder-webm-vp8: 9c59270c3fd7afecdb556c50c9e8de78 -> 
  custom:audio-decoder-ogg-vorbis: bf7c407c2cedff20999df2af8eb42d56 -> 
